2025-05-14 13:13:14.200 UTC [1] LOG:  starting PostgreSQL 16.8 (Debian 16.8-1.pgdg120+1) on x86_64-pc-linux-gnu, compiled by gcc (Debian 12.2.0-14) 12.2.0, 64-bit
2025-05-14 13:13:14.200 UTC [1] LOG:  listening on IPv4 address "0.0.0.0", port 5432
2025-05-14 13:13:14.200 UTC [1] LOG:  listening on IPv6 address "::", port 5432
2025-05-14 13:13:14.207 UTC [1] LOG:  listening on Unix socket "/var/run/postgresql/.s.PGSQL.5432"
2025-05-14 13:13:14.214 UTC [30] LOG:  database system was interrupted; last known up at 2025-05-14 13:04:12 UTC
2025-05-14 13:13:14.562 UTC [30] LOG:  database system was not properly shut down; automatic recovery in progress
2025-05-14 13:13:14.567 UTC [30] LOG:  redo starts at 0/1A7C8E8
2025-05-14 13:13:14.567 UTC [30] LOG:  invalid record length at 0/1A7C920: expected at least 24, got 0
2025-05-14 13:13:14.567 UTC [30] LOG:  redo done at 0/1A7C8E8 system usage: CPU: user: 0.00 s, system: 0.00 s, elapsed: 0.00 s
2025-05-14 13:13:14.577 UTC [28] LOG:  checkpoint starting: end-of-recovery immediate wait
2025-05-14 13:13:14.601 UTC [28] LOG:  checkpoint complete: wrote 3 buffers (0.0%); 0 WAL file(s) added, 0 removed, 0 recycled; write=0.007 s, sync=0.003 s, total=0.027 s; sync files=2, longest=0.002 s, average=0.002 s; distance=0 kB, estimate=0 kB; lsn=0/1A7C920, redo lsn=0/1A7C920
2025-05-14 13:13:14.618 UTC [1] LOG:  database system is ready to accept connections
2025-05-14 13:13:15.252 UTC [34] LOG:  statement: 
	      SELECT EXISTS (
	        SELECT 1 FROM pg_type WHERE typname = 'transaction_type'
	      ) AS type_exists;
	    
2025-05-14 13:13:15.268 UTC [34] LOG:  statement: 
	        SELECT e.enumlabel
	        FROM pg_enum e
	        JOIN pg_type t ON e.enumtypid = t.oid
	        WHERE t.typname = 'transaction_type'
	        ORDER BY e.enumsortorder;
	      
2025-05-14 13:13:15.274 UTC [34] LOG:  statement: 
	      CREATE TABLE IF NOT EXISTS Transactions (
	        id SERIAL PRIMARY KEY,
	        date TEXT NOT NULL,
	        time TEXT NOT NULL,
	        type transaction_type NOT NULL,
	        amount TEXT NOT NULL,
	        name TEXT NOT NULL,
	        ref TEXT NOT NULL,
	        fee TEXT NOT NULL,
	        remarks TEXT NOT NULL,
	        created_at TIMESTAMP DEFAULT CURRENT_TIMESTAMP,
	        updated_at TIMESTAMP DEFAULT CURRENT_TIMESTAMP
	      );
	    
2025-05-14 13:13:15.275 UTC [34] LOG:  statement: 
	      DO $$ 
	      BEGIN
	        IF NOT EXISTS (SELECT 1 FROM information_schema.columns 
	                       WHERE table_name = 'transactions' AND column_name = 'created_at') THEN
	          ALTER TABLE Transactions ADD COLUMN created_at TIMESTAMP DEFAULT CURRENT_TIMESTAMP;
	        END IF;
	        IF NOT EXISTS (SELECT 1 FROM information_schema.columns 
	                       WHERE table_name = 'transactions' AND column_name = 'updated_at') THEN
	          ALTER TABLE Transactions ADD COLUMN updated_at TIMESTAMP DEFAULT CURRENT_TIMESTAMP;
	        END IF;
	      END $$;
	    
2025-05-14 13:13:15.301 UTC [34] LOG:  statement: 
	      CREATE TABLE IF NOT EXISTS CurrentBalance (
	        id SERIAL PRIMARY KEY,
	        balance DECIMAL NOT NULL DEFAULT 0.00
	      );
	    
2025-05-14 13:13:15.302 UTC [34] LOG:  statement: SELECT * FROM CurrentBalance
2025-05-14 13:13:21.619 UTC [34] LOG:  statement: SELECT balance FROM CurrentBalance WHERE id = 1
2025-05-14 13:13:21.640 UTC [34] LOG:  execute <unnamed>: SELECT * FROM Transactions WHERE date = $1 ORDER BY id DESC
2025-05-14 13:13:21.640 UTC [34] DETAIL:  parameters: $1 = '2025-05-14'
2025-05-14 13:13:21.646 UTC [34] LOG:  statement: SELECT * FROM Transactions ORDER BY id DESC LIMIT 1
2025-05-14 13:13:21.649 UTC [45] LOG:  statement: SELECT * FROM Transactions ORDER BY id DESC LIMIT 1
2025-05-14 13:13:21.650 UTC [46] LOG:  statement: 
	      SELECT type, COUNT(*) as count
	      FROM Transactions
	      GROUP BY type
	    
2025-05-14 13:13:21.653 UTC [44] LOG:  execute <unnamed>: 
	      SELECT date, SUM(CAST(amount AS DECIMAL)) as total_amount
	      FROM Transactions
	      WHERE date >= $1 AND date <= $2
	      GROUP BY date
	      ORDER BY date ASC
	    
2025-05-14 13:13:21.653 UTC [44] DETAIL:  parameters: $1 = '2025-05-08', $2 = '2025-05-14'
2025-05-14 13:13:43.933 UTC [63] LOG:  execute <unnamed>: UPDATE CurrentBalance SET balance = $1 WHERE id = 1
2025-05-14 13:13:43.933 UTC [63] DETAIL:  parameters: $1 = '15475.77'
2025-05-14 13:13:45.073 UTC [63] LOG:  statement: SELECT balance FROM CurrentBalance WHERE id = 1
2025-05-14 13:14:14.468 UTC [88] LOG:  execute <unnamed>: INSERT INTO Transactions (date, time, type, amount, name, ref, fee, remarks, created_at, updated_at)
	       VALUES ($1, $2, $3, $4, $5, $6, $7, $8, CURRENT_TIMESTAMP, CURRENT_TIMESTAMP)
	       RETURNING id
2025-05-14 13:14:14.468 UTC [88] DETAIL:  parameters: $1 = '2025-05-14', $2 = '07:49', $3 = 'Cash Out', $4 = '450', $5 = 'E R.', $6 = '84720', $7 = '10', $8 = 'CLAIMED'
2025-05-14 13:14:14.472 UTC [88] LOG:  execute <unnamed>: UPDATE CurrentBalance SET balance = balance + $1 WHERE id = 1
2025-05-14 13:14:14.472 UTC [88] DETAIL:  parameters: $1 = '450'
2025-05-14 13:14:14.659 UTC [88] LOG:  execute <unnamed>: SELECT * FROM Transactions WHERE date = $1 ORDER BY id DESC
2025-05-14 13:14:14.659 UTC [88] DETAIL:  parameters: $1 = '2025-05-14'
2025-05-14 13:14:14.662 UTC [88] LOG:  statement: SELECT balance FROM CurrentBalance WHERE id = 1
2025-05-14 13:14:14.668 UTC [88] LOG:  statement: SELECT * FROM Transactions ORDER BY id DESC LIMIT 1
2025-05-14 13:14:33.580 UTC [106] LOG:  execute <unnamed>: INSERT INTO Transactions (date, time, type, amount, name, ref, fee, remarks, created_at, updated_at)
	       VALUES ($1, $2, $3, $4, $5, $6, $7, $8, CURRENT_TIMESTAMP, CURRENT_TIMESTAMP)
	       RETURNING id
2025-05-14 13:14:33.580 UTC [106] DETAIL:  parameters: $1 = '2025-05-14', $2 = '08:20', $3 = 'Cash Out', $4 = '1500', $5 = 'AL O J F.', $6 = '59985', $7 = '30', $8 = 'CLAIMED'
2025-05-14 13:14:33.582 UTC [106] LOG:  execute <unnamed>: UPDATE CurrentBalance SET balance = balance + $1 WHERE id = 1
2025-05-14 13:14:33.582 UTC [106] DETAIL:  parameters: $1 = '1500'
2025-05-14 13:14:33.822 UTC [106] LOG:  execute <unnamed>: SELECT * FROM Transactions WHERE date = $1 ORDER BY id DESC
2025-05-14 13:14:33.822 UTC [106] DETAIL:  parameters: $1 = '2025-05-14'
2025-05-14 13:14:33.823 UTC [106] LOG:  statement: SELECT balance FROM CurrentBalance WHERE id = 1
2025-05-14 13:14:33.831 UTC [106] LOG:  statement: SELECT * FROM Transactions ORDER BY id DESC LIMIT 1
2025-05-14 13:14:56.732 UTC [124] LOG:  execute <unnamed>: INSERT INTO Transactions (date, time, type, amount, name, ref, fee, remarks, created_at, updated_at)
	       VALUES ($1, $2, $3, $4, $5, $6, $7, $8, CURRENT_TIMESTAMP, CURRENT_TIMESTAMP)
	       RETURNING id
2025-05-14 13:14:56.732 UTC [124] DETAIL:  parameters: $1 = '2025-05-14', $2 = '09:07', $3 = 'Cash In', $4 = '4500', $5 = 'EMILY F.', $6 = '15740', $7 = '90', $8 = 'SENT'
2025-05-14 13:14:56.734 UTC [124] LOG:  execute <unnamed>: UPDATE CurrentBalance SET balance = balance + $1 WHERE id = 1
2025-05-14 13:14:56.734 UTC [124] DETAIL:  parameters: $1 = '-4500'
2025-05-14 13:14:57.029 UTC [124] LOG:  execute <unnamed>: SELECT * FROM Transactions WHERE date = $1 ORDER BY id DESC
2025-05-14 13:14:57.029 UTC [124] DETAIL:  parameters: $1 = '2025-05-14'
2025-05-14 13:14:57.030 UTC [124] LOG:  statement: SELECT balance FROM CurrentBalance WHERE id = 1
2025-05-14 13:14:57.034 UTC [124] LOG:  statement: SELECT * FROM Transactions ORDER BY id DESC LIMIT 1
2025-05-14 13:18:14.612 UTC [28] LOG:  checkpoint starting: time
2025-05-14 13:18:15.032 UTC [28] LOG:  checkpoint complete: wrote 5 buffers (0.0%); 0 WAL file(s) added, 0 removed, 0 recycled; write=0.404 s, sync=0.004 s, total=0.421 s; sync files=5, longest=0.003 s, average=0.001 s; distance=11 kB, estimate=11 kB; lsn=0/1A7F688, redo lsn=0/1A7F650
2025-05-14 13:49:37.764 UTC [1816] LOG:  execute <unnamed>: 
	      SELECT date, SUM(CAST(amount AS DECIMAL)) as total_amount
	      FROM Transactions
	      WHERE date >= $1 AND date <= $2
	      GROUP BY date
	      ORDER BY date ASC
	    
2025-05-14 13:49:37.764 UTC [1816] DETAIL:  parameters: $1 = '2025-05-01', $2 = '2025-05-07'
2025-05-14 13:49:39.030 UTC [1816] LOG:  execute <unnamed>: 
	      SELECT date, SUM(CAST(amount AS DECIMAL)) as total_amount
	      FROM Transactions
	      WHERE date >= $1 AND date <= $2
	      GROUP BY date
	      ORDER BY date ASC
	    
2025-05-14 13:49:39.030 UTC [1816] DETAIL:  parameters: $1 = '2025-05-08', $2 = '2025-05-14'
2025-05-14 13:49:39.533 UTC [1816] LOG:  execute <unnamed>: 
	      SELECT date, SUM(CAST(amount AS DECIMAL)) as total_amount
	      FROM Transactions
	      WHERE date >= $1 AND date <= $2
	      GROUP BY date
	      ORDER BY date ASC
	    
2025-05-14 13:49:39.533 UTC [1816] DETAIL:  parameters: $1 = '2025-05-08', $2 = '2025-05-14'
2025-05-14 13:49:46.394 UTC [1816] LOG:  execute <unnamed>: 
	      SELECT date, SUM(CAST(amount AS DECIMAL)) as total_amount
	      FROM Transactions
	      WHERE date >= $1 AND date <= $2
	      GROUP BY date
	      ORDER BY date ASC
	    
2025-05-14 13:49:46.394 UTC [1816] DETAIL:  parameters: $1 = '2025-05-01', $2 = '2025-05-07'
2025-05-14 13:49:47.428 UTC [1816] LOG:  execute <unnamed>: 
	      SELECT date, SUM(CAST(amount AS DECIMAL)) as total_amount
	      FROM Transactions
	      WHERE date >= $1 AND date <= $2
	      GROUP BY date
	      ORDER BY date ASC
	    
2025-05-14 13:49:47.428 UTC [1816] DETAIL:  parameters: $1 = '2025-05-08', $2 = '2025-05-14'
2025-05-14 13:49:48.201 UTC [1816] LOG:  execute <unnamed>: 
	      SELECT date, SUM(CAST(amount AS DECIMAL)) as total_amount
	      FROM Transactions
	      WHERE date >= $1 AND date <= $2
	      GROUP BY date
	      ORDER BY date ASC
	    
2025-05-14 13:49:48.201 UTC [1816] DETAIL:  parameters: $1 = '2025-05-08', $2 = '2025-05-14'
2025-05-14 13:49:48.940 UTC [1816] LOG:  execute <unnamed>: 
	      SELECT date, SUM(CAST(amount AS DECIMAL)) as total_amount
	      FROM Transactions
	      WHERE date >= $1 AND date <= $2
	      GROUP BY date
	      ORDER BY date ASC
	    
2025-05-14 13:49:48.940 UTC [1816] DETAIL:  parameters: $1 = '2025-05-01', $2 = '2025-05-07'
2025-05-14 13:49:49.340 UTC [1816] LOG:  execute <unnamed>: 
	      SELECT date, SUM(CAST(amount AS DECIMAL)) as total_amount
	      FROM Transactions
	      WHERE date >= $1 AND date <= $2
	      GROUP BY date
	      ORDER BY date ASC
	    
2025-05-14 13:49:49.340 UTC [1816] DETAIL:  parameters: $1 = '2025-04-24', $2 = '2025-04-30'
2025-05-14 13:49:51.859 UTC [1816] LOG:  execute <unnamed>: 
	      SELECT date, SUM(CAST(amount AS DECIMAL)) as total_amount
	      FROM Transactions
	      WHERE date >= $1 AND date <= $2
	      GROUP BY date
	      ORDER BY date ASC
	    
2025-05-14 13:49:51.859 UTC [1816] DETAIL:  parameters: $1 = '2025-04-17', $2 = '2025-04-23'
2025-05-14 13:49:53.400 UTC [1816] LOG:  execute <unnamed>: 
	      SELECT date, SUM(CAST(amount AS DECIMAL)) as total_amount
	      FROM Transactions
	      WHERE date >= $1 AND date <= $2
	      GROUP BY date
	      ORDER BY date ASC
	    
2025-05-14 13:49:53.400 UTC [1816] DETAIL:  parameters: $1 = '2025-04-24', $2 = '2025-04-30'
2025-05-14 13:49:54.690 UTC [1816] LOG:  execute <unnamed>: 
	      SELECT date, SUM(CAST(amount AS DECIMAL)) as total_amount
	      FROM Transactions
	      WHERE date >= $1 AND date <= $2
	      GROUP BY date
	      ORDER BY date ASC
	    
2025-05-14 13:49:54.690 UTC [1816] DETAIL:  parameters: $1 = '2025-05-01', $2 = '2025-05-07'
2025-05-14 13:49:56.555 UTC [1816] LOG:  execute <unnamed>: 
	      SELECT date, SUM(CAST(amount AS DECIMAL)) as total_amount
	      FROM Transactions
	      WHERE date >= $1 AND date <= $2
	      GROUP BY date
	      ORDER BY date ASC
	    
2025-05-14 13:49:56.555 UTC [1816] DETAIL:  parameters: $1 = '2025-05-08', $2 = '2025-05-14'
2025-05-14 13:50:03.450 UTC [1816] LOG:  execute <unnamed>: 
	      SELECT date, SUM(CAST(amount AS DECIMAL)) as total_amount
	      FROM Transactions
	      WHERE date >= $1 AND date <= $2
	      GROUP BY date
	      ORDER BY date ASC
	    
2025-05-14 13:50:03.450 UTC [1816] DETAIL:  parameters: $1 = '2025-05-01', $2 = '2025-05-14'
2025-05-14 13:50:31.369 UTC [1858] LOG:  execute <unnamed>: INSERT INTO Transactions (date, time, type, amount, name, ref, fee, remarks, created_at, updated_at)
	       VALUES ($1, $2, $3, $4, $5, $6, $7, $8, CURRENT_TIMESTAMP, CURRENT_TIMESTAMP)
	       RETURNING id
2025-05-14 13:50:31.369 UTC [1858] DETAIL:  parameters: $1 = '2025-05-14', $2 = '10:50', $3 = 'Cash In', $4 = '300', $5 = 'RI L D.', $6 = '57610', $7 = '10', $8 = 'CUANA'
2025-05-14 13:50:31.375 UTC [1858] LOG:  execute <unnamed>: UPDATE CurrentBalance SET balance = balance + $1 WHERE id = 1
2025-05-14 13:50:31.375 UTC [1858] DETAIL:  parameters: $1 = '-300'
2025-05-14 13:50:31.735 UTC [1858] LOG:  execute <unnamed>: SELECT * FROM Transactions WHERE date = $1 ORDER BY id DESC
2025-05-14 13:50:31.735 UTC [1858] DETAIL:  parameters: $1 = '2025-05-14'
2025-05-14 13:50:31.737 UTC [1858] LOG:  statement: SELECT balance FROM CurrentBalance WHERE id = 1
2025-05-14 13:50:31.741 UTC [1858] LOG:  statement: SELECT * FROM Transactions ORDER BY id DESC LIMIT 1
2025-05-14 13:52:03.620 UTC [1883] LOG:  execute <unnamed>: INSERT INTO Transactions (date, time, type, amount, name, ref, fee, remarks, created_at, updated_at)
	       VALUES ($1, $2, $3, $4, $5, $6, $7, $8, CURRENT_TIMESTAMP, CURRENT_TIMESTAMP)
	       RETURNING id
2025-05-14 13:52:03.620 UTC [1883] DETAIL:  parameters: $1 = '2025-05-14', $2 = '11:24', $3 = 'Cash In', $4 = '1200', $5 = 'MA Y JA E L.', $6 = '28555', $7 = '20', $8 = 'CUANA'
2025-05-14 13:52:03.622 UTC [1883] LOG:  execute <unnamed>: UPDATE CurrentBalance SET balance = balance + $1 WHERE id = 1
2025-05-14 13:52:03.622 UTC [1883] DETAIL:  parameters: $1 = '-1200'
2025-05-14 13:51:01.255 UTC [1883] LOG:  execute <unnamed>: SELECT * FROM Transactions WHERE date = $1 ORDER BY id DESC
2025-05-14 13:51:01.255 UTC [1883] DETAIL:  parameters: $1 = '2025-05-14'
2025-05-14 13:51:01.256 UTC [1883] LOG:  statement: SELECT balance FROM CurrentBalance WHERE id = 1
2025-05-14 13:51:01.260 UTC [1883] LOG:  statement: SELECT * FROM Transactions ORDER BY id DESC LIMIT 1
2025-05-14 13:54:17.722 UTC [28] LOG:  checkpoint starting: time
2025-05-14 13:54:18.147 UTC [28] LOG:  checkpoint complete: wrote 5 buffers (0.0%); 0 WAL file(s) added, 0 removed, 0 recycled; write=0.407 s, sync=0.005 s, total=0.425 s; sync files=5, longest=0.004 s, average=0.001 s; distance=11 kB, estimate=11 kB; lsn=0/1A823E0, redo lsn=0/1A823A8
2025-05-14 13:54:41.715 UTC [2064] LOG:  execute <unnamed>: INSERT INTO Transactions (date, time, type, amount, name, ref, fee, remarks, created_at, updated_at)
	       VALUES ($1, $2, $3, $4, $5, $6, $7, $8, CURRENT_TIMESTAMP, CURRENT_TIMESTAMP)
	       RETURNING id
2025-05-14 13:54:41.715 UTC [2064] DETAIL:  parameters: $1 = '2025-05-14', $2 = '12:12', $3 = 'Cash Out', $4 = '900', $5 = 'FL E V.', $6 = '90264', $7 = '15', $8 = 'CUANA'
2025-05-14 13:54:41.721 UTC [2064] LOG:  execute <unnamed>: UPDATE CurrentBalance SET balance = balance + $1 WHERE id = 1
2025-05-14 13:54:41.721 UTC [2064] DETAIL:  parameters: $1 = '900'
2025-05-14 13:54:41.890 UTC [2064] LOG:  execute <unnamed>: SELECT * FROM Transactions WHERE date = $1 ORDER BY id DESC
2025-05-14 13:54:41.890 UTC [2064] DETAIL:  parameters: $1 = '2025-05-14'
2025-05-14 13:54:41.895 UTC [2064] LOG:  statement: SELECT * FROM Transactions ORDER BY id DESC LIMIT 1
2025-05-14 13:54:41.896 UTC [2065] LOG:  statement: SELECT balance FROM CurrentBalance WHERE id = 1
2025-05-14 13:55:01.448 UTC [2082] LOG:  execute <unnamed>: INSERT INTO Transactions (date, time, type, amount, name, ref, fee, remarks, created_at, updated_at)
	       VALUES ($1, $2, $3, $4, $5, $6, $7, $8, CURRENT_TIMESTAMP, CURRENT_TIMESTAMP)
	       RETURNING id
2025-05-14 13:55:01.448 UTC [2082] DETAIL:  parameters: $1 = '2025-05-14', $2 = '12:45', $3 = 'Cash Out', $4 = '510', $5 = 'JO N M.', $6 = '57074', $7 = '10', $8 = 'CUANA'
2025-05-14 13:55:01.450 UTC [2082] LOG:  execute <unnamed>: UPDATE CurrentBalance SET balance = balance + $1 WHERE id = 1
2025-05-14 13:55:01.450 UTC [2082] DETAIL:  parameters: $1 = '510'
2025-05-14 13:55:01.656 UTC [2082] LOG:  execute <unnamed>: SELECT * FROM Transactions WHERE date = $1 ORDER BY id DESC
2025-05-14 13:55:01.656 UTC [2082] DETAIL:  parameters: $1 = '2025-05-14'
2025-05-14 13:55:01.657 UTC [2082] LOG:  statement: SELECT balance FROM CurrentBalance WHERE id = 1
2025-05-14 13:55:01.667 UTC [2082] LOG:  statement: SELECT * FROM Transactions ORDER BY id DESC LIMIT 1
2025-05-14 13:55:16.958 UTC [2100] LOG:  execute <unnamed>: INSERT INTO Transactions (date, time, type, amount, name, ref, fee, remarks, created_at, updated_at)
	       VALUES ($1, $2, $3, $4, $5, $6, $7, $8, CURRENT_TIMESTAMP, CURRENT_TIMESTAMP)
	       RETURNING id
2025-05-14 13:55:16.958 UTC [2100] DETAIL:  parameters: $1 = '2025-05-14', $2 = '12:54', $3 = 'Cash In', $4 = '300', $5 = 'AR H H.', $6 = '50306', $7 = '10', $8 = 'SENT'
2025-05-14 13:55:16.960 UTC [2100] LOG:  execute <unnamed>: UPDATE CurrentBalance SET balance = balance + $1 WHERE id = 1
2025-05-14 13:55:16.960 UTC [2100] DETAIL:  parameters: $1 = '-300'
2025-05-14 13:55:17.230 UTC [2100] LOG:  execute <unnamed>: SELECT * FROM Transactions WHERE date = $1 ORDER BY id DESC
2025-05-14 13:55:17.230 UTC [2100] DETAIL:  parameters: $1 = '2025-05-14'
2025-05-14 13:55:17.231 UTC [2100] LOG:  statement: SELECT balance FROM CurrentBalance WHERE id = 1
2025-05-14 13:55:17.235 UTC [2100] LOG:  statement: SELECT * FROM Transactions ORDER BY id DESC LIMIT 1
2025-05-14 13:56:23.362 UTC [2150] LOG:  execute <unnamed>: INSERT INTO Transactions (date, time, type, amount, name, ref, fee, remarks, created_at, updated_at)
	       VALUES ($1, $2, $3, $4, $5, $6, $7, $8, CURRENT_TIMESTAMP, CURRENT_TIMESTAMP)
	       RETURNING id
2025-05-14 13:56:23.362 UTC [2150] DETAIL:  parameters: $1 = '2025-05-14', $2 = '13:39', $3 = 'Cash In', $4 = '100', $5 = 'MA N T.', $6 = '15890', $7 = '10', $8 = 'CUANA'
2025-05-14 13:56:23.364 UTC [2150] LOG:  execute <unnamed>: UPDATE CurrentBalance SET balance = balance + $1 WHERE id = 1
2025-05-14 13:56:23.364 UTC [2150] DETAIL:  parameters: $1 = '-100'
2025-05-14 13:56:23.601 UTC [2150] LOG:  execute <unnamed>: SELECT * FROM Transactions WHERE date = $1 ORDER BY id DESC
2025-05-14 13:56:23.601 UTC [2150] DETAIL:  parameters: $1 = '2025-05-14'
2025-05-14 13:56:23.602 UTC [2150] LOG:  statement: SELECT balance FROM CurrentBalance WHERE id = 1
2025-05-14 13:56:23.607 UTC [2150] LOG:  statement: SELECT * FROM Transactions ORDER BY id DESC LIMIT 1
2025-05-14 13:57:43.985 UTC [2167] LOG:  execute <unnamed>: INSERT INTO Transactions (date, time, type, amount, name, ref, fee, remarks, created_at, updated_at)
	       VALUES ($1, $2, $3, $4, $5, $6, $7, $8, CURRENT_TIMESTAMP, CURRENT_TIMESTAMP)
	       RETURNING id
2025-05-14 13:57:43.985 UTC [2167] DETAIL:  parameters: $1 = '2025-05-14', $2 = '14:05', $3 = 'Cash In', $4 = '90', $5 = 'ROMMEL F.', $6 = '107718', $7 = '5', $8 = 'SENT'
2025-05-14 13:57:43.987 UTC [2167] LOG:  execute <unnamed>: UPDATE CurrentBalance SET balance = balance + $1 WHERE id = 1
2025-05-14 13:57:43.987 UTC [2167] DETAIL:  parameters: $1 = '-90'
2025-05-14 13:56:41.385 UTC [2167] LOG:  execute <unnamed>: SELECT * FROM Transactions WHERE date = $1 ORDER BY id DESC
2025-05-14 13:56:41.385 UTC [2167] DETAIL:  parameters: $1 = '2025-05-14'
2025-05-14 13:56:41.388 UTC [2167] LOG:  statement: SELECT balance FROM CurrentBalance WHERE id = 1
2025-05-14 13:56:41.393 UTC [2167] LOG:  statement: SELECT * FROM Transactions ORDER BY id DESC LIMIT 1
2025-05-14 13:56:55.432 UTC [2176] LOG:  execute <unnamed>: INSERT INTO Transactions (date, time, type, amount, name, ref, fee, remarks, created_at, updated_at)
	       VALUES ($1, $2, $3, $4, $5, $6, $7, $8, CURRENT_TIMESTAMP, CURRENT_TIMESTAMP)
	       RETURNING id
2025-05-14 13:56:55.432 UTC [2176] DETAIL:  parameters: $1 = '2025-05-14', $2 = '14:15', $3 = 'Cash In', $4 = '980', $5 = 'ENRICO D.', $6 = '92060', $7 = '20', $8 = 'SENT'
2025-05-14 13:56:55.434 UTC [2176] LOG:  execute <unnamed>: UPDATE CurrentBalance SET balance = balance + $1 WHERE id = 1
2025-05-14 13:56:55.434 UTC [2176] DETAIL:  parameters: $1 = '-980'
2025-05-14 13:56:55.640 UTC [2176] LOG:  execute <unnamed>: SELECT * FROM Transactions WHERE date = $1 ORDER BY id DESC
2025-05-14 13:56:55.640 UTC [2176] DETAIL:  parameters: $1 = '2025-05-14'
2025-05-14 13:56:55.642 UTC [2176] LOG:  statement: SELECT balance FROM CurrentBalance WHERE id = 1
2025-05-14 13:56:55.646 UTC [2176] LOG:  statement: SELECT * FROM Transactions ORDER BY id DESC LIMIT 1
2025-05-14 13:57:09.679 UTC [2193] LOG:  execute <unnamed>: INSERT INTO Transactions (date, time, type, amount, name, ref, fee, remarks, created_at, updated_at)
	       VALUES ($1, $2, $3, $4, $5, $6, $7, $8, CURRENT_TIMESTAMP, CURRENT_TIMESTAMP)
	       RETURNING id
2025-05-14 13:57:09.679 UTC [2193] DETAIL:  parameters: $1 = '2025-05-14', $2 = '14:47', $3 = 'Cash In', $4 = '53', $5 = 'ROMMEL F.', $6 = '21982', $7 = '5', $8 = 'SENT'
2025-05-14 13:57:09.681 UTC [2193] LOG:  execute <unnamed>: UPDATE CurrentBalance SET balance = balance + $1 WHERE id = 1
2025-05-14 13:57:09.681 UTC [2193] DETAIL:  parameters: $1 = '-53'
2025-05-14 13:57:09.885 UTC [2193] LOG:  execute <unnamed>: SELECT * FROM Transactions WHERE date = $1 ORDER BY id DESC
2025-05-14 13:57:09.885 UTC [2193] DETAIL:  parameters: $1 = '2025-05-14'
2025-05-14 13:57:09.888 UTC [2193] LOG:  statement: SELECT balance FROM CurrentBalance WHERE id = 1
2025-05-14 13:57:09.893 UTC [2193] LOG:  statement: SELECT * FROM Transactions ORDER BY id DESC LIMIT 1
2025-05-14 13:57:25.134 UTC [2203] LOG:  execute <unnamed>: INSERT INTO Transactions (date, time, type, amount, name, ref, fee, remarks, created_at, updated_at)
	       VALUES ($1, $2, $3, $4, $5, $6, $7, $8, CURRENT_TIMESTAMP, CURRENT_TIMESTAMP)
	       RETURNING id
2025-05-14 13:57:25.134 UTC [2203] DETAIL:  parameters: $1 = '2025-05-14', $2 = '15:06', $3 = 'Cash In', $4 = '130', $5 = 'NI A A.', $6 = '72552', $7 = '10', $8 = 'SENT'
2025-05-14 13:57:25.137 UTC [2203] LOG:  execute <unnamed>: UPDATE CurrentBalance SET balance = balance + $1 WHERE id = 1
2025-05-14 13:57:25.137 UTC [2203] DETAIL:  parameters: $1 = '-130'
2025-05-14 13:57:25.488 UTC [2203] LOG:  execute <unnamed>: SELECT * FROM Transactions WHERE date = $1 ORDER BY id DESC
2025-05-14 13:57:25.488 UTC [2203] DETAIL:  parameters: $1 = '2025-05-14'
2025-05-14 13:57:25.489 UTC [2203] LOG:  statement: SELECT balance FROM CurrentBalance WHERE id = 1
2025-05-14 13:57:25.495 UTC [2203] LOG:  statement: SELECT * FROM Transactions ORDER BY id DESC LIMIT 1
2025-05-14 13:57:47.984 UTC [2228] LOG:  execute <unnamed>: INSERT INTO Transactions (date, time, type, amount, name, ref, fee, remarks, created_at, updated_at)
	       VALUES ($1, $2, $3, $4, $5, $6, $7, $8, CURRENT_TIMESTAMP, CURRENT_TIMESTAMP)
	       RETURNING id
2025-05-14 13:57:47.984 UTC [2228] DETAIL:  parameters: $1 = '2025-05-14', $2 = '15:28', $3 = 'Cash Out', $4 = '100', $5 = 'D MY L S.', $6 = '4808', $7 = '10', $8 = 'CUANA'
2025-05-14 13:57:47.986 UTC [2228] LOG:  execute <unnamed>: UPDATE CurrentBalance SET balance = balance + $1 WHERE id = 1
2025-05-14 13:57:47.986 UTC [2228] DETAIL:  parameters: $1 = '100'
2025-05-14 13:57:48.190 UTC [2228] LOG:  execute <unnamed>: SELECT * FROM Transactions WHERE date = $1 ORDER BY id DESC
2025-05-14 13:57:48.190 UTC [2228] DETAIL:  parameters: $1 = '2025-05-14'
2025-05-14 13:57:48.193 UTC [2228] LOG:  statement: SELECT balance FROM CurrentBalance WHERE id = 1
2025-05-14 13:57:48.197 UTC [2228] LOG:  statement: SELECT * FROM Transactions ORDER BY id DESC LIMIT 1
2025-05-14 13:58:03.574 UTC [2237] LOG:  execute <unnamed>: INSERT INTO Transactions (date, time, type, amount, name, ref, fee, remarks, created_at, updated_at)
	       VALUES ($1, $2, $3, $4, $5, $6, $7, $8, CURRENT_TIMESTAMP, CURRENT_TIMESTAMP)
	       RETURNING id
2025-05-14 13:58:03.574 UTC [2237] DETAIL:  parameters: $1 = '2025-05-14', $2 = '16:53', $3 = 'Cash In', $4 = '100', $5 = 'RH K B.', $6 = '55090', $7 = '10', $8 = 'SENT'
2025-05-14 13:58:03.576 UTC [2237] LOG:  execute <unnamed>: UPDATE CurrentBalance SET balance = balance + $1 WHERE id = 1
2025-05-14 13:58:03.576 UTC [2237] DETAIL:  parameters: $1 = '-100'
2025-05-14 13:58:03.765 UTC [2237] LOG:  execute <unnamed>: SELECT * FROM Transactions WHERE date = $1 ORDER BY id DESC
2025-05-14 13:58:03.765 UTC [2237] DETAIL:  parameters: $1 = '2025-05-14'
2025-05-14 13:58:03.767 UTC [2237] LOG:  statement: SELECT balance FROM CurrentBalance WHERE id = 1
2025-05-14 13:58:03.772 UTC [2237] LOG:  statement: SELECT * FROM Transactions ORDER BY id DESC LIMIT 1
2025-05-14 13:58:23.687 UTC [2255] LOG:  execute <unnamed>: INSERT INTO Transactions (date, time, type, amount, name, ref, fee, remarks, created_at, updated_at)
	       VALUES ($1, $2, $3, $4, $5, $6, $7, $8, CURRENT_TIMESTAMP, CURRENT_TIMESTAMP)
	       RETURNING id
2025-05-14 13:58:23.687 UTC [2255] DETAIL:  parameters: $1 = '2025-05-14', $2 = '17:17', $3 = 'Cash In', $4 = '80', $5 = 'ROMMEL F.', $6 = '34052', $7 = '5', $8 = 'SENT'
2025-05-14 13:58:23.691 UTC [2255] LOG:  execute <unnamed>: UPDATE CurrentBalance SET balance = balance + $1 WHERE id = 1
2025-05-14 13:58:23.691 UTC [2255] DETAIL:  parameters: $1 = '-80'
2025-05-14 13:58:23.959 UTC [2255] LOG:  execute <unnamed>: SELECT * FROM Transactions WHERE date = $1 ORDER BY id DESC
2025-05-14 13:58:23.959 UTC [2255] DETAIL:  parameters: $1 = '2025-05-14'
2025-05-14 13:58:23.960 UTC [2255] LOG:  statement: SELECT balance FROM CurrentBalance WHERE id = 1
2025-05-14 13:58:23.964 UTC [2255] LOG:  statement: SELECT * FROM Transactions ORDER BY id DESC LIMIT 1
2025-05-14 13:58:41.176 UTC [2272] LOG:  execute <unnamed>: INSERT INTO Transactions (date, time, type, amount, name, ref, fee, remarks, created_at, updated_at)
	       VALUES ($1, $2, $3, $4, $5, $6, $7, $8, CURRENT_TIMESTAMP, CURRENT_TIMESTAMP)
	       RETURNING id
2025-05-14 13:58:41.176 UTC [2272] DETAIL:  parameters: $1 = '2025-05-14', $2 = '17:47', $3 = 'Cash In', $4 = '1000', $5 = 'BA N A.', $6 = '25517', $7 = '15', $8 = 'CUANA'
2025-05-14 13:58:41.178 UTC [2272] LOG:  execute <unnamed>: UPDATE CurrentBalance SET balance = balance + $1 WHERE id = 1
2025-05-14 13:58:41.178 UTC [2272] DETAIL:  parameters: $1 = '-1000'
2025-05-14 13:59:44.175 UTC [2272] LOG:  execute <unnamed>: SELECT * FROM Transactions WHERE date = $1 ORDER BY id DESC
2025-05-14 13:59:44.175 UTC [2272] DETAIL:  parameters: $1 = '2025-05-14'
2025-05-14 13:59:44.177 UTC [2272] LOG:  statement: SELECT balance FROM CurrentBalance WHERE id = 1
2025-05-14 13:59:44.181 UTC [2272] LOG:  statement: SELECT * FROM Transactions ORDER BY id DESC LIMIT 1
2025-05-14 13:58:54.912 UTC [2281] LOG:  execute <unnamed>: INSERT INTO Transactions (date, time, type, amount, name, ref, fee, remarks, created_at, updated_at)
	       VALUES ($1, $2, $3, $4, $5, $6, $7, $8, CURRENT_TIMESTAMP, CURRENT_TIMESTAMP)
	       RETURNING id
2025-05-14 13:58:54.912 UTC [2281] DETAIL:  parameters: $1 = '2025-05-14', $2 = '18:01', $3 = 'Cash Out', $4 = '4590', $5 = 'EMILY F.', $6 = '86261', $7 = '0', $8 = 'PAYMENT'
2025-05-14 13:58:54.914 UTC [2281] LOG:  execute <unnamed>: UPDATE CurrentBalance SET balance = balance + $1 WHERE id = 1
2025-05-14 13:58:54.914 UTC [2281] DETAIL:  parameters: $1 = '4590'
2025-05-14 13:58:55.135 UTC [2281] LOG:  execute <unnamed>: SELECT * FROM Transactions WHERE date = $1 ORDER BY id DESC
2025-05-14 13:58:55.135 UTC [2281] DETAIL:  parameters: $1 = '2025-05-14'
2025-05-14 13:58:55.137 UTC [2281] LOG:  statement: SELECT balance FROM CurrentBalance WHERE id = 1
2025-05-14 13:58:55.145 UTC [2281] LOG:  statement: SELECT * FROM Transactions ORDER BY id DESC LIMIT 1
2025-05-14 13:59:09.319 UTC [2298] LOG:  execute <unnamed>: INSERT INTO Transactions (date, time, type, amount, name, ref, fee, remarks, created_at, updated_at)
	       VALUES ($1, $2, $3, $4, $5, $6, $7, $8, CURRENT_TIMESTAMP, CURRENT_TIMESTAMP)
	       RETURNING id
2025-05-14 13:59:09.319 UTC [2298] DETAIL:  parameters: $1 = '2025-05-14', $2 = '18:48', $3 = 'Cash Out', $4 = '350', $5 = 'RA L P.', $6 = '91114', $7 = '10', $8 = 'CUANA'
2025-05-14 13:59:09.321 UTC [2298] LOG:  execute <unnamed>: UPDATE CurrentBalance SET balance = balance + $1 WHERE id = 1
2025-05-14 13:59:09.321 UTC [2298] DETAIL:  parameters: $1 = '350'
2025-05-14 13:59:09.543 UTC [2298] LOG:  execute <unnamed>: SELECT * FROM Transactions WHERE date = $1 ORDER BY id DESC
2025-05-14 13:59:09.543 UTC [2298] DETAIL:  parameters: $1 = '2025-05-14'
2025-05-14 13:59:09.544 UTC [2298] LOG:  statement: SELECT balance FROM CurrentBalance WHERE id = 1
2025-05-14 13:59:09.549 UTC [2298] LOG:  statement: SELECT * FROM Transactions ORDER BY id DESC LIMIT 1
2025-05-14 13:59:17.251 UTC [28] LOG:  checkpoint starting: time
2025-05-14 13:59:17.969 UTC [28] LOG:  checkpoint complete: wrote 8 buffers (0.0%); 0 WAL file(s) added, 0 removed, 0 recycled; write=0.704 s, sync=0.005 s, total=0.719 s; sync files=5, longest=0.004 s, average=0.001 s; distance=17 kB, estimate=17 kB; lsn=0/1A86808, redo lsn=0/1A867D0
2025-05-14 13:59:37.934 UTC [2324] LOG:  execute <unnamed>: INSERT INTO Transactions (date, time, type, amount, name, ref, fee, remarks, created_at, updated_at)
	       VALUES ($1, $2, $3, $4, $5, $6, $7, $8, CURRENT_TIMESTAMP, CURRENT_TIMESTAMP)
	       RETURNING id
2025-05-14 13:59:37.934 UTC [2324] DETAIL:  parameters: $1 = '2025-05-14', $2 = '19:10', $3 = 'Cash In', $4 = '150', $5 = 'TU E A.', $6 = '17983', $7 = '10', $8 = 'CUANA'
2025-05-14 13:59:37.937 UTC [2324] LOG:  execute <unnamed>: UPDATE CurrentBalance SET balance = balance + $1 WHERE id = 1
2025-05-14 13:59:37.937 UTC [2324] DETAIL:  parameters: $1 = '-150'
2025-05-14 13:59:38.141 UTC [2324] LOG:  execute <unnamed>: SELECT * FROM Transactions WHERE date = $1 ORDER BY id DESC
2025-05-14 13:59:38.141 UTC [2324] DETAIL:  parameters: $1 = '2025-05-14'
2025-05-14 13:59:38.142 UTC [2324] LOG:  statement: SELECT balance FROM CurrentBalance WHERE id = 1
2025-05-14 13:59:38.147 UTC [2324] LOG:  statement: SELECT * FROM Transactions ORDER BY id DESC LIMIT 1
2025-05-14 13:59:55.879 UTC [2333] LOG:  execute <unnamed>: INSERT INTO Transactions (date, time, type, amount, name, ref, fee, remarks, created_at, updated_at)
	       VALUES ($1, $2, $3, $4, $5, $6, $7, $8, CURRENT_TIMESTAMP, CURRENT_TIMESTAMP)
	       RETURNING id
2025-05-14 13:59:55.879 UTC [2333] DETAIL:  parameters: $1 = '2025-05-14', $2 = '19:28', $3 = 'Cash Out', $4 = '715', $5 = 'LE D M.', $6 = '97300', $7 = '15', $8 = 'CUANA'
2025-05-14 13:59:55.881 UTC [2333] LOG:  execute <unnamed>: UPDATE CurrentBalance SET balance = balance + $1 WHERE id = 1
2025-05-14 13:59:55.881 UTC [2333] DETAIL:  parameters: $1 = '715'
2025-05-14 13:59:56.055 UTC [2333] LOG:  execute <unnamed>: SELECT * FROM Transactions WHERE date = $1 ORDER BY id DESC
2025-05-14 13:59:56.055 UTC [2333] DETAIL:  parameters: $1 = '2025-05-14'
2025-05-14 13:59:56.057 UTC [2333] LOG:  statement: SELECT balance FROM CurrentBalance WHERE id = 1
2025-05-14 13:59:56.062 UTC [2333] LOG:  statement: SELECT * FROM Transactions ORDER BY id DESC LIMIT 1
2025-05-14 14:01:24.510 UTC [2360] LOG:  execute <unnamed>: INSERT INTO Transactions (date, time, type, amount, name, ref, fee, remarks, created_at, updated_at)
	       VALUES ($1, $2, $3, $4, $5, $6, $7, $8, CURRENT_TIMESTAMP, CURRENT_TIMESTAMP)
	       RETURNING id
2025-05-14 14:01:24.510 UTC [2360] DETAIL:  parameters: $1 = '2025-05-14', $2 = '19:40', $3 = 'Cash Out', $4 = '1930', $5 = 'LEVY J.', $6 = '19625', $7 = '30', $8 = 'CUANA'
2025-05-14 14:01:24.512 UTC [2360] LOG:  execute <unnamed>: UPDATE CurrentBalance SET balance = balance + $1 WHERE id = 1
2025-05-14 14:01:24.512 UTC [2360] DETAIL:  parameters: $1 = '1930'
2025-05-14 14:00:21.921 UTC [2360] LOG:  execute <unnamed>: SELECT * FROM Transactions WHERE date = $1 ORDER BY id DESC
2025-05-14 14:00:21.921 UTC [2360] DETAIL:  parameters: $1 = '2025-05-14'
2025-05-14 14:00:21.923 UTC [2360] LOG:  statement: SELECT balance FROM CurrentBalance WHERE id = 1
2025-05-14 14:00:21.928 UTC [2360] LOG:  statement: SELECT * FROM Transactions ORDER BY id DESC LIMIT 1
2025-05-14 14:00:39.931 UTC [2377] LOG:  execute <unnamed>: INSERT INTO Transactions (date, time, type, amount, name, ref, fee, remarks, created_at, updated_at)
	       VALUES ($1, $2, $3, $4, $5, $6, $7, $8, CURRENT_TIMESTAMP, CURRENT_TIMESTAMP)
	       RETURNING id
2025-05-14 14:00:39.931 UTC [2377] DETAIL:  parameters: $1 = '2025-05-14', $2 = '21:36', $3 = 'Load', $4 = '51', $5 = 'EZ50', $6 = '66887', $7 = '4', $8 = 'CUANA - LOAD'
2025-05-14 14:00:39.933 UTC [2377] LOG:  execute <unnamed>: UPDATE CurrentBalance SET balance = balance + $1 WHERE id = 1
2025-05-14 14:00:39.933 UTC [2377] DETAIL:  parameters: $1 = '-51'
2025-05-14 14:00:40.138 UTC [2377] LOG:  execute <unnamed>: SELECT * FROM Transactions WHERE date = $1 ORDER BY id DESC
2025-05-14 14:00:40.138 UTC [2377] DETAIL:  parameters: $1 = '2025-05-14'
2025-05-14 14:00:40.140 UTC [2377] LOG:  statement: SELECT balance FROM CurrentBalance WHERE id = 1
2025-05-14 14:00:40.146 UTC [2377] LOG:  statement: SELECT * FROM Transactions ORDER BY id DESC LIMIT 1
2025-05-14 14:00:53.167 UTC [2386] LOG:  execute <unnamed>: INSERT INTO Transactions (date, time, type, amount, name, ref, fee, remarks, created_at, updated_at)
	       VALUES ($1, $2, $3, $4, $5, $6, $7, $8, CURRENT_TIMESTAMP, CURRENT_TIMESTAMP)
	       RETURNING id
2025-05-14 14:00:53.167 UTC [2386] DETAIL:  parameters: $1 = '2025-05-14', $2 = '21:53', $3 = 'Cash Out', $4 = '800', $5 = 'JO R G.', $6 = '25545', $7 = '20', $8 = 'CLAIMED'
2025-05-14 14:00:53.169 UTC [2386] LOG:  execute <unnamed>: UPDATE CurrentBalance SET balance = balance + $1 WHERE id = 1
2025-05-14 14:00:53.169 UTC [2386] DETAIL:  parameters: $1 = '800'
2025-05-14 14:00:53.455 UTC [2386] LOG:  execute <unnamed>: SELECT * FROM Transactions WHERE date = $1 ORDER BY id DESC
2025-05-14 14:00:53.455 UTC [2386] DETAIL:  parameters: $1 = '2025-05-14'
2025-05-14 14:00:53.457 UTC [2386] LOG:  statement: SELECT balance FROM CurrentBalance WHERE id = 1
2025-05-14 14:00:53.461 UTC [2386] LOG:  statement: SELECT * FROM Transactions ORDER BY id DESC LIMIT 1
2025-05-14 14:01:26.295 UTC [2412] LOG:  execute <unnamed>: INSERT INTO Transactions (date, time, type, amount, name, ref, fee, remarks, created_at, updated_at)
	       VALUES ($1, $2, $3, $4, $5, $6, $7, $8, CURRENT_TIMESTAMP, CURRENT_TIMESTAMP)
	       RETURNING id
2025-05-14 14:01:26.295 UTC [2412] DETAIL:  parameters: $1 = '2025-05-14', $2 = '15:16', $3 = 'Cash In', $4 = '105', $5 = 'KUYA JUN', $6 = 'B9B74', $7 = '10', $8 = 'MAYA - SENT'
2025-05-14 14:01:26.296 UTC [2412] LOG:  execute <unnamed>: UPDATE CurrentBalance SET balance = balance + $1 WHERE id = 1
2025-05-14 14:01:26.296 UTC [2412] DETAIL:  parameters: $1 = '-105'
2025-05-14 14:01:26.486 UTC [2412] LOG:  execute <unnamed>: SELECT * FROM Transactions WHERE date = $1 ORDER BY id DESC
2025-05-14 14:01:26.486 UTC [2412] DETAIL:  parameters: $1 = '2025-05-14'
2025-05-14 14:01:26.487 UTC [2412] LOG:  statement: SELECT balance FROM CurrentBalance WHERE id = 1
2025-05-14 14:01:26.492 UTC [2412] LOG:  statement: SELECT * FROM Transactions ORDER BY id DESC LIMIT 1
2025-05-14 14:01:40.130 UTC [2429] LOG:  execute <unnamed>: INSERT INTO Transactions (date, time, type, amount, name, ref, fee, remarks, created_at, updated_at)
	       VALUES ($1, $2, $3, $4, $5, $6, $7, $8, CURRENT_TIMESTAMP, CURRENT_TIMESTAMP)
	       RETURNING id
2025-05-14 14:01:40.130 UTC [2429] DETAIL:  parameters: $1 = '2025-05-14', $2 = '15:47', $3 = 'Cash In', $4 = '200', $5 = 'CARISSE V.', $6 = '348DD', $7 = '10', $8 = 'MAYA - SENT'
2025-05-14 14:01:40.132 UTC [2429] LOG:  execute <unnamed>: UPDATE CurrentBalance SET balance = balance + $1 WHERE id = 1
2025-05-14 14:01:40.132 UTC [2429] DETAIL:  parameters: $1 = '-200'
2025-05-14 14:01:40.449 UTC [2429] LOG:  execute <unnamed>: SELECT * FROM Transactions WHERE date = $1 ORDER BY id DESC
2025-05-14 14:01:40.449 UTC [2429] DETAIL:  parameters: $1 = '2025-05-14'
2025-05-14 14:01:40.451 UTC [2429] LOG:  statement: SELECT balance FROM CurrentBalance WHERE id = 1
2025-05-14 14:01:40.456 UTC [2429] LOG:  statement: SELECT * FROM Transactions ORDER BY id DESC LIMIT 1
2025-05-14 14:01:58.681 UTC [2444] LOG:  execute <unnamed>: INSERT INTO Transactions (date, time, type, amount, name, ref, fee, remarks, created_at, updated_at)
	       VALUES ($1, $2, $3, $4, $5, $6, $7, $8, CURRENT_TIMESTAMP, CURRENT_TIMESTAMP)
	       RETURNING id
2025-05-14 14:01:58.681 UTC [2444] DETAIL:  parameters: $1 = '2025-05-14', $2 = '17:27', $3 = 'Cash In', $4 = '50', $5 = 'CARISSE V.', $6 = '4AADF', $7 = '5', $8 = 'MAYA - SENT'
2025-05-14 14:01:58.683 UTC [2444] LOG:  execute <unnamed>: UPDATE CurrentBalance SET balance = balance + $1 WHERE id = 1
2025-05-14 14:01:58.683 UTC [2444] DETAIL:  parameters: $1 = '-50'
2025-05-14 14:01:58.920 UTC [2444] LOG:  execute <unnamed>: SELECT * FROM Transactions WHERE date = $1 ORDER BY id DESC
2025-05-14 14:01:58.920 UTC [2444] DETAIL:  parameters: $1 = '2025-05-14'
2025-05-14 14:01:58.922 UTC [2444] LOG:  statement: SELECT balance FROM CurrentBalance WHERE id = 1
2025-05-14 14:01:58.926 UTC [2444] LOG:  statement: SELECT * FROM Transactions ORDER BY id DESC LIMIT 1
2025-05-14 14:02:15.698 UTC [2455] LOG:  execute <unnamed>: INSERT INTO Transactions (date, time, type, amount, name, ref, fee, remarks, created_at, updated_at)
	       VALUES ($1, $2, $3, $4, $5, $6, $7, $8, CURRENT_TIMESTAMP, CURRENT_TIMESTAMP)
	       RETURNING id
2025-05-14 14:02:15.698 UTC [2455] DETAIL:  parameters: $1 = '2025-05-14', $2 = '19:34', $3 = 'Cash In', $4 = '110', $5 = '09941384576', $6 = 'E12A5', $7 = '10', $8 = 'MAYA - SENT'
2025-05-14 14:02:15.700 UTC [2455] LOG:  execute <unnamed>: UPDATE CurrentBalance SET balance = balance + $1 WHERE id = 1
2025-05-14 14:02:15.700 UTC [2455] DETAIL:  parameters: $1 = '-110'
2025-05-14 14:02:15.904 UTC [2455] LOG:  execute <unnamed>: SELECT * FROM Transactions WHERE date = $1 ORDER BY id DESC
2025-05-14 14:02:15.904 UTC [2455] DETAIL:  parameters: $1 = '2025-05-14'
2025-05-14 14:02:15.906 UTC [2455] LOG:  statement: SELECT balance FROM CurrentBalance WHERE id = 1
2025-05-14 14:02:15.911 UTC [2455] LOG:  statement: SELECT * FROM Transactions ORDER BY id DESC LIMIT 1
2025-05-14 14:02:21.096 UTC [2455] LOG:  execute <unnamed>: SELECT * FROM Transactions WHERE date = $1 ORDER BY id DESC
2025-05-14 14:02:21.096 UTC [2455] DETAIL:  parameters: $1 = '2025-05-14'
2025-05-14 14:02:21.102 UTC [2455] LOG:  statement: SELECT * FROM Transactions ORDER BY id DESC LIMIT 1
2025-05-14 14:02:22.088 UTC [2455] LOG:  execute <unnamed>: SELECT * FROM Transactions WHERE date = $1 ORDER BY id ASC
2025-05-14 14:02:22.088 UTC [2455] DETAIL:  parameters: $1 = '2025-05-14'
2025-05-14 14:02:25.889 UTC [2465] LOG:  statement: SELECT pg_catalog.set_config('search_path', '', false);
2025-05-14 14:02:25.890 UTC [2465] LOG:  statement: SELECT pg_catalog.pg_is_in_recovery()
2025-05-14 14:02:25.891 UTC [2465] LOG:  statement: SELECT pg_catalog.set_config('search_path', '', false);
2025-05-14 14:02:25.891 UTC [2465] LOG:  statement: SET DATESTYLE = ISO
2025-05-14 14:02:25.891 UTC [2465] LOG:  statement: SET INTERVALSTYLE = POSTGRES
2025-05-14 14:02:25.891 UTC [2465] LOG:  statement: SET extra_float_digits TO 3
2025-05-14 14:02:25.891 UTC [2465] LOG:  statement: SET synchronize_seqscans TO off
2025-05-14 14:02:25.891 UTC [2465] LOG:  statement: SET statement_timeout = 0
2025-05-14 14:02:25.892 UTC [2465] LOG:  statement: SET lock_timeout = 0
2025-05-14 14:02:25.892 UTC [2465] LOG:  statement: SET idle_in_transaction_session_timeout = 0
2025-05-14 14:02:25.892 UTC [2465] LOG:  statement: SET row_security = off
2025-05-14 14:02:25.892 UTC [2465] LOG:  statement: SELECT set_config(name, 'view, foreign-table', false) FROM pg_settings WHERE name = 'restrict_nonsystem_relation_kind'
2025-05-14 14:02:25.895 UTC [2465] LOG:  statement: BEGIN
2025-05-14 14:02:25.895 UTC [2465] LOG:  statement: SET TRANSACTION ISOLATION LEVEL REPEATABLE READ, READ ONLY
2025-05-14 14:02:25.895 UTC [2465] LOG:  statement: SELECT oid, rolname FROM pg_catalog.pg_roles ORDER BY 1
2025-05-14 14:02:25.897 UTC [2465] LOG:  statement: SELECT x.tableoid, x.oid, x.extname, n.nspname, x.extrelocatable, x.extversion, x.extconfig, x.extcondition FROM pg_extension x JOIN pg_namespace n ON n.oid = x.extnamespace
2025-05-14 14:02:25.899 UTC [2465] LOG:  statement: SELECT classid, objid, refobjid FROM pg_depend WHERE refclassid = 'pg_extension'::regclass AND deptype = 'e' ORDER BY 3
2025-05-14 14:02:25.902 UTC [2465] LOG:  statement: SELECT n.tableoid, n.oid, n.nspname, n.nspowner, n.nspacl, acldefault('n', n.nspowner) AS acldefault FROM pg_namespace n
2025-05-14 14:02:25.903 UTC [2465] LOG:  statement: SELECT c.tableoid, c.oid, c.relname, c.relnamespace, c.relkind, c.reltype, c.relowner, c.relchecks, c.relhasindex, c.relhasrules, c.relpages, c.relhastriggers, c.relpersistence, c.reloftype, c.relacl, acldefault(CASE WHEN c.relkind = 'S' THEN 's'::"char" ELSE 'r'::"char" END, c.relowner) AS acldefault, CASE WHEN c.relkind = 'f' THEN (SELECT ftserver FROM pg_catalog.pg_foreign_table WHERE ftrelid = c.oid) ELSE 0 END AS foreignserver, c.relfrozenxid, tc.relfrozenxid AS tfrozenxid, tc.oid AS toid, tc.relpages AS toastpages, tc.reloptions AS toast_reloptions, d.refobjid AS owning_tab, d.refobjsubid AS owning_col, tsp.spcname AS reltablespace, false AS relhasoids, c.relispopulated, c.relreplident, c.relrowsecurity, c.relforcerowsecurity, c.relminmxid, tc.relminmxid AS tminmxid, array_remove(array_remove(c.reloptions,'check_option=local'),'check_option=cascaded') AS reloptions, CASE WHEN 'check_option=local' = ANY (c.reloptions) THEN 'LOCAL'::text WHEN 'check_option=cascaded' = ANY (c.reloptions) THEN 'CASCADED'::text ELSE NULL END AS checkoption, am.amname, (d.deptype = 'i') IS TRUE AS is_identity_sequence, c.relispartition AS ispartition 
	FROM pg_class c
	LEFT JOIN pg_depend d ON (c.relkind = 'S' AND d.classid = 'pg_class'::regclass AND d.objid = c.oid AND d.objsubid = 0 AND d.refclassid = 'pg_class'::regclass AND d.deptype IN ('a', 'i'))
	LEFT JOIN pg_tablespace tsp ON (tsp.oid = c.reltablespace)
	LEFT JOIN pg_am am ON (c.relam = am.oid)
	LEFT JOIN pg_class tc ON (c.reltoastrelid = tc.oid AND tc.relkind = 't' AND c.relkind <> 'p')
	WHERE c.relkind IN ('r', 'S', 'v', 'c', 'm', 'f', 'p')
	ORDER BY c.oid
2025-05-14 14:02:25.911 UTC [2465] LOG:  statement: LOCK TABLE public.transactions, public.currentbalance IN ACCESS SHARE MODE
2025-05-14 14:02:25.911 UTC [2465] LOG:  statement: SELECT p.tableoid, p.oid, p.proname, p.prolang, p.pronargs, p.proargtypes, p.prorettype, p.proacl, acldefault('f', p.proowner) AS acldefault, p.pronamespace, p.proowner FROM pg_proc p LEFT JOIN pg_init_privs pip ON (p.oid = pip.objoid AND pip.classoid = 'pg_proc'::regclass AND pip.objsubid = 0) WHERE p.prokind <> 'a'
	  AND NOT EXISTS (SELECT 1 FROM pg_depend WHERE classid = 'pg_proc'::regclass AND objid = p.oid AND deptype = 'i')
	  AND (
	  pronamespace != (SELECT oid FROM pg_namespace WHERE nspname = 'pg_catalog')
	  OR EXISTS (SELECT 1 FROM pg_cast
	  WHERE pg_cast.oid > 16383 
	  AND p.oid = pg_cast.castfunc)
	  OR EXISTS (SELECT 1 FROM pg_transform
	  WHERE pg_transform.oid > 16383 AND 
	  (p.oid = pg_transform.trffromsql
	  OR p.oid = pg_transform.trftosql))
	  OR p.proacl IS DISTINCT FROM pip.initprivs)
2025-05-14 14:02:25.924 UTC [2465] LOG:  statement: SELECT tableoid, oid, typname, typnamespace, typacl, acldefault('T', typowner) AS acldefault, typowner, typelem, typrelid, CASE WHEN typrelid = 0 THEN ' '::"char" ELSE (SELECT relkind FROM pg_class WHERE oid = typrelid) END AS typrelkind, typtype, typisdefined, typname[0] = '_' AND typelem != 0 AND (SELECT typarray FROM pg_type te WHERE oid = pg_type.typelem) = oid AS isarray FROM pg_type
2025-05-14 14:02:25.927 UTC [2465] LOG:  statement: SELECT tableoid, oid, lanname, lanpltrusted, lanplcallfoid, laninline, lanvalidator, lanacl, acldefault('l', lanowner) AS acldefault, lanowner FROM pg_language WHERE lanispl ORDER BY oid
2025-05-14 14:02:25.928 UTC [2465] LOG:  statement: SELECT p.tableoid, p.oid, p.proname AS aggname, p.pronamespace AS aggnamespace, p.pronargs, p.proargtypes, p.proowner, p.proacl AS aggacl, acldefault('f', p.proowner) AS acldefault FROM pg_proc p LEFT JOIN pg_init_privs pip ON (p.oid = pip.objoid AND pip.classoid = 'pg_proc'::regclass AND pip.objsubid = 0) WHERE p.prokind = 'a' AND (p.pronamespace != (SELECT oid FROM pg_namespace WHERE nspname = 'pg_catalog') OR p.proacl IS DISTINCT FROM pip.initprivs)
2025-05-14 14:02:25.929 UTC [2465] LOG:  statement: SELECT tableoid, oid, oprname, oprnamespace, oprowner, oprkind, oprcode::oid AS oprcode FROM pg_operator
2025-05-14 14:02:25.930 UTC [2465] LOG:  statement: SELECT tableoid, oid, amname, amtype, amhandler::pg_catalog.regproc AS amhandler FROM pg_am
2025-05-14 14:02:25.931 UTC [2465] LOG:  statement: SELECT tableoid, oid, opcname, opcnamespace, opcowner FROM pg_opclass
2025-05-14 14:02:25.932 UTC [2465] LOG:  statement: SELECT tableoid, oid, opfname, opfnamespace, opfowner FROM pg_opfamily
2025-05-14 14:02:25.933 UTC [2465] LOG:  statement: SELECT tableoid, oid, prsname, prsnamespace, prsstart::oid, prstoken::oid, prsend::oid, prsheadline::oid, prslextype::oid FROM pg_ts_parser
2025-05-14 14:02:25.934 UTC [2465] LOG:  statement: SELECT tableoid, oid, tmplname, tmplnamespace, tmplinit::oid, tmpllexize::oid FROM pg_ts_template
2025-05-14 14:02:25.935 UTC [2465] LOG:  statement: SELECT tableoid, oid, dictname, dictnamespace, dictowner, dicttemplate, dictinitoption FROM pg_ts_dict
2025-05-14 14:02:25.937 UTC [2465] LOG:  statement: SELECT tableoid, oid, cfgname, cfgnamespace, cfgowner, cfgparser FROM pg_ts_config
2025-05-14 14:02:25.938 UTC [2465] LOG:  statement: SELECT tableoid, oid, fdwname, fdwowner, fdwhandler::pg_catalog.regproc, fdwvalidator::pg_catalog.regproc, fdwacl, acldefault('F', fdwowner) AS acldefault, array_to_string(ARRAY(SELECT quote_ident(option_name) || ' ' || quote_literal(option_value) FROM pg_options_to_table(fdwoptions) ORDER BY option_name), E',
	    ') AS fdwoptions FROM pg_foreign_data_wrapper
2025-05-14 14:02:25.939 UTC [2465] LOG:  statement: SELECT tableoid, oid, srvname, srvowner, srvfdw, srvtype, srvversion, srvacl, acldefault('S', srvowner) AS acldefault, array_to_string(ARRAY(SELECT quote_ident(option_name) || ' ' || quote_literal(option_value) FROM pg_options_to_table(srvoptions) ORDER BY option_name), E',
	    ') AS srvoptions FROM pg_foreign_server
2025-05-14 14:02:25.940 UTC [2465] LOG:  statement: SELECT oid, tableoid, defaclrole, defaclnamespace, defaclobjtype, defaclacl, CASE WHEN defaclnamespace = 0 THEN acldefault(CASE WHEN defaclobjtype = 'S' THEN 's'::"char" ELSE defaclobjtype END, defaclrole) ELSE '{}' END AS acldefault FROM pg_default_acl
2025-05-14 14:02:25.941 UTC [2465] LOG:  statement: SELECT tableoid, oid, collname, collnamespace, collowner FROM pg_collation
2025-05-14 14:02:25.942 UTC [2465] LOG:  statement: SELECT tableoid, oid, conname, connamespace, conowner FROM pg_conversion
2025-05-14 14:02:25.944 UTC [2465] LOG:  statement: SELECT tableoid, oid, castsource, casttarget, castfunc, castcontext, castmethod FROM pg_cast c WHERE NOT EXISTS ( SELECT 1 FROM pg_range r WHERE c.castsource = r.rngtypid AND c.casttarget = r.rngmultitypid ) ORDER BY 3,4
2025-05-14 14:02:25.945 UTC [2465] LOG:  statement: SELECT tableoid, oid, trftype, trflang, trffromsql::oid, trftosql::oid FROM pg_transform ORDER BY 3,4
2025-05-14 14:02:25.946 UTC [2465] LOG:  statement: SELECT inhrelid, inhparent FROM pg_inherits
2025-05-14 14:02:25.946 UTC [2465] LOG:  statement: SELECT e.tableoid, e.oid, evtname, evtenabled, evtevent, evtowner, array_to_string(array(select quote_literal(x)  from unnest(evttags) as t(x)), ', ') as evttags, e.evtfoid::regproc as evtfname FROM pg_event_trigger e ORDER BY e.oid
2025-05-14 14:02:25.947 UTC [2465] LOG:  statement: SELECT conrelid, confrelid FROM pg_constraint JOIN pg_depend ON (objid = confrelid) WHERE contype = 'f' AND refclassid = 'pg_extension'::regclass AND classid = 'pg_class'::regclass;
2025-05-14 14:02:25.950 UTC [2465] LOG:  statement: SELECT
	a.attrelid,
	a.attnum,
	a.attname,
	a.attstattarget,
	a.attstorage,
	t.typstorage,
	a.attnotnull,
	a.atthasdef,
	a.attisdropped,
	a.attlen,
	a.attalign,
	a.attislocal,
	pg_catalog.format_type(t.oid, a.atttypmod) AS atttypname,
	array_to_string(a.attoptions, ', ') AS attoptions,
	CASE WHEN a.attcollation <> t.typcollation THEN a.attcollation ELSE 0 END AS attcollation,
	pg_catalog.array_to_string(ARRAY(SELECT pg_catalog.quote_ident(option_name) || ' ' || pg_catalog.quote_literal(option_value) FROM pg_catalog.pg_options_to_table(attfdwoptions) ORDER BY option_name), E',
	    ') AS attfdwoptions,
	a.attcompression AS attcompression,
	a.attidentity,
	CASE WHEN a.atthasmissing AND NOT a.attisdropped THEN a.attmissingval ELSE null END AS attmissingval,
	a.attgenerated
	FROM unnest('{16394,16405}'::pg_catalog.oid[]) AS src(tbloid)
	JOIN pg_catalog.pg_attribute a ON (src.tbloid = a.attrelid) LEFT JOIN pg_catalog.pg_type t ON (a.atttypid = t.oid)
	WHERE a.attnum > 0::pg_catalog.int2
	ORDER BY a.attrelid, a.attnum
2025-05-14 14:02:25.951 UTC [2465] LOG:  statement: SELECT a.tableoid, a.oid, adrelid, adnum, pg_catalog.pg_get_expr(adbin, adrelid) AS adsrc
	FROM unnest('{16394,16405}'::pg_catalog.oid[]) AS src(tbloid)
	JOIN pg_catalog.pg_attrdef a ON (src.tbloid = a.adrelid)
	ORDER BY a.adrelid, a.adnum
2025-05-14 14:02:25.952 UTC [2465] LOG:  statement: SELECT partrelid FROM pg_partitioned_table WHERE
	(SELECT c.oid FROM pg_opclass c JOIN pg_am a ON c.opcmethod = a.oid
	WHERE opcname = 'enum_ops' AND opcnamespace = 'pg_catalog'::regnamespace AND amname = 'hash') = ANY(partclass)
2025-05-14 14:02:25.952 UTC [2465] LOG:  statement: SELECT t.tableoid, t.oid, i.indrelid, t.relname AS indexname, pg_catalog.pg_get_indexdef(i.indexrelid) AS indexdef, i.indkey, i.indisclustered, c.contype, c.conname, c.condeferrable, c.condeferred, c.tableoid AS contableoid, c.oid AS conoid, pg_catalog.pg_get_constraintdef(c.oid, false) AS condef, (SELECT spcname FROM pg_catalog.pg_tablespace s WHERE s.oid = t.reltablespace) AS tablespace, t.reloptions AS indreloptions, i.indisreplident, inh.inhparent AS parentidx, i.indnkeyatts AS indnkeyatts, i.indnatts AS indnatts, (SELECT pg_catalog.array_agg(attnum ORDER BY attnum)   FROM pg_catalog.pg_attribute   WHERE attrelid = i.indexrelid AND     attstattarget >= 0) AS indstatcols, (SELECT pg_catalog.array_agg(attstattarget ORDER BY attnum)   FROM pg_catalog.pg_attribute   WHERE attrelid = i.indexrelid AND     attstattarget >= 0) AS indstatvals, i.indnullsnotdistinct FROM unnest('{16394,16405}'::pg_catalog.oid[]) AS src(tbloid)
	JOIN pg_catalog.pg_index i ON (src.tbloid = i.indrelid) JOIN pg_catalog.pg_class t ON (t.oid = i.indexrelid) JOIN pg_catalog.pg_class t2 ON (t2.oid = i.indrelid) LEFT JOIN pg_catalog.pg_constraint c ON (i.indrelid = c.conrelid AND i.indexrelid = c.conindid AND c.contype IN ('p','u','x')) LEFT JOIN pg_catalog.pg_inherits inh ON (inh.inhrelid = indexrelid) WHERE (i.indisvalid OR t2.relkind = 'p') AND i.indisready ORDER BY i.indrelid, indexname
2025-05-14 14:02:25.955 UTC [2465] LOG:  statement: SELECT tableoid, oid, stxname, stxnamespace, stxowner, stxrelid, stxstattarget FROM pg_catalog.pg_statistic_ext
2025-05-14 14:02:25.956 UTC [2465] LOG:  statement: SELECT c.tableoid, c.oid, conrelid, conname, confrelid, conindid, pg_catalog.pg_get_constraintdef(c.oid) AS condef
	FROM unnest('{}'::pg_catalog.oid[]) AS src(tbloid)
	JOIN pg_catalog.pg_constraint c ON (src.tbloid = c.conrelid)
	WHERE contype = 'f' AND conparentid = 0 ORDER BY conrelid, conname
2025-05-14 14:02:25.956 UTC [2465] LOG:  statement: SELECT t.tgrelid, t.tgname, t.tgfoid::pg_catalog.regproc AS tgfname, pg_catalog.pg_get_triggerdef(t.oid, false) AS tgdef, t.tgenabled, t.tableoid, t.oid, t.tgparentid <> 0 AS tgispartition
	FROM unnest('{}'::pg_catalog.oid[]) AS src(tbloid)
	JOIN pg_catalog.pg_trigger t ON (src.tbloid = t.tgrelid) LEFT JOIN pg_catalog.pg_trigger u ON (u.oid = t.tgparentid) WHERE ((NOT t.tgisinternal AND t.tgparentid = 0) OR t.tgenabled != u.tgenabled) ORDER BY t.tgrelid, t.tgname
2025-05-14 14:02:25.957 UTC [2465] LOG:  statement: SELECT tableoid, oid, rulename, ev_class AS ruletable, ev_type, is_instead, ev_enabled FROM pg_rewrite ORDER BY oid
2025-05-14 14:02:25.958 UTC [2465] LOG:  statement: SELECT pol.oid, pol.tableoid, pol.polrelid, pol.polname, pol.polcmd, pol.polpermissive, CASE WHEN pol.polroles = '{0}' THEN NULL ELSE    pg_catalog.array_to_string(ARRAY(SELECT pg_catalog.quote_ident(rolname) from pg_catalog.pg_roles WHERE oid = ANY(pol.polroles)), ', ') END AS polroles, pg_catalog.pg_get_expr(pol.polqual, pol.polrelid) AS polqual, pg_catalog.pg_get_expr(pol.polwithcheck, pol.polrelid) AS polwithcheck FROM unnest('{16394,16405}'::pg_catalog.oid[]) AS src(tbloid)
	JOIN pg_catalog.pg_policy pol ON (src.tbloid = pol.polrelid)
2025-05-14 14:02:25.959 UTC [2465] LOG:  statement: SELECT p.tableoid, p.oid, p.pubname, p.pubowner, p.puballtables, p.pubinsert, p.pubupdate, p.pubdelete, p.pubtruncate, p.pubviaroot FROM pg_publication p
2025-05-14 14:02:25.960 UTC [2465] LOG:  statement: SELECT tableoid, oid, prpubid, prrelid, pg_catalog.pg_get_expr(prqual, prrelid) AS prrelqual, (CASE
	  WHEN pr.prattrs IS NOT NULL THEN
	    (SELECT array_agg(attname)
	       FROM
	         pg_catalog.generate_series(0, pg_catalog.array_upper(pr.prattrs::pg_catalog.int2[], 1)) s,
	         pg_catalog.pg_attribute
	      WHERE attrelid = pr.prrelid AND attnum = prattrs[s])
	  ELSE NULL END) prattrs FROM pg_catalog.pg_publication_rel pr
2025-05-14 14:02:25.961 UTC [2465] LOG:  statement: SELECT tableoid, oid, pnpubid, pnnspid FROM pg_catalog.pg_publication_namespace
2025-05-14 14:02:25.961 UTC [2465] LOG:  statement: SELECT s.tableoid, s.oid, s.subname,
	 s.subowner,
	 s.subconninfo, s.subslotname, s.subsynccommit,
	 s.subpublications,
	 s.subbinary,
	 s.substream,
	 s.subtwophasestate,
	 s.subdisableonerr,
	 s.subpasswordrequired,
	 s.subrunasowner,
	 s.suborigin
	FROM pg_subscription s
	WHERE s.subdbid = (SELECT oid FROM pg_database
	                   WHERE datname = current_database())
2025-05-14 14:02:25.962 UTC [2465] LOG:  statement: WITH RECURSIVE w AS ( SELECT d1.objid, d2.refobjid, c2.relkind AS refrelkind FROM pg_depend d1 JOIN pg_class c1 ON c1.oid = d1.objid AND c1.relkind = 'm' JOIN pg_rewrite r1 ON r1.ev_class = d1.objid JOIN pg_depend d2 ON d2.classid = 'pg_rewrite'::regclass AND d2.objid = r1.oid AND d2.refobjid <> d1.objid JOIN pg_class c2 ON c2.oid = d2.refobjid AND c2.relkind IN ('m','v') WHERE d1.classid = 'pg_class'::regclass UNION SELECT w.objid, d3.refobjid, c3.relkind FROM w JOIN pg_rewrite r3 ON r3.ev_class = w.refobjid JOIN pg_depend d3 ON d3.classid = 'pg_rewrite'::regclass AND d3.objid = r3.oid AND d3.refobjid <> w.refobjid JOIN pg_class c3 ON c3.oid = d3.refobjid AND c3.relkind IN ('m','v') ) SELECT 'pg_class'::regclass::oid AS classid, objid, refobjid FROM w WHERE refrelkind = 'm'
2025-05-14 14:02:25.963 UTC [2465] LOG:  statement: SELECT oid, lomowner, lomacl, acldefault('L', lomowner) AS acldefault FROM pg_largeobject_metadata
2025-05-14 14:02:25.963 UTC [2465] LOG:  statement: SELECT classid, objid, refclassid, refobjid, deptype FROM pg_depend WHERE deptype != 'p' AND deptype != 'e'
	UNION ALL
	SELECT 'pg_opfamily'::regclass AS classid, amopfamily AS objid, refclassid, refobjid, deptype FROM pg_depend d, pg_amop o WHERE deptype NOT IN ('p', 'e', 'i') AND classid = 'pg_amop'::regclass AND objid = o.oid AND NOT (refclassid = 'pg_opfamily'::regclass AND amopfamily = refobjid)
	UNION ALL
	SELECT 'pg_opfamily'::regclass AS classid, amprocfamily AS objid, refclassid, refobjid, deptype FROM pg_depend d, pg_amproc p WHERE deptype NOT IN ('p', 'e', 'i') AND classid = 'pg_amproc'::regclass AND objid = p.oid AND NOT (refclassid = 'pg_opfamily'::regclass AND amprocfamily = refobjid)
	ORDER BY 1,2
2025-05-14 14:02:25.967 UTC [2465] LOG:  statement: SELECT DISTINCT attrelid FROM pg_attribute WHERE attacl IS NOT NULL
2025-05-14 14:02:25.970 UTC [2465] LOG:  statement: SELECT objoid, classoid, objsubid, privtype, initprivs FROM pg_init_privs
2025-05-14 14:02:25.971 UTC [2465] LOG:  statement: SELECT description, classoid, objoid, objsubid FROM pg_catalog.pg_description ORDER BY classoid, objoid, objsubid
2025-05-14 14:02:25.978 UTC [2465] LOG:  statement: SELECT label, provider, classoid, objoid, objsubid FROM pg_catalog.pg_seclabel ORDER BY classoid, objoid, objsubid
2025-05-14 14:02:25.979 UTC [2465] LOG:  statement: SELECT pg_catalog.current_schemas(false)
2025-05-14 14:02:25.980 UTC [2465] LOG:  statement: PREPARE dumpEnumType(pg_catalog.oid) AS
	SELECT oid, enumlabel FROM pg_catalog.pg_enum WHERE enumtypid = $1 ORDER BY enumsortorder
2025-05-14 14:02:25.980 UTC [2465] LOG:  statement: EXECUTE dumpEnumType('16386')
2025-05-14 14:02:25.980 UTC [2465] DETAIL:  prepare: PREPARE dumpEnumType(pg_catalog.oid) AS
	SELECT oid, enumlabel FROM pg_catalog.pg_enum WHERE enumtypid = $1 ORDER BY enumsortorder
2025-05-14 14:02:25.980 UTC [2465] LOG:  statement: PREPARE getColumnACLs(pg_catalog.oid) AS
	SELECT at.attname, at.attacl, '{}' AS acldefault, pip.privtype, pip.initprivs FROM pg_catalog.pg_attribute at LEFT JOIN pg_catalog.pg_init_privs pip ON (at.attrelid = pip.objoid AND pip.classoid = 'pg_catalog.pg_class'::pg_catalog.regclass AND at.attnum = pip.objsubid) WHERE at.attrelid = $1 AND NOT at.attisdropped AND (at.attacl IS NOT NULL OR pip.initprivs IS NOT NULL) ORDER BY at.attnum
2025-05-14 14:02:25.980 UTC [2465] LOG:  statement: EXECUTE getColumnACLs('6100')
2025-05-14 14:02:25.980 UTC [2465] DETAIL:  prepare: PREPARE getColumnACLs(pg_catalog.oid) AS
	SELECT at.attname, at.attacl, '{}' AS acldefault, pip.privtype, pip.initprivs FROM pg_catalog.pg_attribute at LEFT JOIN pg_catalog.pg_init_privs pip ON (at.attrelid = pip.objoid AND pip.classoid = 'pg_catalog.pg_class'::pg_catalog.regclass AND at.attnum = pip.objsubid) WHERE at.attrelid = $1 AND NOT at.attisdropped AND (at.attacl IS NOT NULL OR pip.initprivs IS NOT NULL) ORDER BY at.attnum
2025-05-14 14:02:25.981 UTC [2465] LOG:  statement: SELECT format_type(seqtypid, NULL), seqstart, seqincrement, seqmax, seqmin, seqcache, seqcycle FROM pg_catalog.pg_sequence WHERE seqrelid = '16404'::oid
2025-05-14 14:02:25.981 UTC [2465] LOG:  statement: SELECT format_type(seqtypid, NULL), seqstart, seqincrement, seqmax, seqmin, seqcache, seqcycle FROM pg_catalog.pg_sequence WHERE seqrelid = '16393'::oid
2025-05-14 14:02:25.981 UTC [2465] LOG:  statement: SELECT last_value, is_called FROM public.currentbalance_id_seq
2025-05-14 14:02:25.982 UTC [2465] LOG:  statement: SELECT last_value, is_called FROM public.transactions_id_seq
2025-05-14 14:02:25.982 UTC [2465] LOG:  statement: COPY public.currentbalance (id, balance) TO stdout;
2025-05-14 14:02:25.982 UTC [2465] LOG:  statement: COPY public.transactions (id, date, "time", type, amount, name, ref, fee, remarks, created_at, updated_at) TO stdout;
