2025-05-12 13:42:57.900 UTC [1] LOG:  starting PostgreSQL 16.8 (Debian 16.8-1.pgdg120+1) on x86_64-pc-linux-gnu, compiled by gcc (Debian 12.2.0-14) 12.2.0, 64-bit
2025-05-12 13:42:57.901 UTC [1] LOG:  listening on IPv4 address "0.0.0.0", port 5432
2025-05-12 13:42:57.901 UTC [1] LOG:  listening on IPv6 address "::", port 5432
2025-05-12 13:42:57.910 UTC [1] LOG:  listening on Unix socket "/var/run/postgresql/.s.PGSQL.5432"
2025-05-12 13:42:57.926 UTC [30] LOG:  database system was interrupted; last known up at 2025-05-11 14:35:29 UTC
2025-05-12 13:42:58.278 UTC [30] LOG:  database system was not properly shut down; automatic recovery in progress
2025-05-12 13:42:58.284 UTC [30] LOG:  redo starts at 0/1A51D10
2025-05-12 13:42:58.284 UTC [30] LOG:  invalid record length at 0/1A51DF8: expected at least 24, got 0
2025-05-12 13:42:58.284 UTC [30] LOG:  redo done at 0/1A51DC0 system usage: CPU: user: 0.00 s, system: 0.00 s, elapsed: 0.00 s
2025-05-12 13:42:58.289 UTC [28] LOG:  checkpoint starting: end-of-recovery immediate wait
2025-05-12 13:42:58.316 UTC [28] LOG:  checkpoint complete: wrote 3 buffers (0.0%); 0 WAL file(s) added, 0 removed, 0 recycled; write=0.007 s, sync=0.005 s, total=0.029 s; sync files=2, longest=0.003 s, average=0.003 s; distance=0 kB, estimate=0 kB; lsn=0/1A51DF8, redo lsn=0/1A51DF8
2025-05-12 13:42:58.330 UTC [1] LOG:  database system is ready to accept connections
2025-05-12 13:42:58.968 UTC [34] LOG:  statement: 
	      SELECT EXISTS (
	        SELECT 1 FROM pg_type WHERE typname = 'transaction_type'
	      ) AS type_exists;
	    
2025-05-12 13:42:58.984 UTC [34] LOG:  statement: 
	        SELECT e.enumlabel
	        FROM pg_enum e
	        JOIN pg_type t ON e.enumtypid = t.oid
	        WHERE t.typname = 'transaction_type'
	        ORDER BY e.enumsortorder;
	      
2025-05-12 13:42:58.989 UTC [34] LOG:  statement: 
	      CREATE TABLE IF NOT EXISTS Transactions (
	        id SERIAL PRIMARY KEY,
	        date TEXT NOT NULL,
	        time TEXT NOT NULL,
	        type transaction_type NOT NULL,
	        amount TEXT NOT NULL,
	        name TEXT NOT NULL,
	        ref TEXT NOT NULL,
	        fee TEXT NOT NULL,
	        remarks TEXT NOT NULL,
	        created_at TIMESTAMP DEFAULT CURRENT_TIMESTAMP,
	        updated_at TIMESTAMP DEFAULT CURRENT_TIMESTAMP
	      );
	    
2025-05-12 13:42:58.990 UTC [34] LOG:  statement: 
	      DO $$ 
	      BEGIN
	        IF NOT EXISTS (SELECT 1 FROM information_schema.columns 
	                       WHERE table_name = 'transactions' AND column_name = 'created_at') THEN
	          ALTER TABLE Transactions ADD COLUMN created_at TIMESTAMP DEFAULT CURRENT_TIMESTAMP;
	        END IF;
	        IF NOT EXISTS (SELECT 1 FROM information_schema.columns 
	                       WHERE table_name = 'transactions' AND column_name = 'updated_at') THEN
	          ALTER TABLE Transactions ADD COLUMN updated_at TIMESTAMP DEFAULT CURRENT_TIMESTAMP;
	        END IF;
	      END $$;
	    
2025-05-12 13:42:59.013 UTC [34] LOG:  statement: 
	      CREATE TABLE IF NOT EXISTS CurrentBalance (
	        id SERIAL PRIMARY KEY,
	        balance DECIMAL NOT NULL DEFAULT 0.00
	      );
	    
2025-05-12 13:42:59.014 UTC [34] LOG:  statement: SELECT * FROM CurrentBalance
2025-05-12 13:44:01.766 UTC [85] LOG:  statement: SELECT balance FROM CurrentBalance WHERE id = 1
2025-05-12 13:44:01.767 UTC [86] LOG:  execute <unnamed>: SELECT * FROM Transactions WHERE date = $1 ORDER BY id DESC
2025-05-12 13:44:01.767 UTC [86] DETAIL:  parameters: $1 = '2025-05-12'
2025-05-12 13:44:01.775 UTC [87] LOG:  statement: SELECT * FROM Transactions ORDER BY id DESC LIMIT 1
2025-05-12 13:44:01.777 UTC [89] LOG:  statement: 
	      SELECT type, COUNT(*) as count
	      FROM Transactions
	      GROUP BY type
	    
2025-05-12 13:44:01.778 UTC [88] LOG:  execute <unnamed>: 
	      SELECT date, SUM(CAST(amount AS DECIMAL)) as total_amount
	      FROM Transactions
	      WHERE date >= $1
	      GROUP BY date
	      ORDER BY date ASC
	    
2025-05-12 13:44:01.778 UTC [88] DETAIL:  parameters: $1 = '2025-05-06'
2025-05-12 13:44:01.780 UTC [88] LOG:  statement: SELECT * FROM Transactions ORDER BY id DESC LIMIT 1
2025-05-12 13:44:10.396 UTC [88] LOG:  execute <unnamed>: UPDATE CurrentBalance SET balance = $1 WHERE id = 1
2025-05-12 13:44:10.396 UTC [88] DETAIL:  parameters: $1 = '3995.77'
2025-05-12 13:44:11.618 UTC [88] LOG:  statement: SELECT balance FROM CurrentBalance WHERE id = 1
2025-05-12 13:44:27.658 UTC [114] LOG:  execute <unnamed>: INSERT INTO Transactions (date, time, type, amount, name, ref, fee, remarks, created_at, updated_at)
	       VALUES ($1, $2, $3, $4, $5, $6, $7, $8, CURRENT_TIMESTAMP, CURRENT_TIMESTAMP)
	       RETURNING id
2025-05-12 13:44:27.658 UTC [114] DETAIL:  parameters: $1 = '2025-05-12', $2 = '08:18', $3 = 'Cash In', $4 = '100', $5 = 'LA I G.', $6 = '37849', $7 = '10', $8 = 'CUANA'
2025-05-12 13:44:27.661 UTC [114] LOG:  execute <unnamed>: UPDATE CurrentBalance SET balance = balance + $1 WHERE id = 1
2025-05-12 13:44:27.661 UTC [114] DETAIL:  parameters: $1 = '-100'
2025-05-12 13:44:28.313 UTC [114] LOG:  execute <unnamed>: SELECT * FROM Transactions WHERE date = $1 ORDER BY id DESC
2025-05-12 13:44:28.313 UTC [114] DETAIL:  parameters: $1 = '2025-05-12'
2025-05-12 13:44:28.316 UTC [114] LOG:  statement: SELECT balance FROM CurrentBalance WHERE id = 1
2025-05-12 13:44:28.321 UTC [114] LOG:  execute <unnamed>: 
	      SELECT 
	        name,
	        SUM(CASE WHEN type = 'Cash In' THEN 1 ELSE 0 END) AS cash_in_count,
	        SUM(CASE WHEN type = 'Cash Out' THEN 1 ELSE 0 END) AS cash_out_count,
	        SUM(CASE WHEN type = 'Load' THEN 1 ELSE 0 END) AS load_count,
	        MAX(date) AS last_transaction
	      FROM Transactions
	    
	      GROUP BY name
	      ORDER BY name ASC
	      LIMIT $1 OFFSET $2
	    
2025-05-12 13:44:28.321 UTC [114] DETAIL:  parameters: $1 = '10', $2 = '0'
2025-05-12 13:44:28.325 UTC [116] LOG:  statement: 
	      SELECT type, COUNT(*) as count
	      FROM Transactions
	      GROUP BY type
	    
2025-05-12 13:44:28.325 UTC [117] LOG:  statement: 
	      SELECT COUNT(DISTINCT name) AS total_users
	      FROM Transactions
	    
2025-05-12 13:44:28.325 UTC [115] LOG:  execute <unnamed>: 
	      SELECT date, SUM(CAST(amount AS DECIMAL)) as total_amount
	      FROM Transactions
	      WHERE date >= $1
	      GROUP BY date
	      ORDER BY date ASC
	    
2025-05-12 13:44:28.325 UTC [115] DETAIL:  parameters: $1 = '2025-05-06'
2025-05-12 13:44:28.326 UTC [118] LOG:  statement: SELECT * FROM Transactions ORDER BY id DESC LIMIT 1
2025-05-12 13:44:44.410 UTC [135] LOG:  execute <unnamed>: INSERT INTO Transactions (date, time, type, amount, name, ref, fee, remarks, created_at, updated_at)
	       VALUES ($1, $2, $3, $4, $5, $6, $7, $8, CURRENT_TIMESTAMP, CURRENT_TIMESTAMP)
	       RETURNING id
2025-05-12 13:44:44.410 UTC [135] DETAIL:  parameters: $1 = '2025-05-12', $2 = '08:36', $3 = 'Cash Out', $4 = '1730', $5 = 'RENATO F.', $6 = '53932', $7 = '40', $8 = 'CLAIMED'
2025-05-12 13:44:44.413 UTC [135] LOG:  execute <unnamed>: UPDATE CurrentBalance SET balance = balance + $1 WHERE id = 1
2025-05-12 13:44:44.413 UTC [135] DETAIL:  parameters: $1 = '1730'
2025-05-12 13:44:44.618 UTC [135] LOG:  execute <unnamed>: SELECT * FROM Transactions WHERE date = $1 ORDER BY id DESC
2025-05-12 13:44:44.618 UTC [135] DETAIL:  parameters: $1 = '2025-05-12'
2025-05-12 13:44:44.619 UTC [135] LOG:  statement: SELECT balance FROM CurrentBalance WHERE id = 1
2025-05-12 13:44:44.621 UTC [135] LOG:  statement: 
	      SELECT type, COUNT(*) as count
	      FROM Transactions
	      GROUP BY type
	    
2025-05-12 13:44:44.623 UTC [135] LOG:  statement: SELECT * FROM Transactions ORDER BY id DESC LIMIT 1
2025-05-12 13:44:44.628 UTC [138] LOG:  statement: 
	      SELECT COUNT(DISTINCT name) AS total_users
	      FROM Transactions
	    
2025-05-12 13:44:44.628 UTC [136] LOG:  execute <unnamed>: 
	      SELECT date, SUM(CAST(amount AS DECIMAL)) as total_amount
	      FROM Transactions
	      WHERE date >= $1
	      GROUP BY date
	      ORDER BY date ASC
	    
2025-05-12 13:44:44.628 UTC [136] DETAIL:  parameters: $1 = '2025-05-06'
2025-05-12 13:44:44.630 UTC [137] LOG:  execute <unnamed>: 
	      SELECT 
	        name,
	        SUM(CASE WHEN type = 'Cash In' THEN 1 ELSE 0 END) AS cash_in_count,
	        SUM(CASE WHEN type = 'Cash Out' THEN 1 ELSE 0 END) AS cash_out_count,
	        SUM(CASE WHEN type = 'Load' THEN 1 ELSE 0 END) AS load_count,
	        MAX(date) AS last_transaction
	      FROM Transactions
	    
	      GROUP BY name
	      ORDER BY name ASC
	      LIMIT $1 OFFSET $2
	    
2025-05-12 13:44:44.630 UTC [137] DETAIL:  parameters: $1 = '10', $2 = '0'
2025-05-12 13:45:02.164 UTC [148] LOG:  execute <unnamed>: INSERT INTO Transactions (date, time, type, amount, name, ref, fee, remarks, created_at, updated_at)
	       VALUES ($1, $2, $3, $4, $5, $6, $7, $8, CURRENT_TIMESTAMP, CURRENT_TIMESTAMP)
	       RETURNING id
2025-05-12 13:45:02.164 UTC [148] DETAIL:  parameters: $1 = '2025-05-12', $2 = '09:17', $3 = 'Cash In', $4 = '1500', $5 = 'EMILY F.', $6 = '307892', $7 = '30', $8 = 'SENT'
2025-05-12 13:45:02.166 UTC [148] LOG:  execute <unnamed>: UPDATE CurrentBalance SET balance = balance + $1 WHERE id = 1
2025-05-12 13:45:02.166 UTC [148] DETAIL:  parameters: $1 = '-1500'
2025-05-12 13:45:02.453 UTC [148] LOG:  execute <unnamed>: SELECT * FROM Transactions WHERE date = $1 ORDER BY id DESC
2025-05-12 13:45:02.453 UTC [148] DETAIL:  parameters: $1 = '2025-05-12'
2025-05-12 13:45:02.454 UTC [148] LOG:  statement: SELECT balance FROM CurrentBalance WHERE id = 1
2025-05-12 13:45:02.456 UTC [148] LOG:  statement: 
	      SELECT type, COUNT(*) as count
	      FROM Transactions
	      GROUP BY type
	    
2025-05-12 13:45:02.459 UTC [148] LOG:  statement: SELECT * FROM Transactions ORDER BY id DESC LIMIT 1
2025-05-12 13:45:02.463 UTC [151] LOG:  statement: 
	      SELECT COUNT(DISTINCT name) AS total_users
	      FROM Transactions
	    
2025-05-12 13:45:02.463 UTC [149] LOG:  execute <unnamed>: 
	      SELECT date, SUM(CAST(amount AS DECIMAL)) as total_amount
	      FROM Transactions
	      WHERE date >= $1
	      GROUP BY date
	      ORDER BY date ASC
	    
2025-05-12 13:45:02.463 UTC [149] DETAIL:  parameters: $1 = '2025-05-06'
2025-05-12 13:45:02.464 UTC [150] LOG:  execute <unnamed>: 
	      SELECT 
	        name,
	        SUM(CASE WHEN type = 'Cash In' THEN 1 ELSE 0 END) AS cash_in_count,
	        SUM(CASE WHEN type = 'Cash Out' THEN 1 ELSE 0 END) AS cash_out_count,
	        SUM(CASE WHEN type = 'Load' THEN 1 ELSE 0 END) AS load_count,
	        MAX(date) AS last_transaction
	      FROM Transactions
	    
	      GROUP BY name
	      ORDER BY name ASC
	      LIMIT $1 OFFSET $2
	    
2025-05-12 13:45:02.464 UTC [150] DETAIL:  parameters: $1 = '10', $2 = '0'
2025-05-12 13:45:18.540 UTC [168] LOG:  execute <unnamed>: INSERT INTO Transactions (date, time, type, amount, name, ref, fee, remarks, created_at, updated_at)
	       VALUES ($1, $2, $3, $4, $5, $6, $7, $8, CURRENT_TIMESTAMP, CURRENT_TIMESTAMP)
	       RETURNING id
2025-05-12 13:45:18.540 UTC [168] DETAIL:  parameters: $1 = '2025-05-12', $2 = '09:20', $3 = 'Cash Out', $4 = '1250', $5 = 'JO E G.', $6 = '68311', $7 = '30', $8 = 'CLAIMED'
2025-05-12 13:45:18.542 UTC [168] LOG:  execute <unnamed>: UPDATE CurrentBalance SET balance = balance + $1 WHERE id = 1
2025-05-12 13:45:18.542 UTC [168] DETAIL:  parameters: $1 = '1250'
2025-05-12 13:45:18.845 UTC [168] LOG:  execute <unnamed>: SELECT * FROM Transactions WHERE date = $1 ORDER BY id DESC
2025-05-12 13:45:18.845 UTC [168] DETAIL:  parameters: $1 = '2025-05-12'
2025-05-12 13:45:18.846 UTC [168] LOG:  statement: SELECT balance FROM CurrentBalance WHERE id = 1
2025-05-12 13:45:18.848 UTC [168] LOG:  statement: 
	      SELECT type, COUNT(*) as count
	      FROM Transactions
	      GROUP BY type
	    
2025-05-12 13:45:18.850 UTC [168] LOG:  statement: SELECT * FROM Transactions ORDER BY id DESC LIMIT 1
2025-05-12 13:45:18.855 UTC [169] LOG:  execute <unnamed>: 
	      SELECT date, SUM(CAST(amount AS DECIMAL)) as total_amount
	      FROM Transactions
	      WHERE date >= $1
	      GROUP BY date
	      ORDER BY date ASC
	    
2025-05-12 13:45:18.855 UTC [169] DETAIL:  parameters: $1 = '2025-05-06'
2025-05-12 13:45:18.856 UTC [171] LOG:  statement: 
	      SELECT COUNT(DISTINCT name) AS total_users
	      FROM Transactions
	    
2025-05-12 13:45:18.856 UTC [170] LOG:  execute <unnamed>: 
	      SELECT 
	        name,
	        SUM(CASE WHEN type = 'Cash In' THEN 1 ELSE 0 END) AS cash_in_count,
	        SUM(CASE WHEN type = 'Cash Out' THEN 1 ELSE 0 END) AS cash_out_count,
	        SUM(CASE WHEN type = 'Load' THEN 1 ELSE 0 END) AS load_count,
	        MAX(date) AS last_transaction
	      FROM Transactions
	    
	      GROUP BY name
	      ORDER BY name ASC
	      LIMIT $1 OFFSET $2
	    
2025-05-12 13:45:18.856 UTC [170] DETAIL:  parameters: $1 = '10', $2 = '0'
2025-05-12 13:45:32.172 UTC [180] LOG:  execute <unnamed>: INSERT INTO Transactions (date, time, type, amount, name, ref, fee, remarks, created_at, updated_at)
	       VALUES ($1, $2, $3, $4, $5, $6, $7, $8, CURRENT_TIMESTAMP, CURRENT_TIMESTAMP)
	       RETURNING id
2025-05-12 13:45:32.172 UTC [180] DETAIL:  parameters: $1 = '2025-05-12', $2 = '10:17', $3 = 'Cash Out', $4 = '510', $5 = 'JA N A.', $6 = '92897', $7 = '10', $8 = 'CLAIMED'
2025-05-12 13:45:32.174 UTC [180] LOG:  execute <unnamed>: UPDATE CurrentBalance SET balance = balance + $1 WHERE id = 1
2025-05-12 13:45:32.174 UTC [180] DETAIL:  parameters: $1 = '510'
2025-05-12 13:45:32.380 UTC [180] LOG:  execute <unnamed>: SELECT * FROM Transactions WHERE date = $1 ORDER BY id DESC
2025-05-12 13:45:32.380 UTC [180] DETAIL:  parameters: $1 = '2025-05-12'
2025-05-12 13:45:32.381 UTC [180] LOG:  statement: SELECT balance FROM CurrentBalance WHERE id = 1
2025-05-12 13:45:32.383 UTC [180] LOG:  execute <unnamed>: 
	      SELECT date, SUM(CAST(amount AS DECIMAL)) as total_amount
	      FROM Transactions
	      WHERE date >= $1
	      GROUP BY date
	      ORDER BY date ASC
	    
2025-05-12 13:45:32.383 UTC [180] DETAIL:  parameters: $1 = '2025-05-06'
2025-05-12 13:45:32.385 UTC [180] LOG:  execute <unnamed>: 
	      SELECT 
	        name,
	        SUM(CASE WHEN type = 'Cash In' THEN 1 ELSE 0 END) AS cash_in_count,
	        SUM(CASE WHEN type = 'Cash Out' THEN 1 ELSE 0 END) AS cash_out_count,
	        SUM(CASE WHEN type = 'Load' THEN 1 ELSE 0 END) AS load_count,
	        MAX(date) AS last_transaction
	      FROM Transactions
	    
	      GROUP BY name
	      ORDER BY name ASC
	      LIMIT $1 OFFSET $2
	    
2025-05-12 13:45:32.385 UTC [180] DETAIL:  parameters: $1 = '10', $2 = '0'
2025-05-12 13:45:32.390 UTC [181] LOG:  statement: 
	      SELECT type, COUNT(*) as count
	      FROM Transactions
	      GROUP BY type
	    
2025-05-12 13:45:32.391 UTC [183] LOG:  statement: SELECT * FROM Transactions ORDER BY id DESC LIMIT 1
2025-05-12 13:45:32.391 UTC [182] LOG:  statement: 
	      SELECT COUNT(DISTINCT name) AS total_users
	      FROM Transactions
	    
2025-05-12 13:46:48.405 UTC [201] LOG:  execute <unnamed>: INSERT INTO Transactions (date, time, type, amount, name, ref, fee, remarks, created_at, updated_at)
	       VALUES ($1, $2, $3, $4, $5, $6, $7, $8, CURRENT_TIMESTAMP, CURRENT_TIMESTAMP)
	       RETURNING id
2025-05-12 13:46:48.405 UTC [201] DETAIL:  parameters: $1 = '2025-05-12', $2 = '13:11', $3 = 'Cash Out', $4 = '2040', $5 = 'KE D F.', $6 = '809829', $7 = '40', $8 = 'CLAIMED'
2025-05-12 13:46:48.407 UTC [201] LOG:  execute <unnamed>: UPDATE CurrentBalance SET balance = balance + $1 WHERE id = 1
2025-05-12 13:46:48.407 UTC [201] DETAIL:  parameters: $1 = '2040'
2025-05-12 13:45:50.293 UTC [201] LOG:  execute <unnamed>: SELECT * FROM Transactions WHERE date = $1 ORDER BY id DESC
2025-05-12 13:45:50.293 UTC [201] DETAIL:  parameters: $1 = '2025-05-12'
2025-05-12 13:45:50.294 UTC [201] LOG:  statement: SELECT balance FROM CurrentBalance WHERE id = 1
2025-05-12 13:45:50.296 UTC [201] LOG:  statement: 
	      SELECT type, COUNT(*) as count
	      FROM Transactions
	      GROUP BY type
	    
2025-05-12 13:45:50.300 UTC [201] LOG:  statement: SELECT * FROM Transactions ORDER BY id DESC LIMIT 1
2025-05-12 13:45:50.303 UTC [204] LOG:  statement: 
	      SELECT COUNT(DISTINCT name) AS total_users
	      FROM Transactions
	    
2025-05-12 13:45:50.303 UTC [202] LOG:  execute <unnamed>: 
	      SELECT date, SUM(CAST(amount AS DECIMAL)) as total_amount
	      FROM Transactions
	      WHERE date >= $1
	      GROUP BY date
	      ORDER BY date ASC
	    
2025-05-12 13:45:50.303 UTC [202] DETAIL:  parameters: $1 = '2025-05-06'
2025-05-12 13:45:50.304 UTC [203] LOG:  execute <unnamed>: 
	      SELECT 
	        name,
	        SUM(CASE WHEN type = 'Cash In' THEN 1 ELSE 0 END) AS cash_in_count,
	        SUM(CASE WHEN type = 'Cash Out' THEN 1 ELSE 0 END) AS cash_out_count,
	        SUM(CASE WHEN type = 'Load' THEN 1 ELSE 0 END) AS load_count,
	        MAX(date) AS last_transaction
	      FROM Transactions
	    
	      GROUP BY name
	      ORDER BY name ASC
	      LIMIT $1 OFFSET $2
	    
2025-05-12 13:45:50.304 UTC [203] DETAIL:  parameters: $1 = '10', $2 = '0'
2025-05-12 13:46:05.614 UTC [222] LOG:  execute <unnamed>: INSERT INTO Transactions (date, time, type, amount, name, ref, fee, remarks, created_at, updated_at)
	       VALUES ($1, $2, $3, $4, $5, $6, $7, $8, CURRENT_TIMESTAMP, CURRENT_TIMESTAMP)
	       RETURNING id
2025-05-12 13:46:05.614 UTC [222] DETAIL:  parameters: $1 = '2025-05-12', $2 = '13:36', $3 = 'Cash In', $4 = '2000', $5 = 'EMILY F.', $6 = '408824', $7 = '40', $8 = 'CLAIMED'
2025-05-12 13:46:05.616 UTC [222] LOG:  execute <unnamed>: UPDATE CurrentBalance SET balance = balance + $1 WHERE id = 1
2025-05-12 13:46:05.616 UTC [222] DETAIL:  parameters: $1 = '-2000'
2025-05-12 13:46:05.838 UTC [222] LOG:  execute <unnamed>: SELECT * FROM Transactions WHERE date = $1 ORDER BY id DESC
2025-05-12 13:46:05.838 UTC [222] DETAIL:  parameters: $1 = '2025-05-12'
2025-05-12 13:46:05.840 UTC [222] LOG:  statement: SELECT balance FROM CurrentBalance WHERE id = 1
2025-05-12 13:46:05.841 UTC [222] LOG:  statement: 
	      SELECT type, COUNT(*) as count
	      FROM Transactions
	      GROUP BY type
	    
2025-05-12 13:46:05.844 UTC [222] LOG:  execute <unnamed>: 
	      SELECT 
	        name,
	        SUM(CASE WHEN type = 'Cash In' THEN 1 ELSE 0 END) AS cash_in_count,
	        SUM(CASE WHEN type = 'Cash Out' THEN 1 ELSE 0 END) AS cash_out_count,
	        SUM(CASE WHEN type = 'Load' THEN 1 ELSE 0 END) AS load_count,
	        MAX(date) AS last_transaction
	      FROM Transactions
	    
	      GROUP BY name
	      ORDER BY name ASC
	      LIMIT $1 OFFSET $2
	    
2025-05-12 13:46:05.844 UTC [222] DETAIL:  parameters: $1 = '10', $2 = '0'
2025-05-12 13:46:05.848 UTC [223] LOG:  execute <unnamed>: 
	      SELECT date, SUM(CAST(amount AS DECIMAL)) as total_amount
	      FROM Transactions
	      WHERE date >= $1
	      GROUP BY date
	      ORDER BY date ASC
	    
2025-05-12 13:46:05.848 UTC [223] DETAIL:  parameters: $1 = '2025-05-06'
2025-05-12 13:46:05.849 UTC [224] LOG:  statement: 
	      SELECT COUNT(DISTINCT name) AS total_users
	      FROM Transactions
	    
2025-05-12 13:46:05.849 UTC [225] LOG:  statement: SELECT * FROM Transactions ORDER BY id DESC LIMIT 1
2025-05-12 13:46:18.857 UTC [234] LOG:  execute <unnamed>: INSERT INTO Transactions (date, time, type, amount, name, ref, fee, remarks, created_at, updated_at)
	       VALUES ($1, $2, $3, $4, $5, $6, $7, $8, CURRENT_TIMESTAMP, CURRENT_TIMESTAMP)
	       RETURNING id
2025-05-12 13:46:18.857 UTC [234] DETAIL:  parameters: $1 = '2025-05-12', $2 = '14:12', $3 = 'Cash Out', $4 = '3570', $5 = 'ENRICO D.', $6 = '94793', $7 = '70', $8 = 'CLAIMED'
2025-05-12 13:46:18.859 UTC [234] LOG:  execute <unnamed>: UPDATE CurrentBalance SET balance = balance + $1 WHERE id = 1
2025-05-12 13:46:18.859 UTC [234] DETAIL:  parameters: $1 = '3570'
2025-05-12 13:46:19.082 UTC [234] LOG:  execute <unnamed>: SELECT * FROM Transactions WHERE date = $1 ORDER BY id DESC
2025-05-12 13:46:19.082 UTC [234] DETAIL:  parameters: $1 = '2025-05-12'
2025-05-12 13:46:19.083 UTC [234] LOG:  statement: SELECT balance FROM CurrentBalance WHERE id = 1
2025-05-12 13:46:19.085 UTC [234] LOG:  statement: 
	      SELECT type, COUNT(*) as count
	      FROM Transactions
	      GROUP BY type
	    
2025-05-12 13:46:19.088 UTC [234] LOG:  statement: SELECT * FROM Transactions ORDER BY id DESC LIMIT 1
2025-05-12 13:46:19.091 UTC [235] LOG:  execute <unnamed>: 
	      SELECT date, SUM(CAST(amount AS DECIMAL)) as total_amount
	      FROM Transactions
	      WHERE date >= $1
	      GROUP BY date
	      ORDER BY date ASC
	    
2025-05-12 13:46:19.091 UTC [235] DETAIL:  parameters: $1 = '2025-05-06'
2025-05-12 13:46:19.091 UTC [237] LOG:  statement: 
	      SELECT COUNT(DISTINCT name) AS total_users
	      FROM Transactions
	    
2025-05-12 13:46:19.092 UTC [236] LOG:  execute <unnamed>: 
	      SELECT 
	        name,
	        SUM(CASE WHEN type = 'Cash In' THEN 1 ELSE 0 END) AS cash_in_count,
	        SUM(CASE WHEN type = 'Cash Out' THEN 1 ELSE 0 END) AS cash_out_count,
	        SUM(CASE WHEN type = 'Load' THEN 1 ELSE 0 END) AS load_count,
	        MAX(date) AS last_transaction
	      FROM Transactions
	    
	      GROUP BY name
	      ORDER BY name ASC
	      LIMIT $1 OFFSET $2
	    
2025-05-12 13:46:19.092 UTC [236] DETAIL:  parameters: $1 = '10', $2 = '0'
2025-05-12 13:46:31.027 UTC [246] LOG:  execute <unnamed>: INSERT INTO Transactions (date, time, type, amount, name, ref, fee, remarks, created_at, updated_at)
	       VALUES ($1, $2, $3, $4, $5, $6, $7, $8, CURRENT_TIMESTAMP, CURRENT_TIMESTAMP)
	       RETURNING id
2025-05-12 13:46:31.027 UTC [246] DETAIL:  parameters: $1 = '2025-05-12', $2 = '14:53', $3 = 'Cash In', $4 = '200', $5 = 'RICHELLE B.', $6 = '84844', $7 = '10', $8 = 'SENT'
2025-05-12 13:46:31.029 UTC [246] LOG:  execute <unnamed>: UPDATE CurrentBalance SET balance = balance + $1 WHERE id = 1
2025-05-12 13:46:31.029 UTC [246] DETAIL:  parameters: $1 = '-200'
2025-05-12 13:46:31.237 UTC [246] LOG:  execute <unnamed>: SELECT * FROM Transactions WHERE date = $1 ORDER BY id DESC
2025-05-12 13:46:31.237 UTC [246] DETAIL:  parameters: $1 = '2025-05-12'
2025-05-12 13:46:31.239 UTC [246] LOG:  statement: SELECT balance FROM CurrentBalance WHERE id = 1
2025-05-12 13:46:31.240 UTC [246] LOG:  statement: 
	      SELECT type, COUNT(*) as count
	      FROM Transactions
	      GROUP BY type
	    
2025-05-12 13:46:31.242 UTC [246] LOG:  statement: SELECT * FROM Transactions ORDER BY id DESC LIMIT 1
2025-05-12 13:46:31.246 UTC [247] LOG:  execute <unnamed>: 
	      SELECT date, SUM(CAST(amount AS DECIMAL)) as total_amount
	      FROM Transactions
	      WHERE date >= $1
	      GROUP BY date
	      ORDER BY date ASC
	    
2025-05-12 13:46:31.246 UTC [247] DETAIL:  parameters: $1 = '2025-05-06'
2025-05-12 13:46:31.247 UTC [249] LOG:  statement: 
	      SELECT COUNT(DISTINCT name) AS total_users
	      FROM Transactions
	    
2025-05-12 13:46:31.248 UTC [248] LOG:  execute <unnamed>: 
	      SELECT 
	        name,
	        SUM(CASE WHEN type = 'Cash In' THEN 1 ELSE 0 END) AS cash_in_count,
	        SUM(CASE WHEN type = 'Cash Out' THEN 1 ELSE 0 END) AS cash_out_count,
	        SUM(CASE WHEN type = 'Load' THEN 1 ELSE 0 END) AS load_count,
	        MAX(date) AS last_transaction
	      FROM Transactions
	    
	      GROUP BY name
	      ORDER BY name ASC
	      LIMIT $1 OFFSET $2
	    
2025-05-12 13:46:31.248 UTC [248] DETAIL:  parameters: $1 = '10', $2 = '0'
2025-05-12 13:46:56.658 UTC [274] LOG:  execute <unnamed>: INSERT INTO Transactions (date, time, type, amount, name, ref, fee, remarks, created_at, updated_at)
	       VALUES ($1, $2, $3, $4, $5, $6, $7, $8, CURRENT_TIMESTAMP, CURRENT_TIMESTAMP)
	       RETURNING id
2025-05-12 13:46:56.658 UTC [274] DETAIL:  parameters: $1 = '2025-05-12', $2 = '15:23', $3 = 'Cash Out', $4 = '5450', $5 = 'MARIVIC F.', $6 = '110', $7 = '99417', $8 = 'CLAIMED'
2025-05-12 13:46:56.661 UTC [274] LOG:  execute <unnamed>: UPDATE CurrentBalance SET balance = balance + $1 WHERE id = 1
2025-05-12 13:46:56.661 UTC [274] DETAIL:  parameters: $1 = '5450'
2025-05-12 13:46:56.867 UTC [274] LOG:  execute <unnamed>: SELECT * FROM Transactions WHERE date = $1 ORDER BY id DESC
2025-05-12 13:46:56.867 UTC [274] DETAIL:  parameters: $1 = '2025-05-12'
2025-05-12 13:46:56.869 UTC [274] LOG:  statement: SELECT balance FROM CurrentBalance WHERE id = 1
2025-05-12 13:46:56.871 UTC [274] LOG:  execute <unnamed>: 
	      SELECT 
	        name,
	        SUM(CASE WHEN type = 'Cash In' THEN 1 ELSE 0 END) AS cash_in_count,
	        SUM(CASE WHEN type = 'Cash Out' THEN 1 ELSE 0 END) AS cash_out_count,
	        SUM(CASE WHEN type = 'Load' THEN 1 ELSE 0 END) AS load_count,
	        MAX(date) AS last_transaction
	      FROM Transactions
	    
	      GROUP BY name
	      ORDER BY name ASC
	      LIMIT $1 OFFSET $2
	    
2025-05-12 13:46:56.871 UTC [274] DETAIL:  parameters: $1 = '10', $2 = '0'
2025-05-12 13:46:56.873 UTC [274] LOG:  statement: SELECT * FROM Transactions ORDER BY id DESC LIMIT 1
2025-05-12 13:46:56.875 UTC [276] LOG:  statement: 
	      SELECT type, COUNT(*) as count
	      FROM Transactions
	      GROUP BY type
	    
2025-05-12 13:46:56.876 UTC [275] LOG:  execute <unnamed>: 
	      SELECT date, SUM(CAST(amount AS DECIMAL)) as total_amount
	      FROM Transactions
	      WHERE date >= $1
	      GROUP BY date
	      ORDER BY date ASC
	    
2025-05-12 13:46:56.876 UTC [275] DETAIL:  parameters: $1 = '2025-05-06'
2025-05-12 13:46:56.876 UTC [277] LOG:  statement: 
	      SELECT COUNT(DISTINCT name) AS total_users
	      FROM Transactions
	    
2025-05-12 13:47:01.558 UTC [277] LOG:  execute <unnamed>: SELECT * FROM Transactions WHERE date = $1 ORDER BY id DESC
2025-05-12 13:47:01.558 UTC [277] DETAIL:  parameters: $1 = '2025-05-12'
2025-05-12 13:47:01.744 UTC [277] LOG:  statement: SELECT * FROM Transactions ORDER BY id DESC LIMIT 1
2025-05-12 13:47:03.472 UTC [277] LOG:  execute <unnamed>: SELECT * FROM Transactions WHERE CAST(id AS TEXT) ILIKE $1 ORDER BY id DESC
2025-05-12 13:47:03.472 UTC [277] DETAIL:  parameters: $1 = '%434%'
2025-05-12 13:47:03.477 UTC [277] LOG:  statement: SELECT balance FROM CurrentBalance WHERE id = 1
2025-05-12 13:47:03.480 UTC [277] LOG:  execute <unnamed>: SELECT * FROM Transactions WHERE date = $1 ORDER BY id DESC
2025-05-12 13:47:03.480 UTC [277] DETAIL:  parameters: $1 = '2025-05-12'
2025-05-12 13:47:03.480 UTC [275] LOG:  execute <unnamed>: 
	      SELECT date, SUM(CAST(amount AS DECIMAL)) as total_amount
	      FROM Transactions
	      WHERE date >= $1
	      GROUP BY date
	      ORDER BY date ASC
	    
2025-05-12 13:47:03.480 UTC [275] DETAIL:  parameters: $1 = '2025-05-06'
2025-05-12 13:47:03.481 UTC [275] LOG:  statement: 
	      SELECT type, COUNT(*) as count
	      FROM Transactions
	      GROUP BY type
	    
2025-05-12 13:47:03.484 UTC [275] LOG:  statement: SELECT * FROM Transactions ORDER BY id DESC LIMIT 1
2025-05-12 13:48:08.478 UTC [275] LOG:  execute <unnamed>: SELECT * FROM Transactions WHERE id = $1
2025-05-12 13:48:08.478 UTC [275] DETAIL:  parameters: $1 = '434'
2025-05-12 13:48:08.479 UTC [275] LOG:  execute <unnamed>: UPDATE CurrentBalance SET balance = balance + $1 WHERE id = 1
2025-05-12 13:48:08.479 UTC [275] DETAIL:  parameters: $1 = '-5450'
2025-05-12 13:48:08.480 UTC [275] LOG:  execute <unnamed>: UPDATE Transactions 
	       SET date = $1, time = $2, type = $3, amount = $4, name = $5, ref = $6, fee = $7, remarks = $8, updated_at = CURRENT_TIMESTAMP
	       WHERE id = $9
2025-05-12 13:48:08.480 UTC [275] DETAIL:  parameters: $1 = '2025-05-12', $2 = '15:23', $3 = 'Cash Out', $4 = '5450', $5 = 'MARIVIC F.', $6 = '99417', $7 = '110', $8 = 'CLAIMED', $9 = '434'
2025-05-12 13:48:08.482 UTC [275] LOG:  execute <unnamed>: UPDATE CurrentBalance SET balance = balance + $1 WHERE id = 1
2025-05-12 13:48:08.482 UTC [275] DETAIL:  parameters: $1 = '5450'
2025-05-12 13:47:10.490 UTC [275] LOG:  execute <unnamed>: SELECT * FROM Transactions WHERE date = $1 ORDER BY id DESC
2025-05-12 13:47:10.490 UTC [275] DETAIL:  parameters: $1 = '2025-05-12'
2025-05-12 13:47:10.491 UTC [275] LOG:  statement: SELECT balance FROM CurrentBalance WHERE id = 1
2025-05-12 13:47:10.492 UTC [277] LOG:  execute <unnamed>: 
	      SELECT date, SUM(CAST(amount AS DECIMAL)) as total_amount
	      FROM Transactions
	      WHERE date >= $1
	      GROUP BY date
	      ORDER BY date ASC
	    
2025-05-12 13:47:10.492 UTC [277] DETAIL:  parameters: $1 = '2025-05-06'
2025-05-12 13:47:10.492 UTC [275] LOG:  statement: 
	      SELECT type, COUNT(*) as count
	      FROM Transactions
	      GROUP BY type
	    
2025-05-12 13:47:10.494 UTC [277] LOG:  statement: 
	      SELECT COUNT(DISTINCT name) AS total_users
	      FROM Transactions
	    
2025-05-12 13:47:10.494 UTC [275] LOG:  execute <unnamed>: 
	      SELECT 
	        name,
	        SUM(CASE WHEN type = 'Cash In' THEN 1 ELSE 0 END) AS cash_in_count,
	        SUM(CASE WHEN type = 'Cash Out' THEN 1 ELSE 0 END) AS cash_out_count,
	        SUM(CASE WHEN type = 'Load' THEN 1 ELSE 0 END) AS load_count,
	        MAX(date) AS last_transaction
	      FROM Transactions
	    
	      GROUP BY name
	      ORDER BY name ASC
	      LIMIT $1 OFFSET $2
	    
2025-05-12 13:47:10.494 UTC [275] DETAIL:  parameters: $1 = '10', $2 = '0'
2025-05-12 13:47:10.496 UTC [275] LOG:  statement: SELECT * FROM Transactions ORDER BY id DESC LIMIT 1
2025-05-12 13:47:23.732 UTC [295] LOG:  execute <unnamed>: INSERT INTO Transactions (date, time, type, amount, name, ref, fee, remarks, created_at, updated_at)
	       VALUES ($1, $2, $3, $4, $5, $6, $7, $8, CURRENT_TIMESTAMP, CURRENT_TIMESTAMP)
	       RETURNING id
2025-05-12 13:47:23.732 UTC [295] DETAIL:  parameters: $1 = '2025-05-12', $2 = '15:33', $3 = 'Cash In', $4 = '800', $5 = 'MI E L.', $6 = '43504', $7 = '20', $8 = 'SENT'
2025-05-12 13:47:23.735 UTC [295] LOG:  execute <unnamed>: UPDATE CurrentBalance SET balance = balance + $1 WHERE id = 1
2025-05-12 13:47:23.735 UTC [295] DETAIL:  parameters: $1 = '-800'
2025-05-12 13:47:23.973 UTC [295] LOG:  execute <unnamed>: SELECT * FROM Transactions WHERE date = $1 ORDER BY id DESC
2025-05-12 13:47:23.973 UTC [295] DETAIL:  parameters: $1 = '2025-05-12'
2025-05-12 13:47:23.975 UTC [295] LOG:  statement: SELECT balance FROM CurrentBalance WHERE id = 1
2025-05-12 13:47:23.976 UTC [295] LOG:  execute <unnamed>: 
	      SELECT date, SUM(CAST(amount AS DECIMAL)) as total_amount
	      FROM Transactions
	      WHERE date >= $1
	      GROUP BY date
	      ORDER BY date ASC
	    
2025-05-12 13:47:23.976 UTC [295] DETAIL:  parameters: $1 = '2025-05-06'
2025-05-12 13:47:23.978 UTC [295] LOG:  execute <unnamed>: 
	      SELECT 
	        name,
	        SUM(CASE WHEN type = 'Cash In' THEN 1 ELSE 0 END) AS cash_in_count,
	        SUM(CASE WHEN type = 'Cash Out' THEN 1 ELSE 0 END) AS cash_out_count,
	        SUM(CASE WHEN type = 'Load' THEN 1 ELSE 0 END) AS load_count,
	        MAX(date) AS last_transaction
	      FROM Transactions
	    
	      GROUP BY name
	      ORDER BY name ASC
	      LIMIT $1 OFFSET $2
	    
2025-05-12 13:47:23.978 UTC [295] DETAIL:  parameters: $1 = '10', $2 = '0'
2025-05-12 13:47:23.979 UTC [295] LOG:  statement: SELECT * FROM Transactions ORDER BY id DESC LIMIT 1
2025-05-12 13:47:23.983 UTC [296] LOG:  statement: 
	      SELECT type, COUNT(*) as count
	      FROM Transactions
	      GROUP BY type
	    
2025-05-12 13:47:23.983 UTC [297] LOG:  statement: 
	      SELECT COUNT(DISTINCT name) AS total_users
	      FROM Transactions
	    
2025-05-12 13:47:39.125 UTC [314] LOG:  execute <unnamed>: INSERT INTO Transactions (date, time, type, amount, name, ref, fee, remarks, created_at, updated_at)
	       VALUES ($1, $2, $3, $4, $5, $6, $7, $8, CURRENT_TIMESTAMP, CURRENT_TIMESTAMP)
	       RETURNING id
2025-05-12 13:47:39.125 UTC [314] DETAIL:  parameters: $1 = '2025-05-12', $2 = '16:25', $3 = 'Cash In', $4 = '650', $5 = 'MI E L.', $6 = '28975', $7 = '20', $8 = 'SENT'
2025-05-12 13:47:39.127 UTC [314] LOG:  execute <unnamed>: UPDATE CurrentBalance SET balance = balance + $1 WHERE id = 1
2025-05-12 13:47:39.127 UTC [314] DETAIL:  parameters: $1 = '-650'
2025-05-12 13:47:39.557 UTC [314] LOG:  execute <unnamed>: SELECT * FROM Transactions WHERE date = $1 ORDER BY id DESC
2025-05-12 13:47:39.557 UTC [314] DETAIL:  parameters: $1 = '2025-05-12'
2025-05-12 13:47:39.559 UTC [314] LOG:  statement: SELECT balance FROM CurrentBalance WHERE id = 1
2025-05-12 13:47:39.561 UTC [314] LOG:  execute <unnamed>: 
	      SELECT 
	        name,
	        SUM(CASE WHEN type = 'Cash In' THEN 1 ELSE 0 END) AS cash_in_count,
	        SUM(CASE WHEN type = 'Cash Out' THEN 1 ELSE 0 END) AS cash_out_count,
	        SUM(CASE WHEN type = 'Load' THEN 1 ELSE 0 END) AS load_count,
	        MAX(date) AS last_transaction
	      FROM Transactions
	    
	      GROUP BY name
	      ORDER BY name ASC
	      LIMIT $1 OFFSET $2
	    
2025-05-12 13:47:39.561 UTC [314] DETAIL:  parameters: $1 = '10', $2 = '0'
2025-05-12 13:47:39.565 UTC [314] LOG:  statement: SELECT * FROM Transactions ORDER BY id DESC LIMIT 1
2025-05-12 13:47:39.566 UTC [316] LOG:  statement: 
	      SELECT type, COUNT(*) as count
	      FROM Transactions
	      GROUP BY type
	    
2025-05-12 13:47:39.566 UTC [315] LOG:  execute <unnamed>: 
	      SELECT date, SUM(CAST(amount AS DECIMAL)) as total_amount
	      FROM Transactions
	      WHERE date >= $1
	      GROUP BY date
	      ORDER BY date ASC
	    
2025-05-12 13:47:39.566 UTC [315] DETAIL:  parameters: $1 = '2025-05-06'
2025-05-12 13:47:39.566 UTC [317] LOG:  statement: 
	      SELECT COUNT(DISTINCT name) AS total_users
	      FROM Transactions
	    
2025-05-12 13:47:57.905 UTC [334] LOG:  execute <unnamed>: INSERT INTO Transactions (date, time, type, amount, name, ref, fee, remarks, created_at, updated_at)
	       VALUES ($1, $2, $3, $4, $5, $6, $7, $8, CURRENT_TIMESTAMP, CURRENT_TIMESTAMP)
	       RETURNING id
2025-05-12 13:47:57.905 UTC [334] DETAIL:  parameters: $1 = '2025-05-12', $2 = '19:21', $3 = 'Cash In', $4 = '500', $5 = 'LO  E R GA A G.', $6 = '56411', $7 = '10', $8 = 'SENT'
2025-05-12 13:47:57.908 UTC [334] LOG:  execute <unnamed>: UPDATE CurrentBalance SET balance = balance + $1 WHERE id = 1
2025-05-12 13:47:57.908 UTC [334] DETAIL:  parameters: $1 = '-500'
2025-05-12 13:47:58.094 UTC [334] LOG:  execute <unnamed>: SELECT * FROM Transactions WHERE date = $1 ORDER BY id DESC
2025-05-12 13:47:58.094 UTC [334] DETAIL:  parameters: $1 = '2025-05-12'
2025-05-12 13:47:58.095 UTC [334] LOG:  statement: SELECT balance FROM CurrentBalance WHERE id = 1
2025-05-12 13:47:58.098 UTC [334] LOG:  statement: 
	      SELECT type, COUNT(*) as count
	      FROM Transactions
	      GROUP BY type
	    
2025-05-12 13:47:58.100 UTC [334] LOG:  statement: SELECT * FROM Transactions ORDER BY id DESC LIMIT 1
2025-05-12 13:47:58.105 UTC [337] LOG:  statement: 
	      SELECT COUNT(DISTINCT name) AS total_users
	      FROM Transactions
	    
2025-05-12 13:47:58.105 UTC [335] LOG:  execute <unnamed>: 
	      SELECT date, SUM(CAST(amount AS DECIMAL)) as total_amount
	      FROM Transactions
	      WHERE date >= $1
	      GROUP BY date
	      ORDER BY date ASC
	    
2025-05-12 13:47:58.105 UTC [335] DETAIL:  parameters: $1 = '2025-05-06'
2025-05-12 13:47:58.105 UTC [336] LOG:  execute <unnamed>: 
	      SELECT 
	        name,
	        SUM(CASE WHEN type = 'Cash In' THEN 1 ELSE 0 END) AS cash_in_count,
	        SUM(CASE WHEN type = 'Cash Out' THEN 1 ELSE 0 END) AS cash_out_count,
	        SUM(CASE WHEN type = 'Load' THEN 1 ELSE 0 END) AS load_count,
	        MAX(date) AS last_transaction
	      FROM Transactions
	    
	      GROUP BY name
	      ORDER BY name ASC
	      LIMIT $1 OFFSET $2
	    
2025-05-12 13:47:58.105 UTC [336] DETAIL:  parameters: $1 = '10', $2 = '0'
2025-05-12 13:47:58.425 UTC [28] LOG:  checkpoint starting: time
2025-05-12 13:47:58.844 UTC [28] LOG:  checkpoint complete: wrote 5 buffers (0.0%); 0 WAL file(s) added, 0 removed, 0 recycled; write=0.403 s, sync=0.006 s, total=0.420 s; sync files=5, longest=0.004 s, average=0.002 s; distance=21 kB, estimate=21 kB; lsn=0/1A57440, redo lsn=0/1A57408
2025-05-12 13:48:12.298 UTC [347] LOG:  execute <unnamed>: INSERT INTO Transactions (date, time, type, amount, name, ref, fee, remarks, created_at, updated_at)
	       VALUES ($1, $2, $3, $4, $5, $6, $7, $8, CURRENT_TIMESTAMP, CURRENT_TIMESTAMP)
	       RETURNING id
2025-05-12 13:48:12.298 UTC [347] DETAIL:  parameters: $1 = '2025-05-12', $2 = '20:30', $3 = 'Cash In', $4 = '78', $5 = 'ROMMEL F.', $6 = '12258', $7 = '5', $8 = 'SENT'
2025-05-12 13:48:12.301 UTC [347] LOG:  execute <unnamed>: UPDATE CurrentBalance SET balance = balance + $1 WHERE id = 1
2025-05-12 13:48:12.301 UTC [347] DETAIL:  parameters: $1 = '-78'
2025-05-12 13:48:12.507 UTC [347] LOG:  execute <unnamed>: SELECT * FROM Transactions WHERE date = $1 ORDER BY id DESC
2025-05-12 13:48:12.507 UTC [347] DETAIL:  parameters: $1 = '2025-05-12'
2025-05-12 13:48:12.509 UTC [347] LOG:  statement: SELECT balance FROM CurrentBalance WHERE id = 1
2025-05-12 13:48:12.511 UTC [347] LOG:  execute <unnamed>: 
	      SELECT 
	        name,
	        SUM(CASE WHEN type = 'Cash In' THEN 1 ELSE 0 END) AS cash_in_count,
	        SUM(CASE WHEN type = 'Cash Out' THEN 1 ELSE 0 END) AS cash_out_count,
	        SUM(CASE WHEN type = 'Load' THEN 1 ELSE 0 END) AS load_count,
	        MAX(date) AS last_transaction
	      FROM Transactions
	    
	      GROUP BY name
	      ORDER BY name ASC
	      LIMIT $1 OFFSET $2
	    
2025-05-12 13:48:12.511 UTC [347] DETAIL:  parameters: $1 = '10', $2 = '0'
2025-05-12 13:48:12.513 UTC [347] LOG:  statement: SELECT * FROM Transactions ORDER BY id DESC LIMIT 1
2025-05-12 13:48:12.516 UTC [350] LOG:  statement: 
	      SELECT COUNT(DISTINCT name) AS total_users
	      FROM Transactions
	    
2025-05-12 13:48:12.516 UTC [349] LOG:  statement: 
	      SELECT type, COUNT(*) as count
	      FROM Transactions
	      GROUP BY type
	    
2025-05-12 13:48:12.517 UTC [348] LOG:  execute <unnamed>: 
	      SELECT date, SUM(CAST(amount AS DECIMAL)) as total_amount
	      FROM Transactions
	      WHERE date >= $1
	      GROUP BY date
	      ORDER BY date ASC
	    
2025-05-12 13:48:12.517 UTC [348] DETAIL:  parameters: $1 = '2025-05-06'
2025-05-12 13:48:27.141 UTC [367] LOG:  execute <unnamed>: INSERT INTO Transactions (date, time, type, amount, name, ref, fee, remarks, created_at, updated_at)
	       VALUES ($1, $2, $3, $4, $5, $6, $7, $8, CURRENT_TIMESTAMP, CURRENT_TIMESTAMP)
	       RETURNING id
2025-05-12 13:48:27.141 UTC [367] DETAIL:  parameters: $1 = '2025-05-12', $2 = '20:30', $3 = 'Cash In', $4 = '100', $5 = 'JU R P.', $6 = '29306', $7 = '10', $8 = 'SENT'
2025-05-12 13:48:27.143 UTC [367] LOG:  execute <unnamed>: UPDATE CurrentBalance SET balance = balance + $1 WHERE id = 1
2025-05-12 13:48:27.143 UTC [367] DETAIL:  parameters: $1 = '-100'
2025-05-12 13:48:27.334 UTC [367] LOG:  execute <unnamed>: SELECT * FROM Transactions WHERE date = $1 ORDER BY id DESC
2025-05-12 13:48:27.334 UTC [367] DETAIL:  parameters: $1 = '2025-05-12'
2025-05-12 13:48:27.336 UTC [367] LOG:  statement: SELECT balance FROM CurrentBalance WHERE id = 1
2025-05-12 13:48:27.338 UTC [367] LOG:  statement: 
	      SELECT type, COUNT(*) as count
	      FROM Transactions
	      GROUP BY type
	    
2025-05-12 13:48:27.340 UTC [367] LOG:  statement: SELECT * FROM Transactions ORDER BY id DESC LIMIT 1
2025-05-12 13:48:27.344 UTC [368] LOG:  execute <unnamed>: 
	      SELECT date, SUM(CAST(amount AS DECIMAL)) as total_amount
	      FROM Transactions
	      WHERE date >= $1
	      GROUP BY date
	      ORDER BY date ASC
	    
2025-05-12 13:48:27.344 UTC [368] DETAIL:  parameters: $1 = '2025-05-06'
2025-05-12 13:48:27.344 UTC [370] LOG:  statement: 
	      SELECT COUNT(DISTINCT name) AS total_users
	      FROM Transactions
	    
2025-05-12 13:48:27.345 UTC [369] LOG:  execute <unnamed>: 
	      SELECT 
	        name,
	        SUM(CASE WHEN type = 'Cash In' THEN 1 ELSE 0 END) AS cash_in_count,
	        SUM(CASE WHEN type = 'Cash Out' THEN 1 ELSE 0 END) AS cash_out_count,
	        SUM(CASE WHEN type = 'Load' THEN 1 ELSE 0 END) AS load_count,
	        MAX(date) AS last_transaction
	      FROM Transactions
	    
	      GROUP BY name
	      ORDER BY name ASC
	      LIMIT $1 OFFSET $2
	    
2025-05-12 13:48:27.345 UTC [369] DETAIL:  parameters: $1 = '10', $2 = '0'
2025-05-12 13:48:43.812 UTC [379] LOG:  execute <unnamed>: INSERT INTO Transactions (date, time, type, amount, name, ref, fee, remarks, created_at, updated_at)
	       VALUES ($1, $2, $3, $4, $5, $6, $7, $8, CURRENT_TIMESTAMP, CURRENT_TIMESTAMP)
	       RETURNING id
2025-05-12 13:48:43.812 UTC [379] DETAIL:  parameters: $1 = '2025-05-12', $2 = '20:57', $3 = 'Cash Out', $4 = '450', $5 = 'LA I G.', $6 = '52534', $7 = '10', $8 = 'CUANA'
2025-05-12 13:48:43.814 UTC [379] LOG:  execute <unnamed>: UPDATE CurrentBalance SET balance = balance + $1 WHERE id = 1
2025-05-12 13:48:43.814 UTC [379] DETAIL:  parameters: $1 = '450'
2025-05-12 13:48:44.021 UTC [379] LOG:  execute <unnamed>: SELECT * FROM Transactions WHERE date = $1 ORDER BY id DESC
2025-05-12 13:48:44.021 UTC [379] DETAIL:  parameters: $1 = '2025-05-12'
2025-05-12 13:48:44.023 UTC [379] LOG:  statement: SELECT balance FROM CurrentBalance WHERE id = 1
2025-05-12 13:48:44.025 UTC [379] LOG:  statement: 
	      SELECT type, COUNT(*) as count
	      FROM Transactions
	      GROUP BY type
	    
2025-05-12 13:48:44.027 UTC [379] LOG:  statement: SELECT * FROM Transactions ORDER BY id DESC LIMIT 1
2025-05-12 13:48:44.031 UTC [382] LOG:  statement: 
	      SELECT COUNT(DISTINCT name) AS total_users
	      FROM Transactions
	    
2025-05-12 13:48:44.032 UTC [380] LOG:  execute <unnamed>: 
	      SELECT date, SUM(CAST(amount AS DECIMAL)) as total_amount
	      FROM Transactions
	      WHERE date >= $1
	      GROUP BY date
	      ORDER BY date ASC
	    
2025-05-12 13:48:44.032 UTC [380] DETAIL:  parameters: $1 = '2025-05-06'
2025-05-12 13:48:44.032 UTC [381] LOG:  execute <unnamed>: 
	      SELECT 
	        name,
	        SUM(CASE WHEN type = 'Cash In' THEN 1 ELSE 0 END) AS cash_in_count,
	        SUM(CASE WHEN type = 'Cash Out' THEN 1 ELSE 0 END) AS cash_out_count,
	        SUM(CASE WHEN type = 'Load' THEN 1 ELSE 0 END) AS load_count,
	        MAX(date) AS last_transaction
	      FROM Transactions
	    
	      GROUP BY name
	      ORDER BY name ASC
	      LIMIT $1 OFFSET $2
	    
2025-05-12 13:48:44.032 UTC [381] DETAIL:  parameters: $1 = '10', $2 = '0'
2025-05-12 13:48:56.997 UTC [399] LOG:  execute <unnamed>: INSERT INTO Transactions (date, time, type, amount, name, ref, fee, remarks, created_at, updated_at)
	       VALUES ($1, $2, $3, $4, $5, $6, $7, $8, CURRENT_TIMESTAMP, CURRENT_TIMESTAMP)
	       RETURNING id
2025-05-12 13:48:56.997 UTC [399] DETAIL:  parameters: $1 = '2025-05-12', $2 = '20:59', $3 = 'Cash Out', $4 = '78', $5 = 'ROMMEL F.', $6 = '77834', $7 = '5', $8 = 'CLAIMED'
2025-05-12 13:48:56.999 UTC [399] LOG:  execute <unnamed>: UPDATE CurrentBalance SET balance = balance + $1 WHERE id = 1
2025-05-12 13:48:56.999 UTC [399] DETAIL:  parameters: $1 = '78'
2025-05-12 13:48:57.223 UTC [399] LOG:  execute <unnamed>: SELECT * FROM Transactions WHERE date = $1 ORDER BY id DESC
2025-05-12 13:48:57.223 UTC [399] DETAIL:  parameters: $1 = '2025-05-12'
2025-05-12 13:48:57.225 UTC [399] LOG:  statement: SELECT balance FROM CurrentBalance WHERE id = 1
2025-05-12 13:48:57.226 UTC [399] LOG:  execute <unnamed>: 
	      SELECT date, SUM(CAST(amount AS DECIMAL)) as total_amount
	      FROM Transactions
	      WHERE date >= $1
	      GROUP BY date
	      ORDER BY date ASC
	    
2025-05-12 13:48:57.226 UTC [399] DETAIL:  parameters: $1 = '2025-05-06'
2025-05-12 13:48:57.228 UTC [399] LOG:  execute <unnamed>: 
	      SELECT 
	        name,
	        SUM(CASE WHEN type = 'Cash In' THEN 1 ELSE 0 END) AS cash_in_count,
	        SUM(CASE WHEN type = 'Cash Out' THEN 1 ELSE 0 END) AS cash_out_count,
	        SUM(CASE WHEN type = 'Load' THEN 1 ELSE 0 END) AS load_count,
	        MAX(date) AS last_transaction
	      FROM Transactions
	    
	      GROUP BY name
	      ORDER BY name ASC
	      LIMIT $1 OFFSET $2
	    
2025-05-12 13:48:57.228 UTC [399] DETAIL:  parameters: $1 = '10', $2 = '0'
2025-05-12 13:48:57.230 UTC [399] LOG:  statement: SELECT * FROM Transactions ORDER BY id DESC LIMIT 1
2025-05-12 13:48:57.233 UTC [400] LOG:  statement: 
	      SELECT type, COUNT(*) as count
	      FROM Transactions
	      GROUP BY type
	    
2025-05-12 13:48:57.233 UTC [401] LOG:  statement: 
	      SELECT COUNT(DISTINCT name) AS total_users
	      FROM Transactions
	    
2025-05-12 13:49:16.535 UTC [419] LOG:  execute <unnamed>: INSERT INTO Transactions (date, time, type, amount, name, ref, fee, remarks, created_at, updated_at)
	       VALUES ($1, $2, $3, $4, $5, $6, $7, $8, CURRENT_TIMESTAMP, CURRENT_TIMESTAMP)
	       RETURNING id
2025-05-12 13:49:16.535 UTC [419] DETAIL:  parameters: $1 = '2025-05-12', $2 = '20:19', $3 = 'Cash In', $4 = '2500', $5 = 'FL R E.', $6 = '99336', $7 = '35', $8 = 'CUANA'
2025-05-12 13:49:16.538 UTC [419] LOG:  execute <unnamed>: UPDATE CurrentBalance SET balance = balance + $1 WHERE id = 1
2025-05-12 13:49:16.538 UTC [419] DETAIL:  parameters: $1 = '-2500'
2025-05-12 13:49:16.743 UTC [419] LOG:  execute <unnamed>: SELECT * FROM Transactions WHERE date = $1 ORDER BY id DESC
2025-05-12 13:49:16.743 UTC [419] DETAIL:  parameters: $1 = '2025-05-12'
2025-05-12 13:49:16.745 UTC [419] LOG:  statement: SELECT balance FROM CurrentBalance WHERE id = 1
2025-05-12 13:49:16.746 UTC [419] LOG:  statement: 
	      SELECT type, COUNT(*) as count
	      FROM Transactions
	      GROUP BY type
	    
2025-05-12 13:49:16.751 UTC [419] LOG:  statement: SELECT * FROM Transactions ORDER BY id DESC LIMIT 1
2025-05-12 13:49:16.754 UTC [422] LOG:  statement: 
	      SELECT COUNT(DISTINCT name) AS total_users
	      FROM Transactions
	    
2025-05-12 13:49:16.754 UTC [420] LOG:  execute <unnamed>: 
	      SELECT date, SUM(CAST(amount AS DECIMAL)) as total_amount
	      FROM Transactions
	      WHERE date >= $1
	      GROUP BY date
	      ORDER BY date ASC
	    
2025-05-12 13:49:16.754 UTC [420] DETAIL:  parameters: $1 = '2025-05-06'
2025-05-12 13:49:16.755 UTC [421] LOG:  execute <unnamed>: 
	      SELECT 
	        name,
	        SUM(CASE WHEN type = 'Cash In' THEN 1 ELSE 0 END) AS cash_in_count,
	        SUM(CASE WHEN type = 'Cash Out' THEN 1 ELSE 0 END) AS cash_out_count,
	        SUM(CASE WHEN type = 'Load' THEN 1 ELSE 0 END) AS load_count,
	        MAX(date) AS last_transaction
	      FROM Transactions
	    
	      GROUP BY name
	      ORDER BY name ASC
	      LIMIT $1 OFFSET $2
	    
2025-05-12 13:49:16.755 UTC [421] DETAIL:  parameters: $1 = '10', $2 = '0'
2025-05-12 13:49:29.437 UTC [431] LOG:  execute <unnamed>: INSERT INTO Transactions (date, time, type, amount, name, ref, fee, remarks, created_at, updated_at)
	       VALUES ($1, $2, $3, $4, $5, $6, $7, $8, CURRENT_TIMESTAMP, CURRENT_TIMESTAMP)
	       RETURNING id
2025-05-12 13:49:29.437 UTC [431] DETAIL:  parameters: $1 = '2025-05-12', $2 = '21:13', $3 = 'Cash In', $4 = '200', $5 = 'RICHELLE B.', $6 = '56198', $7 = '10', $8 = 'SENT'
2025-05-12 13:49:29.439 UTC [431] LOG:  execute <unnamed>: UPDATE CurrentBalance SET balance = balance + $1 WHERE id = 1
2025-05-12 13:49:29.439 UTC [431] DETAIL:  parameters: $1 = '-200'
2025-05-12 13:49:29.679 UTC [431] LOG:  execute <unnamed>: SELECT * FROM Transactions WHERE date = $1 ORDER BY id DESC
2025-05-12 13:49:29.679 UTC [431] DETAIL:  parameters: $1 = '2025-05-12'
2025-05-12 13:49:29.681 UTC [431] LOG:  statement: SELECT balance FROM CurrentBalance WHERE id = 1
2025-05-12 13:49:29.682 UTC [431] LOG:  statement: 
	      SELECT type, COUNT(*) as count
	      FROM Transactions
	      GROUP BY type
	    
2025-05-12 13:49:29.685 UTC [431] LOG:  statement: SELECT * FROM Transactions ORDER BY id DESC LIMIT 1
2025-05-12 13:49:29.690 UTC [434] LOG:  statement: 
	      SELECT COUNT(DISTINCT name) AS total_users
	      FROM Transactions
	    
2025-05-12 13:49:29.691 UTC [432] LOG:  execute <unnamed>: 
	      SELECT date, SUM(CAST(amount AS DECIMAL)) as total_amount
	      FROM Transactions
	      WHERE date >= $1
	      GROUP BY date
	      ORDER BY date ASC
	    
2025-05-12 13:49:29.691 UTC [432] DETAIL:  parameters: $1 = '2025-05-06'
2025-05-12 13:49:29.691 UTC [433] LOG:  execute <unnamed>: 
	      SELECT 
	        name,
	        SUM(CASE WHEN type = 'Cash In' THEN 1 ELSE 0 END) AS cash_in_count,
	        SUM(CASE WHEN type = 'Cash Out' THEN 1 ELSE 0 END) AS cash_out_count,
	        SUM(CASE WHEN type = 'Load' THEN 1 ELSE 0 END) AS load_count,
	        MAX(date) AS last_transaction
	      FROM Transactions
	    
	      GROUP BY name
	      ORDER BY name ASC
	      LIMIT $1 OFFSET $2
	    
2025-05-12 13:49:29.691 UTC [433] DETAIL:  parameters: $1 = '10', $2 = '0'
2025-05-12 13:49:44.848 UTC [443] LOG:  execute <unnamed>: SELECT * FROM Transactions WHERE date = $1 ORDER BY id DESC
2025-05-12 13:49:44.848 UTC [443] DETAIL:  parameters: $1 = '2025-05-12'
2025-05-12 13:49:44.853 UTC [443] LOG:  statement: SELECT * FROM Transactions ORDER BY id DESC LIMIT 1
2025-05-12 13:50:43.552 UTC [493] LOG:  statement: SELECT balance FROM CurrentBalance WHERE id = 1
2025-05-12 13:50:43.553 UTC [494] LOG:  execute <unnamed>: SELECT * FROM Transactions WHERE date = $1 ORDER BY id DESC
2025-05-12 13:50:43.553 UTC [494] DETAIL:  parameters: $1 = '2025-05-12'
2025-05-12 13:50:43.553 UTC [496] LOG:  statement: 
	      SELECT type, COUNT(*) as count
	      FROM Transactions
	      GROUP BY type
	    
2025-05-12 13:50:43.554 UTC [495] LOG:  execute <unnamed>: 
	      SELECT date, SUM(CAST(amount AS DECIMAL)) as total_amount
	      FROM Transactions
	      WHERE date >= $1
	      GROUP BY date
	      ORDER BY date ASC
	    
2025-05-12 13:50:43.554 UTC [495] DETAIL:  parameters: $1 = '2025-05-06'
2025-05-12 13:50:43.560 UTC [495] LOG:  statement: SELECT * FROM Transactions ORDER BY id DESC LIMIT 1
2025-05-12 13:51:56.369 UTC [513] LOG:  execute <unnamed>: INSERT INTO Transactions (date, time, type, amount, name, ref, fee, remarks, created_at, updated_at)
	       VALUES ($1, $2, $3, $4, $5, $6, $7, $8, CURRENT_TIMESTAMP, CURRENT_TIMESTAMP)
	       RETURNING id
2025-05-12 13:51:56.369 UTC [513] DETAIL:  parameters: $1 = '2025-05-12', $2 = '19:47', $3 = 'Load', $4 = '220', $5 = 'REG LOAD', $6 = '22809', $7 = '10', $8 = 'LOAD'
2025-05-12 13:51:56.371 UTC [513] LOG:  execute <unnamed>: UPDATE CurrentBalance SET balance = balance + $1 WHERE id = 1
2025-05-12 13:51:56.371 UTC [513] DETAIL:  parameters: $1 = '-220'
2025-05-12 13:51:56.675 UTC [513] LOG:  execute <unnamed>: SELECT * FROM Transactions WHERE date = $1 ORDER BY id DESC
2025-05-12 13:51:56.675 UTC [513] DETAIL:  parameters: $1 = '2025-05-12'
2025-05-12 13:51:56.676 UTC [513] LOG:  statement: SELECT balance FROM CurrentBalance WHERE id = 1
2025-05-12 13:51:56.678 UTC [513] LOG:  statement: 
	      SELECT type, COUNT(*) as count
	      FROM Transactions
	      GROUP BY type
	    
2025-05-12 13:51:56.681 UTC [513] LOG:  execute <unnamed>: 
	      SELECT 
	        name,
	        SUM(CASE WHEN type = 'Cash In' THEN 1 ELSE 0 END) AS cash_in_count,
	        SUM(CASE WHEN type = 'Cash Out' THEN 1 ELSE 0 END) AS cash_out_count,
	        SUM(CASE WHEN type = 'Load' THEN 1 ELSE 0 END) AS load_count,
	        MAX(date) AS last_transaction
	      FROM Transactions
	    
	      GROUP BY name
	      ORDER BY name ASC
	      LIMIT $1 OFFSET $2
	    
2025-05-12 13:51:56.681 UTC [513] DETAIL:  parameters: $1 = '10', $2 = '0'
2025-05-12 13:51:56.684 UTC [514] LOG:  execute <unnamed>: 
	      SELECT date, SUM(CAST(amount AS DECIMAL)) as total_amount
	      FROM Transactions
	      WHERE date >= $1
	      GROUP BY date
	      ORDER BY date ASC
	    
2025-05-12 13:51:56.684 UTC [514] DETAIL:  parameters: $1 = '2025-05-06'
2025-05-12 13:51:56.686 UTC [515] LOG:  statement: 
	      SELECT COUNT(DISTINCT name) AS total_users
	      FROM Transactions
	    
2025-05-12 13:51:56.686 UTC [516] LOG:  statement: SELECT * FROM Transactions ORDER BY id DESC LIMIT 1
2025-05-12 13:51:36.858 UTC [550] LOG:  execute <unnamed>: INSERT INTO Transactions (date, time, type, amount, name, ref, fee, remarks, created_at, updated_at)
	       VALUES ($1, $2, $3, $4, $5, $6, $7, $8, CURRENT_TIMESTAMP, CURRENT_TIMESTAMP)
	       RETURNING id
2025-05-12 13:51:36.858 UTC [550] DETAIL:  parameters: $1 = '2025-05-12', $2 = '16:02', $3 = 'Cash In', $4 = '50', $5 = 'MARISSA PAYMAYA', $6 = 'A73DE', $7 = '5', $8 = 'SENT'
2025-05-12 13:51:36.860 UTC [550] LOG:  execute <unnamed>: UPDATE CurrentBalance SET balance = balance + $1 WHERE id = 1
2025-05-12 13:51:36.860 UTC [550] DETAIL:  parameters: $1 = '-50'
2025-05-12 13:51:37.147 UTC [550] LOG:  execute <unnamed>: SELECT * FROM Transactions WHERE date = $1 ORDER BY id DESC
2025-05-12 13:51:37.147 UTC [550] DETAIL:  parameters: $1 = '2025-05-12'
2025-05-12 13:51:37.149 UTC [550] LOG:  statement: SELECT balance FROM CurrentBalance WHERE id = 1
2025-05-12 13:51:37.151 UTC [550] LOG:  statement: 
	      SELECT type, COUNT(*) as count
	      FROM Transactions
	      GROUP BY type
	    
2025-05-12 13:51:37.154 UTC [550] LOG:  statement: SELECT * FROM Transactions ORDER BY id DESC LIMIT 1
2025-05-12 13:51:37.158 UTC [553] LOG:  statement: 
	      SELECT COUNT(DISTINCT name) AS total_users
	      FROM Transactions
	    
2025-05-12 13:51:37.158 UTC [551] LOG:  execute <unnamed>: 
	      SELECT date, SUM(CAST(amount AS DECIMAL)) as total_amount
	      FROM Transactions
	      WHERE date >= $1
	      GROUP BY date
	      ORDER BY date ASC
	    
2025-05-12 13:51:37.158 UTC [551] DETAIL:  parameters: $1 = '2025-05-06'
2025-05-12 13:51:37.158 UTC [552] LOG:  execute <unnamed>: 
	      SELECT 
	        name,
	        SUM(CASE WHEN type = 'Cash In' THEN 1 ELSE 0 END) AS cash_in_count,
	        SUM(CASE WHEN type = 'Cash Out' THEN 1 ELSE 0 END) AS cash_out_count,
	        SUM(CASE WHEN type = 'Load' THEN 1 ELSE 0 END) AS load_count,
	        MAX(date) AS last_transaction
	      FROM Transactions
	    
	      GROUP BY name
	      ORDER BY name ASC
	      LIMIT $1 OFFSET $2
	    
2025-05-12 13:51:37.158 UTC [552] DETAIL:  parameters: $1 = '10', $2 = '0'
2025-05-12 13:51:41.924 UTC [552] LOG:  execute <unnamed>: SELECT * FROM Transactions WHERE date = $1 ORDER BY id DESC
2025-05-12 13:51:41.924 UTC [552] DETAIL:  parameters: $1 = '2025-05-12'
2025-05-12 13:51:41.930 UTC [552] LOG:  statement: SELECT * FROM Transactions ORDER BY id DESC LIMIT 1
2025-05-12 13:51:43.297 UTC [552] LOG:  execute <unnamed>: SELECT * FROM Transactions WHERE CAST(id AS TEXT) ILIKE $1 ORDER BY id DESC
2025-05-12 13:51:43.297 UTC [552] DETAIL:  parameters: $1 = '%445%'
2025-05-12 13:51:43.302 UTC [552] LOG:  statement: SELECT balance FROM CurrentBalance WHERE id = 1
2025-05-12 13:51:43.304 UTC [552] LOG:  execute <unnamed>: SELECT * FROM Transactions WHERE date = $1 ORDER BY id DESC
2025-05-12 13:51:43.304 UTC [552] DETAIL:  parameters: $1 = '2025-05-12'
2025-05-12 13:51:43.306 UTC [552] LOG:  execute <unnamed>: 
	      SELECT date, SUM(CAST(amount AS DECIMAL)) as total_amount
	      FROM Transactions
	      WHERE date >= $1
	      GROUP BY date
	      ORDER BY date ASC
	    
2025-05-12 13:51:43.306 UTC [552] DETAIL:  parameters: $1 = '2025-05-06'
2025-05-12 13:51:43.306 UTC [553] LOG:  statement: 
	      SELECT type, COUNT(*) as count
	      FROM Transactions
	      GROUP BY type
	    
2025-05-12 13:51:43.309 UTC [553] LOG:  statement: SELECT * FROM Transactions ORDER BY id DESC LIMIT 1
2025-05-12 13:51:47.144 UTC [553] LOG:  execute <unnamed>: SELECT * FROM Transactions WHERE id = $1
2025-05-12 13:51:47.144 UTC [553] DETAIL:  parameters: $1 = '445'
2025-05-12 13:51:47.144 UTC [553] LOG:  execute <unnamed>: UPDATE CurrentBalance SET balance = balance + $1 WHERE id = 1
2025-05-12 13:51:47.144 UTC [553] DETAIL:  parameters: $1 = '50'
2025-05-12 13:51:47.146 UTC [553] LOG:  execute <unnamed>: UPDATE Transactions 
	       SET date = $1, time = $2, type = $3, amount = $4, name = $5, ref = $6, fee = $7, remarks = $8, updated_at = CURRENT_TIMESTAMP
	       WHERE id = $9
2025-05-12 13:51:47.146 UTC [553] DETAIL:  parameters: $1 = '2025-05-12', $2 = '16:02', $3 = 'Cash In', $4 = '50', $5 = 'MARISSA PAYMAYA', $6 = 'A73DE', $7 = '5', $8 = 'MAYA - SENT', $9 = '445'
2025-05-12 13:51:47.148 UTC [553] LOG:  execute <unnamed>: UPDATE CurrentBalance SET balance = balance + $1 WHERE id = 1
2025-05-12 13:51:47.148 UTC [553] DETAIL:  parameters: $1 = '-50'
2025-05-12 13:51:48.238 UTC [552] LOG:  statement: SELECT balance FROM CurrentBalance WHERE id = 1
2025-05-12 13:51:48.238 UTC [553] LOG:  execute <unnamed>: SELECT * FROM Transactions WHERE date = $1 ORDER BY id DESC
2025-05-12 13:51:48.238 UTC [553] DETAIL:  parameters: $1 = '2025-05-12'
2025-05-12 13:51:48.240 UTC [552] LOG:  statement: 
	      SELECT COUNT(DISTINCT name) AS total_users
	      FROM Transactions
	    
2025-05-12 13:51:48.241 UTC [553] LOG:  execute <unnamed>: 
	      SELECT 
	        name,
	        SUM(CASE WHEN type = 'Cash In' THEN 1 ELSE 0 END) AS cash_in_count,
	        SUM(CASE WHEN type = 'Cash Out' THEN 1 ELSE 0 END) AS cash_out_count,
	        SUM(CASE WHEN type = 'Load' THEN 1 ELSE 0 END) AS load_count,
	        MAX(date) AS last_transaction
	      FROM Transactions
	    
	      GROUP BY name
	      ORDER BY name ASC
	      LIMIT $1 OFFSET $2
	    
2025-05-12 13:51:48.241 UTC [553] DETAIL:  parameters: $1 = '10', $2 = '0'
2025-05-12 13:51:48.244 UTC [553] LOG:  statement: SELECT * FROM Transactions ORDER BY id DESC LIMIT 1
2025-05-12 13:51:48.245 UTC [562] LOG:  execute <unnamed>: 
	      SELECT date, SUM(CAST(amount AS DECIMAL)) as total_amount
	      FROM Transactions
	      WHERE date >= $1
	      GROUP BY date
	      ORDER BY date ASC
	    
2025-05-12 13:51:48.245 UTC [562] DETAIL:  parameters: $1 = '2025-05-06'
2025-05-12 13:51:48.245 UTC [563] LOG:  statement: 
	      SELECT type, COUNT(*) as count
	      FROM Transactions
	      GROUP BY type
	    
2025-05-12 13:51:49.954 UTC [563] LOG:  execute <unnamed>: SELECT * FROM Transactions WHERE date = $1 ORDER BY id DESC
2025-05-12 13:51:49.954 UTC [563] DETAIL:  parameters: $1 = '2025-05-12'
2025-05-12 13:51:49.958 UTC [563] LOG:  statement: SELECT * FROM Transactions ORDER BY id DESC LIMIT 1
2025-05-12 13:51:51.718 UTC [563] LOG:  execute <unnamed>: SELECT * FROM Transactions WHERE CAST(id AS TEXT) ILIKE $1 ORDER BY id DESC
2025-05-12 13:51:51.718 UTC [563] DETAIL:  parameters: $1 = '%445%'
2025-05-12 13:51:51.757 UTC [563] LOG:  statement: SELECT balance FROM CurrentBalance WHERE id = 1
2025-05-12 13:51:51.758 UTC [562] LOG:  execute <unnamed>: SELECT * FROM Transactions WHERE date = $1 ORDER BY id DESC
2025-05-12 13:51:51.758 UTC [562] DETAIL:  parameters: $1 = '2025-05-12'
2025-05-12 13:51:51.758 UTC [553] LOG:  execute <unnamed>: 
	      SELECT date, SUM(CAST(amount AS DECIMAL)) as total_amount
	      FROM Transactions
	      WHERE date >= $1
	      GROUP BY date
	      ORDER BY date ASC
	    
2025-05-12 13:51:51.758 UTC [553] DETAIL:  parameters: $1 = '2025-05-06'
2025-05-12 13:51:51.758 UTC [552] LOG:  statement: 
	      SELECT type, COUNT(*) as count
	      FROM Transactions
	      GROUP BY type
	    
2025-05-12 13:51:51.764 UTC [553] LOG:  statement: SELECT * FROM Transactions ORDER BY id DESC LIMIT 1
2025-05-12 13:51:53.098 UTC [553] LOG:  execute <unnamed>: SELECT * FROM Transactions WHERE id = $1
2025-05-12 13:51:53.098 UTC [553] DETAIL:  parameters: $1 = '445'
2025-05-12 13:51:53.099 UTC [553] LOG:  execute <unnamed>: UPDATE CurrentBalance SET balance = balance + $1 WHERE id = 1
2025-05-12 13:51:53.099 UTC [553] DETAIL:  parameters: $1 = '50'
2025-05-12 13:51:53.101 UTC [553] LOG:  execute <unnamed>: UPDATE Transactions 
	       SET date = $1, time = $2, type = $3, amount = $4, name = $5, ref = $6, fee = $7, remarks = $8, updated_at = CURRENT_TIMESTAMP
	       WHERE id = $9
2025-05-12 13:51:53.101 UTC [553] DETAIL:  parameters: $1 = '2025-05-12', $2 = '16:02', $3 = 'Cash In', $4 = '50', $5 = 'MARISSA PAYMAYA', $6 = 'A73DE', $7 = '5', $8 = 'MAYA - SENT', $9 = '445'
2025-05-12 13:51:53.103 UTC [553] LOG:  execute <unnamed>: UPDATE CurrentBalance SET balance = balance + $1 WHERE id = 1
2025-05-12 13:51:53.103 UTC [553] DETAIL:  parameters: $1 = '-50'
2025-05-12 13:51:54.457 UTC [553] LOG:  execute <unnamed>: SELECT * FROM Transactions WHERE date = $1 ORDER BY id DESC
2025-05-12 13:51:54.457 UTC [553] DETAIL:  parameters: $1 = '2025-05-12'
2025-05-12 13:51:54.457 UTC [552] LOG:  statement: SELECT balance FROM CurrentBalance WHERE id = 1
2025-05-12 13:51:54.458 UTC [562] LOG:  execute <unnamed>: 
	      SELECT date, SUM(CAST(amount AS DECIMAL)) as total_amount
	      FROM Transactions
	      WHERE date >= $1
	      GROUP BY date
	      ORDER BY date ASC
	    
2025-05-12 13:51:54.458 UTC [562] DETAIL:  parameters: $1 = '2025-05-06'
2025-05-12 13:51:54.458 UTC [563] LOG:  statement: 
	      SELECT type, COUNT(*) as count
	      FROM Transactions
	      GROUP BY type
	    
2025-05-12 13:51:54.460 UTC [562] LOG:  statement: 
	      SELECT COUNT(DISTINCT name) AS total_users
	      FROM Transactions
	    
2025-05-12 13:51:54.460 UTC [563] LOG:  execute <unnamed>: 
	      SELECT 
	        name,
	        SUM(CASE WHEN type = 'Cash In' THEN 1 ELSE 0 END) AS cash_in_count,
	        SUM(CASE WHEN type = 'Cash Out' THEN 1 ELSE 0 END) AS cash_out_count,
	        SUM(CASE WHEN type = 'Load' THEN 1 ELSE 0 END) AS load_count,
	        MAX(date) AS last_transaction
	      FROM Transactions
	    
	      GROUP BY name
	      ORDER BY name ASC
	      LIMIT $1 OFFSET $2
	    
2025-05-12 13:51:54.460 UTC [563] DETAIL:  parameters: $1 = '10', $2 = '0'
2025-05-12 13:51:54.468 UTC [563] LOG:  statement: SELECT * FROM Transactions ORDER BY id DESC LIMIT 1
2025-05-12 13:52:09.557 UTC [580] LOG:  execute <unnamed>: INSERT INTO Transactions (date, time, type, amount, name, ref, fee, remarks, created_at, updated_at)
	       VALUES ($1, $2, $3, $4, $5, $6, $7, $8, CURRENT_TIMESTAMP, CURRENT_TIMESTAMP)
	       RETURNING id
2025-05-12 13:52:09.557 UTC [580] DETAIL:  parameters: $1 = '2025-05-12', $2 = '18:32', $3 = 'Cash Out', $4 = '1000', $5 = 'KUYA JASON', $6 = '3495E', $7 = '20', $8 = 'MAYA - CLAIMED'
2025-05-12 13:52:09.558 UTC [580] LOG:  execute <unnamed>: UPDATE CurrentBalance SET balance = balance + $1 WHERE id = 1
2025-05-12 13:52:09.558 UTC [580] DETAIL:  parameters: $1 = '1000'
2025-05-12 13:52:09.751 UTC [580] LOG:  execute <unnamed>: SELECT * FROM Transactions WHERE date = $1 ORDER BY id DESC
2025-05-12 13:52:09.751 UTC [580] DETAIL:  parameters: $1 = '2025-05-12'
2025-05-12 13:52:09.753 UTC [580] LOG:  statement: SELECT balance FROM CurrentBalance WHERE id = 1
2025-05-12 13:52:09.754 UTC [580] LOG:  execute <unnamed>: 
	      SELECT date, SUM(CAST(amount AS DECIMAL)) as total_amount
	      FROM Transactions
	      WHERE date >= $1
	      GROUP BY date
	      ORDER BY date ASC
	    
2025-05-12 13:52:09.754 UTC [580] DETAIL:  parameters: $1 = '2025-05-06'
2025-05-12 13:52:09.756 UTC [580] LOG:  statement: 
	      SELECT type, COUNT(*) as count
	      FROM Transactions
	      GROUP BY type
	    
2025-05-12 13:52:09.761 UTC [580] LOG:  statement: SELECT * FROM Transactions ORDER BY id DESC LIMIT 1
2025-05-12 13:52:09.761 UTC [581] LOG:  statement: 
	      SELECT COUNT(DISTINCT name) AS total_users
	      FROM Transactions
	    
2025-05-12 13:52:09.763 UTC [582] LOG:  execute <unnamed>: 
	      SELECT 
	        name,
	        SUM(CASE WHEN type = 'Cash In' THEN 1 ELSE 0 END) AS cash_in_count,
	        SUM(CASE WHEN type = 'Cash Out' THEN 1 ELSE 0 END) AS cash_out_count,
	        SUM(CASE WHEN type = 'Load' THEN 1 ELSE 0 END) AS load_count,
	        MAX(date) AS last_transaction
	      FROM Transactions
	    
	      GROUP BY name
	      ORDER BY name ASC
	      LIMIT $1 OFFSET $2
	    
2025-05-12 13:52:09.763 UTC [582] DETAIL:  parameters: $1 = '10', $2 = '0'
2025-05-12 13:52:11.845 UTC [582] LOG:  execute <unnamed>: SELECT * FROM Transactions WHERE date = $1 ORDER BY id DESC
2025-05-12 13:52:11.845 UTC [582] DETAIL:  parameters: $1 = '2025-05-12'
2025-05-12 13:52:11.850 UTC [582] LOG:  statement: SELECT * FROM Transactions ORDER BY id DESC LIMIT 1
2025-05-12 13:52:12.771 UTC [582] LOG:  execute <unnamed>: SELECT * FROM Transactions WHERE date = $1 ORDER BY id ASC
2025-05-12 13:52:12.771 UTC [582] DETAIL:  parameters: $1 = '2025-05-12'
2025-05-12 13:52:18.788 UTC [591] LOG:  statement: SELECT pg_catalog.set_config('search_path', '', false);
2025-05-12 13:52:18.789 UTC [591] LOG:  statement: SELECT pg_catalog.pg_is_in_recovery()
2025-05-12 13:52:18.790 UTC [591] LOG:  statement: SELECT pg_catalog.set_config('search_path', '', false);
2025-05-12 13:52:18.790 UTC [591] LOG:  statement: SET DATESTYLE = ISO
2025-05-12 13:52:18.790 UTC [591] LOG:  statement: SET INTERVALSTYLE = POSTGRES
2025-05-12 13:52:18.790 UTC [591] LOG:  statement: SET extra_float_digits TO 3
2025-05-12 13:52:18.791 UTC [591] LOG:  statement: SET synchronize_seqscans TO off
2025-05-12 13:52:18.791 UTC [591] LOG:  statement: SET statement_timeout = 0
2025-05-12 13:52:18.791 UTC [591] LOG:  statement: SET lock_timeout = 0
2025-05-12 13:52:18.791 UTC [591] LOG:  statement: SET idle_in_transaction_session_timeout = 0
2025-05-12 13:52:18.791 UTC [591] LOG:  statement: SET row_security = off
2025-05-12 13:52:18.791 UTC [591] LOG:  statement: SELECT set_config(name, 'view, foreign-table', false) FROM pg_settings WHERE name = 'restrict_nonsystem_relation_kind'
2025-05-12 13:52:18.793 UTC [591] LOG:  statement: BEGIN
2025-05-12 13:52:18.793 UTC [591] LOG:  statement: SET TRANSACTION ISOLATION LEVEL REPEATABLE READ, READ ONLY
2025-05-12 13:52:18.793 UTC [591] LOG:  statement: SELECT oid, rolname FROM pg_catalog.pg_roles ORDER BY 1
2025-05-12 13:52:18.794 UTC [591] LOG:  statement: SELECT x.tableoid, x.oid, x.extname, n.nspname, x.extrelocatable, x.extversion, x.extconfig, x.extcondition FROM pg_extension x JOIN pg_namespace n ON n.oid = x.extnamespace
2025-05-12 13:52:18.795 UTC [591] LOG:  statement: SELECT classid, objid, refobjid FROM pg_depend WHERE refclassid = 'pg_extension'::regclass AND deptype = 'e' ORDER BY 3
2025-05-12 13:52:18.796 UTC [591] LOG:  statement: SELECT n.tableoid, n.oid, n.nspname, n.nspowner, n.nspacl, acldefault('n', n.nspowner) AS acldefault FROM pg_namespace n
2025-05-12 13:52:18.796 UTC [591] LOG:  statement: SELECT c.tableoid, c.oid, c.relname, c.relnamespace, c.relkind, c.reltype, c.relowner, c.relchecks, c.relhasindex, c.relhasrules, c.relpages, c.relhastriggers, c.relpersistence, c.reloftype, c.relacl, acldefault(CASE WHEN c.relkind = 'S' THEN 's'::"char" ELSE 'r'::"char" END, c.relowner) AS acldefault, CASE WHEN c.relkind = 'f' THEN (SELECT ftserver FROM pg_catalog.pg_foreign_table WHERE ftrelid = c.oid) ELSE 0 END AS foreignserver, c.relfrozenxid, tc.relfrozenxid AS tfrozenxid, tc.oid AS toid, tc.relpages AS toastpages, tc.reloptions AS toast_reloptions, d.refobjid AS owning_tab, d.refobjsubid AS owning_col, tsp.spcname AS reltablespace, false AS relhasoids, c.relispopulated, c.relreplident, c.relrowsecurity, c.relforcerowsecurity, c.relminmxid, tc.relminmxid AS tminmxid, array_remove(array_remove(c.reloptions,'check_option=local'),'check_option=cascaded') AS reloptions, CASE WHEN 'check_option=local' = ANY (c.reloptions) THEN 'LOCAL'::text WHEN 'check_option=cascaded' = ANY (c.reloptions) THEN 'CASCADED'::text ELSE NULL END AS checkoption, am.amname, (d.deptype = 'i') IS TRUE AS is_identity_sequence, c.relispartition AS ispartition 
	FROM pg_class c
	LEFT JOIN pg_depend d ON (c.relkind = 'S' AND d.classid = 'pg_class'::regclass AND d.objid = c.oid AND d.objsubid = 0 AND d.refclassid = 'pg_class'::regclass AND d.deptype IN ('a', 'i'))
	LEFT JOIN pg_tablespace tsp ON (tsp.oid = c.reltablespace)
	LEFT JOIN pg_am am ON (c.relam = am.oid)
	LEFT JOIN pg_class tc ON (c.reltoastrelid = tc.oid AND tc.relkind = 't' AND c.relkind <> 'p')
	WHERE c.relkind IN ('r', 'S', 'v', 'c', 'm', 'f', 'p')
	ORDER BY c.oid
2025-05-12 13:52:18.802 UTC [591] LOG:  statement: LOCK TABLE public.transactions, public.currentbalance IN ACCESS SHARE MODE
2025-05-12 13:52:18.802 UTC [591] LOG:  statement: SELECT p.tableoid, p.oid, p.proname, p.prolang, p.pronargs, p.proargtypes, p.prorettype, p.proacl, acldefault('f', p.proowner) AS acldefault, p.pronamespace, p.proowner FROM pg_proc p LEFT JOIN pg_init_privs pip ON (p.oid = pip.objoid AND pip.classoid = 'pg_proc'::regclass AND pip.objsubid = 0) WHERE p.prokind <> 'a'
	  AND NOT EXISTS (SELECT 1 FROM pg_depend WHERE classid = 'pg_proc'::regclass AND objid = p.oid AND deptype = 'i')
	  AND (
	  pronamespace != (SELECT oid FROM pg_namespace WHERE nspname = 'pg_catalog')
	  OR EXISTS (SELECT 1 FROM pg_cast
	  WHERE pg_cast.oid > 16383 
	  AND p.oid = pg_cast.castfunc)
	  OR EXISTS (SELECT 1 FROM pg_transform
	  WHERE pg_transform.oid > 16383 AND 
	  (p.oid = pg_transform.trffromsql
	  OR p.oid = pg_transform.trftosql))
	  OR p.proacl IS DISTINCT FROM pip.initprivs)
2025-05-12 13:52:18.810 UTC [591] LOG:  statement: SELECT tableoid, oid, typname, typnamespace, typacl, acldefault('T', typowner) AS acldefault, typowner, typelem, typrelid, CASE WHEN typrelid = 0 THEN ' '::"char" ELSE (SELECT relkind FROM pg_class WHERE oid = typrelid) END AS typrelkind, typtype, typisdefined, typname[0] = '_' AND typelem != 0 AND (SELECT typarray FROM pg_type te WHERE oid = pg_type.typelem) = oid AS isarray FROM pg_type
2025-05-12 13:52:18.812 UTC [591] LOG:  statement: SELECT tableoid, oid, lanname, lanpltrusted, lanplcallfoid, laninline, lanvalidator, lanacl, acldefault('l', lanowner) AS acldefault, lanowner FROM pg_language WHERE lanispl ORDER BY oid
2025-05-12 13:52:18.813 UTC [591] LOG:  statement: SELECT p.tableoid, p.oid, p.proname AS aggname, p.pronamespace AS aggnamespace, p.pronargs, p.proargtypes, p.proowner, p.proacl AS aggacl, acldefault('f', p.proowner) AS acldefault FROM pg_proc p LEFT JOIN pg_init_privs pip ON (p.oid = pip.objoid AND pip.classoid = 'pg_proc'::regclass AND pip.objsubid = 0) WHERE p.prokind = 'a' AND (p.pronamespace != (SELECT oid FROM pg_namespace WHERE nspname = 'pg_catalog') OR p.proacl IS DISTINCT FROM pip.initprivs)
2025-05-12 13:52:18.813 UTC [591] LOG:  statement: SELECT tableoid, oid, oprname, oprnamespace, oprowner, oprkind, oprcode::oid AS oprcode FROM pg_operator
2025-05-12 13:52:18.814 UTC [591] LOG:  statement: SELECT tableoid, oid, amname, amtype, amhandler::pg_catalog.regproc AS amhandler FROM pg_am
2025-05-12 13:52:18.815 UTC [591] LOG:  statement: SELECT tableoid, oid, opcname, opcnamespace, opcowner FROM pg_opclass
2025-05-12 13:52:18.815 UTC [591] LOG:  statement: SELECT tableoid, oid, opfname, opfnamespace, opfowner FROM pg_opfamily
2025-05-12 13:52:18.816 UTC [591] LOG:  statement: SELECT tableoid, oid, prsname, prsnamespace, prsstart::oid, prstoken::oid, prsend::oid, prsheadline::oid, prslextype::oid FROM pg_ts_parser
2025-05-12 13:52:18.817 UTC [591] LOG:  statement: SELECT tableoid, oid, tmplname, tmplnamespace, tmplinit::oid, tmpllexize::oid FROM pg_ts_template
2025-05-12 13:52:18.818 UTC [591] LOG:  statement: SELECT tableoid, oid, dictname, dictnamespace, dictowner, dicttemplate, dictinitoption FROM pg_ts_dict
2025-05-12 13:52:18.819 UTC [591] LOG:  statement: SELECT tableoid, oid, cfgname, cfgnamespace, cfgowner, cfgparser FROM pg_ts_config
2025-05-12 13:52:18.820 UTC [591] LOG:  statement: SELECT tableoid, oid, fdwname, fdwowner, fdwhandler::pg_catalog.regproc, fdwvalidator::pg_catalog.regproc, fdwacl, acldefault('F', fdwowner) AS acldefault, array_to_string(ARRAY(SELECT quote_ident(option_name) || ' ' || quote_literal(option_value) FROM pg_options_to_table(fdwoptions) ORDER BY option_name), E',
	    ') AS fdwoptions FROM pg_foreign_data_wrapper
2025-05-12 13:52:18.822 UTC [591] LOG:  statement: SELECT tableoid, oid, srvname, srvowner, srvfdw, srvtype, srvversion, srvacl, acldefault('S', srvowner) AS acldefault, array_to_string(ARRAY(SELECT quote_ident(option_name) || ' ' || quote_literal(option_value) FROM pg_options_to_table(srvoptions) ORDER BY option_name), E',
	    ') AS srvoptions FROM pg_foreign_server
2025-05-12 13:52:18.822 UTC [591] LOG:  statement: SELECT oid, tableoid, defaclrole, defaclnamespace, defaclobjtype, defaclacl, CASE WHEN defaclnamespace = 0 THEN acldefault(CASE WHEN defaclobjtype = 'S' THEN 's'::"char" ELSE defaclobjtype END, defaclrole) ELSE '{}' END AS acldefault FROM pg_default_acl
2025-05-12 13:52:18.823 UTC [591] LOG:  statement: SELECT tableoid, oid, collname, collnamespace, collowner FROM pg_collation
2025-05-12 13:52:18.824 UTC [591] LOG:  statement: SELECT tableoid, oid, conname, connamespace, conowner FROM pg_conversion
2025-05-12 13:52:18.825 UTC [591] LOG:  statement: SELECT tableoid, oid, castsource, casttarget, castfunc, castcontext, castmethod FROM pg_cast c WHERE NOT EXISTS ( SELECT 1 FROM pg_range r WHERE c.castsource = r.rngtypid AND c.casttarget = r.rngmultitypid ) ORDER BY 3,4
2025-05-12 13:52:18.826 UTC [591] LOG:  statement: SELECT tableoid, oid, trftype, trflang, trffromsql::oid, trftosql::oid FROM pg_transform ORDER BY 3,4
2025-05-12 13:52:18.826 UTC [591] LOG:  statement: SELECT inhrelid, inhparent FROM pg_inherits
2025-05-12 13:52:18.827 UTC [591] LOG:  statement: SELECT e.tableoid, e.oid, evtname, evtenabled, evtevent, evtowner, array_to_string(array(select quote_literal(x)  from unnest(evttags) as t(x)), ', ') as evttags, e.evtfoid::regproc as evtfname FROM pg_event_trigger e ORDER BY e.oid
2025-05-12 13:52:18.828 UTC [591] LOG:  statement: SELECT conrelid, confrelid FROM pg_constraint JOIN pg_depend ON (objid = confrelid) WHERE contype = 'f' AND refclassid = 'pg_extension'::regclass AND classid = 'pg_class'::regclass;
2025-05-12 13:52:18.830 UTC [591] LOG:  statement: SELECT
	a.attrelid,
	a.attnum,
	a.attname,
	a.attstattarget,
	a.attstorage,
	t.typstorage,
	a.attnotnull,
	a.atthasdef,
	a.attisdropped,
	a.attlen,
	a.attalign,
	a.attislocal,
	pg_catalog.format_type(t.oid, a.atttypmod) AS atttypname,
	array_to_string(a.attoptions, ', ') AS attoptions,
	CASE WHEN a.attcollation <> t.typcollation THEN a.attcollation ELSE 0 END AS attcollation,
	pg_catalog.array_to_string(ARRAY(SELECT pg_catalog.quote_ident(option_name) || ' ' || pg_catalog.quote_literal(option_value) FROM pg_catalog.pg_options_to_table(attfdwoptions) ORDER BY option_name), E',
	    ') AS attfdwoptions,
	a.attcompression AS attcompression,
	a.attidentity,
	CASE WHEN a.atthasmissing AND NOT a.attisdropped THEN a.attmissingval ELSE null END AS attmissingval,
	a.attgenerated
	FROM unnest('{16394,16405}'::pg_catalog.oid[]) AS src(tbloid)
	JOIN pg_catalog.pg_attribute a ON (src.tbloid = a.attrelid) LEFT JOIN pg_catalog.pg_type t ON (a.atttypid = t.oid)
	WHERE a.attnum > 0::pg_catalog.int2
	ORDER BY a.attrelid, a.attnum
2025-05-12 13:52:18.830 UTC [591] LOG:  statement: SELECT a.tableoid, a.oid, adrelid, adnum, pg_catalog.pg_get_expr(adbin, adrelid) AS adsrc
	FROM unnest('{16394,16405}'::pg_catalog.oid[]) AS src(tbloid)
	JOIN pg_catalog.pg_attrdef a ON (src.tbloid = a.adrelid)
	ORDER BY a.adrelid, a.adnum
2025-05-12 13:52:18.831 UTC [591] LOG:  statement: SELECT partrelid FROM pg_partitioned_table WHERE
	(SELECT c.oid FROM pg_opclass c JOIN pg_am a ON c.opcmethod = a.oid
	WHERE opcname = 'enum_ops' AND opcnamespace = 'pg_catalog'::regnamespace AND amname = 'hash') = ANY(partclass)
2025-05-12 13:52:18.832 UTC [591] LOG:  statement: SELECT t.tableoid, t.oid, i.indrelid, t.relname AS indexname, pg_catalog.pg_get_indexdef(i.indexrelid) AS indexdef, i.indkey, i.indisclustered, c.contype, c.conname, c.condeferrable, c.condeferred, c.tableoid AS contableoid, c.oid AS conoid, pg_catalog.pg_get_constraintdef(c.oid, false) AS condef, (SELECT spcname FROM pg_catalog.pg_tablespace s WHERE s.oid = t.reltablespace) AS tablespace, t.reloptions AS indreloptions, i.indisreplident, inh.inhparent AS parentidx, i.indnkeyatts AS indnkeyatts, i.indnatts AS indnatts, (SELECT pg_catalog.array_agg(attnum ORDER BY attnum)   FROM pg_catalog.pg_attribute   WHERE attrelid = i.indexrelid AND     attstattarget >= 0) AS indstatcols, (SELECT pg_catalog.array_agg(attstattarget ORDER BY attnum)   FROM pg_catalog.pg_attribute   WHERE attrelid = i.indexrelid AND     attstattarget >= 0) AS indstatvals, i.indnullsnotdistinct FROM unnest('{16394,16405}'::pg_catalog.oid[]) AS src(tbloid)
	JOIN pg_catalog.pg_index i ON (src.tbloid = i.indrelid) JOIN pg_catalog.pg_class t ON (t.oid = i.indexrelid) JOIN pg_catalog.pg_class t2 ON (t2.oid = i.indrelid) LEFT JOIN pg_catalog.pg_constraint c ON (i.indrelid = c.conrelid AND i.indexrelid = c.conindid AND c.contype IN ('p','u','x')) LEFT JOIN pg_catalog.pg_inherits inh ON (inh.inhrelid = indexrelid) WHERE (i.indisvalid OR t2.relkind = 'p') AND i.indisready ORDER BY i.indrelid, indexname
2025-05-12 13:52:18.834 UTC [591] LOG:  statement: SELECT tableoid, oid, stxname, stxnamespace, stxowner, stxrelid, stxstattarget FROM pg_catalog.pg_statistic_ext
2025-05-12 13:52:18.835 UTC [591] LOG:  statement: SELECT c.tableoid, c.oid, conrelid, conname, confrelid, conindid, pg_catalog.pg_get_constraintdef(c.oid) AS condef
	FROM unnest('{}'::pg_catalog.oid[]) AS src(tbloid)
	JOIN pg_catalog.pg_constraint c ON (src.tbloid = c.conrelid)
	WHERE contype = 'f' AND conparentid = 0 ORDER BY conrelid, conname
2025-05-12 13:52:18.835 UTC [591] LOG:  statement: SELECT t.tgrelid, t.tgname, t.tgfoid::pg_catalog.regproc AS tgfname, pg_catalog.pg_get_triggerdef(t.oid, false) AS tgdef, t.tgenabled, t.tableoid, t.oid, t.tgparentid <> 0 AS tgispartition
	FROM unnest('{}'::pg_catalog.oid[]) AS src(tbloid)
	JOIN pg_catalog.pg_trigger t ON (src.tbloid = t.tgrelid) LEFT JOIN pg_catalog.pg_trigger u ON (u.oid = t.tgparentid) WHERE ((NOT t.tgisinternal AND t.tgparentid = 0) OR t.tgenabled != u.tgenabled) ORDER BY t.tgrelid, t.tgname
2025-05-12 13:52:18.836 UTC [591] LOG:  statement: SELECT tableoid, oid, rulename, ev_class AS ruletable, ev_type, is_instead, ev_enabled FROM pg_rewrite ORDER BY oid
2025-05-12 13:52:18.837 UTC [591] LOG:  statement: SELECT pol.oid, pol.tableoid, pol.polrelid, pol.polname, pol.polcmd, pol.polpermissive, CASE WHEN pol.polroles = '{0}' THEN NULL ELSE    pg_catalog.array_to_string(ARRAY(SELECT pg_catalog.quote_ident(rolname) from pg_catalog.pg_roles WHERE oid = ANY(pol.polroles)), ', ') END AS polroles, pg_catalog.pg_get_expr(pol.polqual, pol.polrelid) AS polqual, pg_catalog.pg_get_expr(pol.polwithcheck, pol.polrelid) AS polwithcheck FROM unnest('{16394,16405}'::pg_catalog.oid[]) AS src(tbloid)
	JOIN pg_catalog.pg_policy pol ON (src.tbloid = pol.polrelid)
2025-05-12 13:52:18.837 UTC [591] LOG:  statement: SELECT p.tableoid, p.oid, p.pubname, p.pubowner, p.puballtables, p.pubinsert, p.pubupdate, p.pubdelete, p.pubtruncate, p.pubviaroot FROM pg_publication p
2025-05-12 13:52:18.838 UTC [591] LOG:  statement: SELECT tableoid, oid, prpubid, prrelid, pg_catalog.pg_get_expr(prqual, prrelid) AS prrelqual, (CASE
	  WHEN pr.prattrs IS NOT NULL THEN
	    (SELECT array_agg(attname)
	       FROM
	         pg_catalog.generate_series(0, pg_catalog.array_upper(pr.prattrs::pg_catalog.int2[], 1)) s,
	         pg_catalog.pg_attribute
	      WHERE attrelid = pr.prrelid AND attnum = prattrs[s])
	  ELSE NULL END) prattrs FROM pg_catalog.pg_publication_rel pr
2025-05-12 13:52:18.839 UTC [591] LOG:  statement: SELECT tableoid, oid, pnpubid, pnnspid FROM pg_catalog.pg_publication_namespace
2025-05-12 13:52:18.839 UTC [591] LOG:  statement: SELECT s.tableoid, s.oid, s.subname,
	 s.subowner,
	 s.subconninfo, s.subslotname, s.subsynccommit,
	 s.subpublications,
	 s.subbinary,
	 s.substream,
	 s.subtwophasestate,
	 s.subdisableonerr,
	 s.subpasswordrequired,
	 s.subrunasowner,
	 s.suborigin
	FROM pg_subscription s
	WHERE s.subdbid = (SELECT oid FROM pg_database
	                   WHERE datname = current_database())
2025-05-12 13:52:18.840 UTC [591] LOG:  statement: WITH RECURSIVE w AS ( SELECT d1.objid, d2.refobjid, c2.relkind AS refrelkind FROM pg_depend d1 JOIN pg_class c1 ON c1.oid = d1.objid AND c1.relkind = 'm' JOIN pg_rewrite r1 ON r1.ev_class = d1.objid JOIN pg_depend d2 ON d2.classid = 'pg_rewrite'::regclass AND d2.objid = r1.oid AND d2.refobjid <> d1.objid JOIN pg_class c2 ON c2.oid = d2.refobjid AND c2.relkind IN ('m','v') WHERE d1.classid = 'pg_class'::regclass UNION SELECT w.objid, d3.refobjid, c3.relkind FROM w JOIN pg_rewrite r3 ON r3.ev_class = w.refobjid JOIN pg_depend d3 ON d3.classid = 'pg_rewrite'::regclass AND d3.objid = r3.oid AND d3.refobjid <> w.refobjid JOIN pg_class c3 ON c3.oid = d3.refobjid AND c3.relkind IN ('m','v') ) SELECT 'pg_class'::regclass::oid AS classid, objid, refobjid FROM w WHERE refrelkind = 'm'
2025-05-12 13:52:18.841 UTC [591] LOG:  statement: SELECT oid, lomowner, lomacl, acldefault('L', lomowner) AS acldefault FROM pg_largeobject_metadata
2025-05-12 13:52:18.842 UTC [591] LOG:  statement: SELECT classid, objid, refclassid, refobjid, deptype FROM pg_depend WHERE deptype != 'p' AND deptype != 'e'
	UNION ALL
	SELECT 'pg_opfamily'::regclass AS classid, amopfamily AS objid, refclassid, refobjid, deptype FROM pg_depend d, pg_amop o WHERE deptype NOT IN ('p', 'e', 'i') AND classid = 'pg_amop'::regclass AND objid = o.oid AND NOT (refclassid = 'pg_opfamily'::regclass AND amopfamily = refobjid)
	UNION ALL
	SELECT 'pg_opfamily'::regclass AS classid, amprocfamily AS objid, refclassid, refobjid, deptype FROM pg_depend d, pg_amproc p WHERE deptype NOT IN ('p', 'e', 'i') AND classid = 'pg_amproc'::regclass AND objid = p.oid AND NOT (refclassid = 'pg_opfamily'::regclass AND amprocfamily = refobjid)
	ORDER BY 1,2
2025-05-12 13:52:18.845 UTC [591] LOG:  statement: SELECT DISTINCT attrelid FROM pg_attribute WHERE attacl IS NOT NULL
2025-05-12 13:52:18.846 UTC [591] LOG:  statement: SELECT objoid, classoid, objsubid, privtype, initprivs FROM pg_init_privs
2025-05-12 13:52:18.847 UTC [591] LOG:  statement: SELECT description, classoid, objoid, objsubid FROM pg_catalog.pg_description ORDER BY classoid, objoid, objsubid
2025-05-12 13:52:18.853 UTC [591] LOG:  statement: SELECT label, provider, classoid, objoid, objsubid FROM pg_catalog.pg_seclabel ORDER BY classoid, objoid, objsubid
2025-05-12 13:52:18.855 UTC [591] LOG:  statement: SELECT pg_catalog.current_schemas(false)
2025-05-12 13:52:18.855 UTC [591] LOG:  statement: PREPARE dumpEnumType(pg_catalog.oid) AS
	SELECT oid, enumlabel FROM pg_catalog.pg_enum WHERE enumtypid = $1 ORDER BY enumsortorder
2025-05-12 13:52:18.855 UTC [591] LOG:  statement: EXECUTE dumpEnumType('16386')
2025-05-12 13:52:18.855 UTC [591] DETAIL:  prepare: PREPARE dumpEnumType(pg_catalog.oid) AS
	SELECT oid, enumlabel FROM pg_catalog.pg_enum WHERE enumtypid = $1 ORDER BY enumsortorder
2025-05-12 13:52:18.855 UTC [591] LOG:  statement: PREPARE getColumnACLs(pg_catalog.oid) AS
	SELECT at.attname, at.attacl, '{}' AS acldefault, pip.privtype, pip.initprivs FROM pg_catalog.pg_attribute at LEFT JOIN pg_catalog.pg_init_privs pip ON (at.attrelid = pip.objoid AND pip.classoid = 'pg_catalog.pg_class'::pg_catalog.regclass AND at.attnum = pip.objsubid) WHERE at.attrelid = $1 AND NOT at.attisdropped AND (at.attacl IS NOT NULL OR pip.initprivs IS NOT NULL) ORDER BY at.attnum
2025-05-12 13:52:18.856 UTC [591] LOG:  statement: EXECUTE getColumnACLs('6100')
2025-05-12 13:52:18.856 UTC [591] DETAIL:  prepare: PREPARE getColumnACLs(pg_catalog.oid) AS
	SELECT at.attname, at.attacl, '{}' AS acldefault, pip.privtype, pip.initprivs FROM pg_catalog.pg_attribute at LEFT JOIN pg_catalog.pg_init_privs pip ON (at.attrelid = pip.objoid AND pip.classoid = 'pg_catalog.pg_class'::pg_catalog.regclass AND at.attnum = pip.objsubid) WHERE at.attrelid = $1 AND NOT at.attisdropped AND (at.attacl IS NOT NULL OR pip.initprivs IS NOT NULL) ORDER BY at.attnum
2025-05-12 13:52:18.856 UTC [591] LOG:  statement: SELECT format_type(seqtypid, NULL), seqstart, seqincrement, seqmax, seqmin, seqcache, seqcycle FROM pg_catalog.pg_sequence WHERE seqrelid = '16404'::oid
2025-05-12 13:52:18.856 UTC [591] LOG:  statement: SELECT format_type(seqtypid, NULL), seqstart, seqincrement, seqmax, seqmin, seqcache, seqcycle FROM pg_catalog.pg_sequence WHERE seqrelid = '16393'::oid
2025-05-12 13:52:18.856 UTC [591] LOG:  statement: SELECT last_value, is_called FROM public.currentbalance_id_seq
2025-05-12 13:52:18.857 UTC [591] LOG:  statement: SELECT last_value, is_called FROM public.transactions_id_seq
2025-05-12 13:52:18.857 UTC [591] LOG:  statement: COPY public.currentbalance (id, balance) TO stdout;
2025-05-12 13:52:18.857 UTC [591] LOG:  statement: COPY public.transactions (id, date, "time", type, amount, name, ref, fee, remarks, created_at, updated_at) TO stdout;
2025-05-12 13:52:58.946 UTC [28] LOG:  checkpoint starting: time
2025-05-12 13:52:59.367 UTC [28] LOG:  checkpoint complete: wrote 5 buffers (0.0%); 0 WAL file(s) added, 0 removed, 0 recycled; write=0.403 s, sync=0.005 s, total=0.422 s; sync files=5, longest=0.003 s, average=0.001 s; distance=22 kB, estimate=22 kB; lsn=0/1A5CD98, redo lsn=0/1A5CD60
