2025-05-15 14:10:51.709 UTC [1] LOG:  starting PostgreSQL 16.8 (Debian 16.8-1.pgdg120+1) on x86_64-pc-linux-gnu, compiled by gcc (Debian 12.2.0-14) 12.2.0, 64-bit
2025-05-15 14:10:51.709 UTC [1] LOG:  listening on IPv4 address "0.0.0.0", port 5432
2025-05-15 14:11:55.444 UTC [1] LOG:  listening on IPv6 address "::", port 5432
2025-05-15 14:11:55.451 UTC [1] LOG:  listening on Unix socket "/var/run/postgresql/.s.PGSQL.5432"
2025-05-15 14:11:55.461 UTC [30] LOG:  database system was interrupted; last known up at 2025-05-14 13:59:17 UTC
2025-05-15 14:10:52.314 UTC [30] LOG:  database system was not properly shut down; automatic recovery in progress
2025-05-15 14:10:52.319 UTC [30] LOG:  redo starts at 0/1A867D0
2025-05-15 14:10:52.322 UTC [30] LOG:  invalid record length at 0/1A88D58: expected at least 24, got 0
2025-05-15 14:10:52.322 UTC [30] LOG:  redo done at 0/1A88D20 system usage: CPU: user: 0.00 s, system: 0.00 s, elapsed: 0.00 s
2025-05-15 14:10:52.332 UTC [28] LOG:  checkpoint starting: end-of-recovery immediate wait
2025-05-15 14:10:52.362 UTC [28] LOG:  checkpoint complete: wrote 7 buffers (0.0%); 0 WAL file(s) added, 0 removed, 0 recycled; write=0.008 s, sync=0.009 s, total=0.034 s; sync files=6, longest=0.004 s, average=0.002 s; distance=9 kB, estimate=9 kB; lsn=0/1A88D58, redo lsn=0/1A88D58
2025-05-15 14:10:52.377 UTC [1] LOG:  database system is ready to accept connections
2025-05-15 14:10:52.959 UTC [34] LOG:  statement: 
	      SELECT EXISTS (
	        SELECT 1 FROM pg_type WHERE typname = 'transaction_type'
	      ) AS type_exists;
	    
2025-05-15 14:10:52.977 UTC [34] LOG:  statement: 
	        SELECT e.enumlabel
	        FROM pg_enum e
	        JOIN pg_type t ON e.enumtypid = t.oid
	        WHERE t.typname = 'transaction_type'
	        ORDER BY e.enumsortorder;
	      
2025-05-15 14:10:52.983 UTC [34] LOG:  statement: 
	      CREATE TABLE IF NOT EXISTS Transactions (
	        id SERIAL PRIMARY KEY,
	        date TEXT NOT NULL,
	        time TEXT NOT NULL,
	        type transaction_type NOT NULL,
	        amount TEXT NOT NULL,
	        name TEXT NOT NULL,
	        ref TEXT NOT NULL,
	        fee TEXT NOT NULL,
	        remarks TEXT NOT NULL,
	        created_at TIMESTAMP DEFAULT CURRENT_TIMESTAMP,
	        updated_at TIMESTAMP DEFAULT CURRENT_TIMESTAMP
	      );
	    
2025-05-15 14:10:52.984 UTC [34] LOG:  statement: 
	      DO $$ 
	      BEGIN
	        IF NOT EXISTS (SELECT 1 FROM information_schema.columns 
	                       WHERE table_name = 'transactions' AND column_name = 'created_at') THEN
	          ALTER TABLE Transactions ADD COLUMN created_at TIMESTAMP DEFAULT CURRENT_TIMESTAMP;
	        END IF;
	        IF NOT EXISTS (SELECT 1 FROM information_schema.columns 
	                       WHERE table_name = 'transactions' AND column_name = 'updated_at') THEN
	          ALTER TABLE Transactions ADD COLUMN updated_at TIMESTAMP DEFAULT CURRENT_TIMESTAMP;
	        END IF;
	      END $$;
	    
2025-05-15 14:10:53.012 UTC [34] LOG:  statement: 
	      CREATE TABLE IF NOT EXISTS CurrentBalance (
	        id SERIAL PRIMARY KEY,
	        balance DECIMAL NOT NULL DEFAULT 0.00
	      );
	    
2025-05-15 14:10:53.012 UTC [34] LOG:  statement: SELECT * FROM CurrentBalance
2025-05-15 14:11:43.084 UTC [79] LOG:  statement: SELECT * FROM Transactions ORDER BY id DESC LIMIT 1
2025-05-15 14:11:43.084 UTC [78] LOG:  statement: SELECT balance FROM CurrentBalance WHERE id = 1
2025-05-15 14:11:43.084 UTC [80] LOG:  statement: 
	      SELECT type, COUNT(*) as count
	      FROM Transactions
	      GROUP BY type
	    
2025-05-15 14:11:43.085 UTC [76] LOG:  execute <unnamed>: SELECT * FROM Transactions WHERE date = $1 ORDER BY id DESC
2025-05-15 14:11:43.085 UTC [76] DETAIL:  parameters: $1 = '2025-05-15'
2025-05-15 14:11:43.087 UTC [77] LOG:  execute <unnamed>: 
	      SELECT date, SUM(CAST(amount AS DECIMAL)) as total_amount
	      FROM Transactions
	      WHERE date >= $1 AND date <= $2
	      GROUP BY date
	      ORDER BY date ASC
	    
2025-05-15 14:11:43.087 UTC [77] DETAIL:  parameters: $1 = '2025-05-09', $2 = '2025-05-15'
2025-05-15 14:11:43.099 UTC [77] LOG:  statement: SELECT * FROM Transactions ORDER BY id DESC LIMIT 1
2025-05-15 14:11:56.427 UTC [90] LOG:  execute <unnamed>: UPDATE CurrentBalance SET balance = $1 WHERE id = 1
2025-05-15 14:11:56.427 UTC [90] DETAIL:  parameters: $1 = '18286.77'
2025-05-15 14:11:57.394 UTC [90] LOG:  statement: SELECT balance FROM CurrentBalance WHERE id = 1
2025-05-15 14:13:25.748 UTC [115] LOG:  execute <unnamed>: INSERT INTO Transactions (date, time, type, amount, name, ref, fee, remarks, created_at, updated_at)
	       VALUES ($1, $2, $3, $4, $5, $6, $7, $8, CURRENT_TIMESTAMP, CURRENT_TIMESTAMP)
	       RETURNING id
2025-05-15 14:13:25.748 UTC [115] DETAIL:  parameters: $1 = '2025-05-15', $2 = '08:24', $3 = 'Cash Out', $4 = '3500', $5 = 'HONEY ROSE A.', $6 = '84200', $7 = '0', $8 = 'CREDIT - PAYMENT'
2025-05-15 14:13:25.752 UTC [115] LOG:  execute <unnamed>: UPDATE CurrentBalance SET balance = balance + $1 WHERE id = 1
2025-05-15 14:13:25.752 UTC [115] DETAIL:  parameters: $1 = '3500'
2025-05-15 14:12:22.331 UTC [115] LOG:  execute <unnamed>: SELECT * FROM Transactions WHERE date = $1 ORDER BY id DESC
2025-05-15 14:12:22.331 UTC [115] DETAIL:  parameters: $1 = '2025-05-15'
2025-05-15 14:12:22.333 UTC [115] LOG:  statement: SELECT balance FROM CurrentBalance WHERE id = 1
2025-05-15 14:12:22.337 UTC [115] LOG:  statement: SELECT * FROM Transactions ORDER BY id DESC LIMIT 1
2025-05-15 14:12:42.297 UTC [132] LOG:  execute <unnamed>: INSERT INTO Transactions (date, time, type, amount, name, ref, fee, remarks, created_at, updated_at)
	       VALUES ($1, $2, $3, $4, $5, $6, $7, $8, CURRENT_TIMESTAMP, CURRENT_TIMESTAMP)
	       RETURNING id
2025-05-15 14:12:42.297 UTC [132] DETAIL:  parameters: $1 = '2025-05-15', $2 = '08:47', $3 = 'Cash Out', $4 = '620', $5 = 'RO N C.', $6 = '28925', $7 = '20', $8 = 'CLAIMED'
2025-05-15 14:12:42.299 UTC [132] LOG:  execute <unnamed>: UPDATE CurrentBalance SET balance = balance + $1 WHERE id = 1
2025-05-15 14:12:42.299 UTC [132] DETAIL:  parameters: $1 = '620'
2025-05-15 14:12:42.908 UTC [132] LOG:  execute <unnamed>: SELECT * FROM Transactions WHERE date = $1 ORDER BY id DESC
2025-05-15 14:12:42.908 UTC [132] DETAIL:  parameters: $1 = '2025-05-15'
2025-05-15 14:12:42.910 UTC [132] LOG:  statement: SELECT balance FROM CurrentBalance WHERE id = 1
2025-05-15 14:12:42.914 UTC [132] LOG:  statement: SELECT * FROM Transactions ORDER BY id DESC LIMIT 1
2025-05-15 14:12:58.424 UTC [150] LOG:  execute <unnamed>: INSERT INTO Transactions (date, time, type, amount, name, ref, fee, remarks, created_at, updated_at)
	       VALUES ($1, $2, $3, $4, $5, $6, $7, $8, CURRENT_TIMESTAMP, CURRENT_TIMESTAMP)
	       RETURNING id
2025-05-15 14:12:58.424 UTC [150] DETAIL:  parameters: $1 = '2025-05-15', $2 = '08:49', $3 = 'Cash In', $4 = '2000', $5 = 'CE E S.', $6 = '96822', $7 = '30', $8 = 'CUANA'
2025-05-15 14:12:58.426 UTC [150] LOG:  execute <unnamed>: UPDATE CurrentBalance SET balance = balance + $1 WHERE id = 1
2025-05-15 14:12:58.426 UTC [150] DETAIL:  parameters: $1 = '-2000'
2025-05-15 14:12:58.634 UTC [150] LOG:  execute <unnamed>: SELECT * FROM Transactions WHERE date = $1 ORDER BY id DESC
2025-05-15 14:12:58.634 UTC [150] DETAIL:  parameters: $1 = '2025-05-15'
2025-05-15 14:12:58.635 UTC [150] LOG:  statement: SELECT balance FROM CurrentBalance WHERE id = 1
2025-05-15 14:12:58.644 UTC [150] LOG:  statement: SELECT * FROM Transactions ORDER BY id DESC LIMIT 1
2025-05-15 14:13:10.234 UTC [159] LOG:  execute <unnamed>: INSERT INTO Transactions (date, time, type, amount, name, ref, fee, remarks, created_at, updated_at)
	       VALUES ($1, $2, $3, $4, $5, $6, $7, $8, CURRENT_TIMESTAMP, CURRENT_TIMESTAMP)
	       RETURNING id
2025-05-15 14:13:10.234 UTC [159] DETAIL:  parameters: $1 = '2025-05-15', $2 = '09:24', $3 = 'Cash Out', $4 = '200', $5 = 'E R.', $6 = '40164', $7 = '10', $8 = 'CLAIMED'
2025-05-15 14:13:10.236 UTC [159] LOG:  execute <unnamed>: UPDATE CurrentBalance SET balance = balance + $1 WHERE id = 1
2025-05-15 14:13:10.236 UTC [159] DETAIL:  parameters: $1 = '200'
2025-05-15 14:13:10.411 UTC [159] LOG:  execute <unnamed>: SELECT * FROM Transactions WHERE date = $1 ORDER BY id DESC
2025-05-15 14:13:10.411 UTC [159] DETAIL:  parameters: $1 = '2025-05-15'
2025-05-15 14:13:10.413 UTC [159] LOG:  statement: SELECT balance FROM CurrentBalance WHERE id = 1
2025-05-15 14:13:10.418 UTC [159] LOG:  statement: SELECT * FROM Transactions ORDER BY id DESC LIMIT 1
2025-05-15 14:13:32.958 UTC [176] LOG:  execute <unnamed>: INSERT INTO Transactions (date, time, type, amount, name, ref, fee, remarks, created_at, updated_at)
	       VALUES ($1, $2, $3, $4, $5, $6, $7, $8, CURRENT_TIMESTAMP, CURRENT_TIMESTAMP)
	       RETURNING id
2025-05-15 14:13:32.958 UTC [176] DETAIL:  parameters: $1 = '2025-05-15', $2 = '10:19', $3 = 'Cash Out', $4 = '210', $5 = 'MA R C.', $6 = '507826', $7 = '10', $8 = 'CLAIMED'
2025-05-15 14:13:32.961 UTC [176] LOG:  execute <unnamed>: UPDATE CurrentBalance SET balance = balance + $1 WHERE id = 1
2025-05-15 14:13:32.961 UTC [176] DETAIL:  parameters: $1 = '210'
2025-05-15 14:13:33.268 UTC [176] LOG:  execute <unnamed>: SELECT * FROM Transactions WHERE date = $1 ORDER BY id DESC
2025-05-15 14:13:33.268 UTC [176] DETAIL:  parameters: $1 = '2025-05-15'
2025-05-15 14:13:33.270 UTC [176] LOG:  statement: SELECT balance FROM CurrentBalance WHERE id = 1
2025-05-15 14:13:33.275 UTC [176] LOG:  statement: SELECT * FROM Transactions ORDER BY id DESC LIMIT 1
2025-05-15 14:13:50.892 UTC [193] LOG:  execute <unnamed>: INSERT INTO Transactions (date, time, type, amount, name, ref, fee, remarks, created_at, updated_at)
	       VALUES ($1, $2, $3, $4, $5, $6, $7, $8, CURRENT_TIMESTAMP, CURRENT_TIMESTAMP)
	       RETURNING id
2025-05-15 14:13:50.892 UTC [193] DETAIL:  parameters: $1 = '2025-05-15', $2 = '13:15', $3 = 'Cash In', $4 = '980', $5 = 'ENRICO D.', $6 = '15676', $7 = '20', $8 = 'SENT\'
2025-05-15 14:13:50.894 UTC [193] LOG:  execute <unnamed>: UPDATE CurrentBalance SET balance = balance + $1 WHERE id = 1
2025-05-15 14:13:50.894 UTC [193] DETAIL:  parameters: $1 = '-980'
2025-05-15 14:13:51.067 UTC [193] LOG:  execute <unnamed>: SELECT * FROM Transactions WHERE date = $1 ORDER BY id DESC
2025-05-15 14:13:51.067 UTC [193] DETAIL:  parameters: $1 = '2025-05-15'
2025-05-15 14:13:51.068 UTC [193] LOG:  statement: SELECT balance FROM CurrentBalance WHERE id = 1
2025-05-15 14:13:51.073 UTC [193] LOG:  statement: SELECT * FROM Transactions ORDER BY id DESC LIMIT 1
2025-05-15 14:14:46.854 UTC [236] LOG:  execute <unnamed>: INSERT INTO Transactions (date, time, type, amount, name, ref, fee, remarks, created_at, updated_at)
	       VALUES ($1, $2, $3, $4, $5, $6, $7, $8, CURRENT_TIMESTAMP, CURRENT_TIMESTAMP)
	       RETURNING id
2025-05-15 14:14:46.854 UTC [236] DETAIL:  parameters: $1 = '2025-05-15', $2 = '13:46', $3 = 'Cash In', $4 = '2000', $5 = '2210', $6 = 'RO N P.', $7 = '51219', $8 = '40'
2025-05-15 14:14:46.857 UTC [236] LOG:  execute <unnamed>: UPDATE CurrentBalance SET balance = balance + $1 WHERE id = 1
2025-05-15 14:14:46.857 UTC [236] DETAIL:  parameters: $1 = '-2000'
2025-05-15 14:15:50.840 UTC [236] LOG:  execute <unnamed>: SELECT * FROM Transactions WHERE date = $1 ORDER BY id DESC
2025-05-15 14:15:50.840 UTC [236] DETAIL:  parameters: $1 = '2025-05-15'
2025-05-15 14:15:50.841 UTC [236] LOG:  statement: SELECT balance FROM CurrentBalance WHERE id = 1
2025-05-15 14:15:50.845 UTC [236] LOG:  statement: SELECT * FROM Transactions ORDER BY id DESC LIMIT 1
2025-05-15 14:14:52.327 UTC [236] LOG:  execute <unnamed>: SELECT * FROM Transactions WHERE date = $1 ORDER BY id DESC
2025-05-15 14:14:52.327 UTC [236] DETAIL:  parameters: $1 = '2025-05-15'
2025-05-15 14:14:52.332 UTC [236] LOG:  statement: SELECT * FROM Transactions ORDER BY id DESC LIMIT 1
2025-05-15 14:14:54.497 UTC [236] LOG:  execute <unnamed>: SELECT * FROM Transactions WHERE CAST(id AS TEXT) ILIKE $1 ORDER BY id DESC
2025-05-15 14:14:54.497 UTC [236] DETAIL:  parameters: $1 = '%573%'
2025-05-15 14:14:54.504 UTC [236] LOG:  statement: SELECT balance FROM CurrentBalance WHERE id = 1
2025-05-15 14:14:54.506 UTC [236] LOG:  execute <unnamed>: SELECT * FROM Transactions WHERE date = $1 ORDER BY id DESC
2025-05-15 14:14:54.506 UTC [236] DETAIL:  parameters: $1 = '2025-05-15'
2025-05-15 14:14:54.508 UTC [236] LOG:  statement: 
	      SELECT type, COUNT(*) as count
	      FROM Transactions
	      GROUP BY type
	    
2025-05-15 14:14:54.515 UTC [246] LOG:  execute <unnamed>: 
	      SELECT date, SUM(CAST(amount AS DECIMAL)) as total_amount
	      FROM Transactions
	      WHERE date >= $1 AND date <= $2
	      GROUP BY date
	      ORDER BY date ASC
	    
2025-05-15 14:14:54.515 UTC [246] DETAIL:  parameters: $1 = '2025-05-09', $2 = '2025-05-15'
2025-05-15 14:14:54.525 UTC [246] LOG:  statement: SELECT * FROM Transactions ORDER BY id DESC LIMIT 1
2025-05-15 14:16:10.878 UTC [255] LOG:  execute <unnamed>: SELECT * FROM Transactions WHERE id = $1
2025-05-15 14:16:10.878 UTC [255] DETAIL:  parameters: $1 = '573'
2025-05-15 14:16:10.879 UTC [255] LOG:  execute <unnamed>: UPDATE CurrentBalance SET balance = balance + $1 WHERE id = 1
2025-05-15 14:16:10.879 UTC [255] DETAIL:  parameters: $1 = '2000'
2025-05-15 14:16:10.880 UTC [255] LOG:  execute <unnamed>: UPDATE Transactions 
	       SET date = $1, time = $2, type = $3, amount = $4, name = $5, ref = $6, fee = $7, remarks = $8, updated_at = CURRENT_TIMESTAMP
	       WHERE id = $9
2025-05-15 14:16:10.880 UTC [255] DETAIL:  parameters: $1 = '2025-05-15', $2 = '13:46', $3 = 'Cash In', $4 = '2000', $5 = 'RO N P.', $6 = '51219', $7 = '40', $8 = 'SENT', $9 = '573'
2025-05-15 14:16:10.882 UTC [255] LOG:  execute <unnamed>: UPDATE CurrentBalance SET balance = balance + $1 WHERE id = 1
2025-05-15 14:16:10.882 UTC [255] DETAIL:  parameters: $1 = '-2000'
2025-05-15 14:16:11.066 UTC [255] LOG:  execute <unnamed>: SELECT * FROM Transactions WHERE date = $1 ORDER BY id DESC
2025-05-15 14:16:11.066 UTC [255] DETAIL:  parameters: $1 = '2025-05-15'
2025-05-15 14:16:11.068 UTC [255] LOG:  statement: SELECT balance FROM CurrentBalance WHERE id = 1
2025-05-15 14:16:11.073 UTC [255] LOG:  statement: SELECT * FROM Transactions ORDER BY id DESC LIMIT 1
2025-05-15 14:15:30.103 UTC [280] LOG:  execute <unnamed>: SELECT * FROM Transactions WHERE date = $1 ORDER BY id DESC
2025-05-15 14:15:30.103 UTC [280] DETAIL:  parameters: $1 = '2025-05-15'
2025-05-15 14:15:30.110 UTC [280] LOG:  statement: SELECT * FROM Transactions ORDER BY id DESC LIMIT 1
2025-05-15 14:15:44.445 UTC [289] LOG:  execute <unnamed>: SELECT * FROM Transactions WHERE CAST(id AS TEXT) ILIKE $1 ORDER BY id DESC
2025-05-15 14:15:44.445 UTC [289] DETAIL:  parameters: $1 = '%573%'
2025-05-15 14:15:44.452 UTC [289] LOG:  statement: SELECT balance FROM CurrentBalance WHERE id = 1
2025-05-15 14:15:44.454 UTC [289] LOG:  execute <unnamed>: SELECT * FROM Transactions WHERE date = $1 ORDER BY id DESC
2025-05-15 14:15:44.454 UTC [289] DETAIL:  parameters: $1 = '2025-05-15'
2025-05-15 14:15:44.456 UTC [289] LOG:  statement: 
	      SELECT type, COUNT(*) as count
	      FROM Transactions
	      GROUP BY type
	    
2025-05-15 14:15:44.462 UTC [290] LOG:  execute <unnamed>: 
	      SELECT date, SUM(CAST(amount AS DECIMAL)) as total_amount
	      FROM Transactions
	      WHERE date >= $1 AND date <= $2
	      GROUP BY date
	      ORDER BY date ASC
	    
2025-05-15 14:15:44.462 UTC [290] DETAIL:  parameters: $1 = '2025-05-09', $2 = '2025-05-15'
2025-05-15 14:15:44.463 UTC [289] LOG:  statement: SELECT * FROM Transactions ORDER BY id DESC LIMIT 1
2025-05-15 14:15:49.428 UTC [289] LOG:  execute <unnamed>: SELECT * FROM Transactions WHERE id = $1
2025-05-15 14:15:49.428 UTC [289] DETAIL:  parameters: $1 = '573'
2025-05-15 14:15:49.429 UTC [289] LOG:  execute <unnamed>: UPDATE CurrentBalance SET balance = balance + $1 WHERE id = 1
2025-05-15 14:15:49.429 UTC [289] DETAIL:  parameters: $1 = '2000'
2025-05-15 14:15:49.432 UTC [289] LOG:  execute <unnamed>: UPDATE Transactions 
	       SET date = $1, time = $2, type = $3, amount = $4, name = $5, ref = $6, fee = $7, remarks = $8, updated_at = CURRENT_TIMESTAMP
	       WHERE id = $9
2025-05-15 14:15:49.432 UTC [289] DETAIL:  parameters: $1 = '2025-05-15', $2 = '13:46', $3 = 'Cash In', $4 = '2210', $5 = 'RO N P.', $6 = '51219', $7 = '40', $8 = 'SENT', $9 = '573'
2025-05-15 14:15:49.433 UTC [289] LOG:  execute <unnamed>: UPDATE CurrentBalance SET balance = balance + $1 WHERE id = 1
2025-05-15 14:15:49.433 UTC [289] DETAIL:  parameters: $1 = '-2210'
2025-05-15 14:15:50.360 UTC [289] LOG:  execute <unnamed>: SELECT * FROM Transactions WHERE date = $1 ORDER BY id DESC
2025-05-15 14:15:50.360 UTC [289] DETAIL:  parameters: $1 = '2025-05-15'
2025-05-15 14:15:50.363 UTC [289] LOG:  statement: SELECT balance FROM CurrentBalance WHERE id = 1
2025-05-15 14:15:50.371 UTC [289] LOG:  statement: SELECT * FROM Transactions ORDER BY id DESC LIMIT 1
2025-05-15 14:15:52.451 UTC [28] LOG:  checkpoint starting: time
2025-05-15 14:15:52.903 UTC [28] LOG:  checkpoint complete: wrote 5 buffers (0.0%); 0 WAL file(s) added, 0 removed, 0 recycled; write=0.410 s, sync=0.005 s, total=0.453 s; sync files=5, longest=0.003 s, average=0.001 s; distance=10 kB, estimate=10 kB; lsn=0/1A8B900, redo lsn=0/1A8B8C8
2025-05-15 14:16:07.662 UTC [308] LOG:  execute <unnamed>: INSERT INTO Transactions (date, time, type, amount, name, ref, fee, remarks, created_at, updated_at)
	       VALUES ($1, $2, $3, $4, $5, $6, $7, $8, CURRENT_TIMESTAMP, CURRENT_TIMESTAMP)
	       RETURNING id
2025-05-15 14:16:07.662 UTC [308] DETAIL:  parameters: $1 = '2025-05-15', $2 = '14:35', $3 = 'Cash In', $4 = '200', $5 = 'RICHELLE B.', $6 = '46482', $7 = '10', $8 = 'SENT'
2025-05-15 14:16:07.664 UTC [308] LOG:  execute <unnamed>: UPDATE CurrentBalance SET balance = balance + $1 WHERE id = 1
2025-05-15 14:16:07.664 UTC [308] DETAIL:  parameters: $1 = '-200'
2025-05-15 14:16:07.840 UTC [308] LOG:  execute <unnamed>: SELECT * FROM Transactions WHERE date = $1 ORDER BY id DESC
2025-05-15 14:16:07.840 UTC [308] DETAIL:  parameters: $1 = '2025-05-15'
2025-05-15 14:16:07.842 UTC [308] LOG:  statement: SELECT balance FROM CurrentBalance WHERE id = 1
2025-05-15 14:16:07.855 UTC [308] LOG:  statement: SELECT * FROM Transactions ORDER BY id DESC LIMIT 1
2025-05-15 14:16:54.042 UTC [350] LOG:  execute <unnamed>: INSERT INTO Transactions (date, time, type, amount, name, ref, fee, remarks, created_at, updated_at)
	       VALUES ($1, $2, $3, $4, $5, $6, $7, $8, CURRENT_TIMESTAMP, CURRENT_TIMESTAMP)
	       RETURNING id
2025-05-15 14:16:54.042 UTC [350] DETAIL:  parameters: $1 = '2025-05-15', $2 = '16:01', $3 = 'Cash In', $4 = '800', $5 = 'JO N MI L N.', $6 = '88163', $7 = '20', $8 = 'SENT'
2025-05-15 14:16:54.045 UTC [350] LOG:  execute <unnamed>: UPDATE CurrentBalance SET balance = balance + $1 WHERE id = 1
2025-05-15 14:16:54.045 UTC [350] DETAIL:  parameters: $1 = '-800'
2025-05-15 14:16:54.236 UTC [350] LOG:  execute <unnamed>: SELECT * FROM Transactions WHERE date = $1 ORDER BY id DESC
2025-05-15 14:16:54.236 UTC [350] DETAIL:  parameters: $1 = '2025-05-15'
2025-05-15 14:16:54.239 UTC [350] LOG:  statement: SELECT balance FROM CurrentBalance WHERE id = 1
2025-05-15 14:16:54.245 UTC [350] LOG:  statement: SELECT * FROM Transactions ORDER BY id DESC LIMIT 1
2025-05-15 14:20:53.032 UTC [28] LOG:  checkpoint starting: time
2025-05-15 14:20:53.479 UTC [28] LOG:  checkpoint complete: wrote 5 buffers (0.0%); 0 WAL file(s) added, 0 removed, 0 recycled; write=0.406 s, sync=0.006 s, total=0.448 s; sync files=5, longest=0.003 s, average=0.002 s; distance=9 kB, estimate=10 kB; lsn=0/1A8DF98, redo lsn=0/1A8DF60
2025-05-15 15:02:45.339 UTC [2582] LOG:  execute <unnamed>: 
	      SELECT date, SUM(CAST(amount AS DECIMAL)) as total_amount
	      FROM Transactions
	      WHERE date >= $1 AND date <= $2
	      GROUP BY date
	      ORDER BY date ASC
	    
2025-05-15 15:02:45.339 UTC [2582] DETAIL:  parameters: $1 = '2025-05-01', $2 = '2025-05-15'
2025-05-15 15:09:01.890 UTC [2895] LOG:  execute <unnamed>: INSERT INTO Transactions (date, time, type, amount, name, ref, fee, remarks, created_at, updated_at)
	       VALUES ($1, $2, $3, $4, $5, $6, $7, $8, CURRENT_TIMESTAMP, CURRENT_TIMESTAMP)
	       RETURNING id
2025-05-15 15:09:01.890 UTC [2895] DETAIL:  parameters: $1 = '2025-05-15', $2 = '16:15', $3 = 'Cash Out', $4 = '100', $5 = 'EM A M.', $6 = '95635', $7 = '10', $8 = 'CUANA'
2025-05-15 15:09:01.896 UTC [2895] LOG:  execute <unnamed>: UPDATE CurrentBalance SET balance = balance + $1 WHERE id = 1
2025-05-15 15:09:01.896 UTC [2895] DETAIL:  parameters: $1 = '100'
2025-05-15 15:09:02.073 UTC [2895] LOG:  execute <unnamed>: SELECT * FROM Transactions WHERE date = $1 ORDER BY id DESC
2025-05-15 15:09:02.073 UTC [2895] DETAIL:  parameters: $1 = '2025-05-15'
2025-05-15 15:09:02.076 UTC [2895] LOG:  statement: SELECT balance FROM CurrentBalance WHERE id = 1
2025-05-15 15:09:02.081 UTC [2895] LOG:  statement: SELECT * FROM Transactions ORDER BY id DESC LIMIT 1
2025-05-15 15:09:24.868 UTC [2912] LOG:  execute <unnamed>: INSERT INTO Transactions (date, time, type, amount, name, ref, fee, remarks, created_at, updated_at)
	       VALUES ($1, $2, $3, $4, $5, $6, $7, $8, CURRENT_TIMESTAMP, CURRENT_TIMESTAMP)
	       RETURNING id
2025-05-15 15:09:24.868 UTC [2912] DETAIL:  parameters: $1 = '2025-05-15', $2 = '16:17', $3 = 'Cash In', $4 = '200', $5 = 'RICHELLE B.', $6 = '64537', $7 = '10', $8 = 'SENT'
2025-05-15 15:09:24.871 UTC [2912] LOG:  execute <unnamed>: UPDATE CurrentBalance SET balance = balance + $1 WHERE id = 1
2025-05-15 15:09:24.871 UTC [2912] DETAIL:  parameters: $1 = '-200'
2025-05-15 15:09:25.134 UTC [2912] LOG:  execute <unnamed>: SELECT * FROM Transactions WHERE date = $1 ORDER BY id DESC
2025-05-15 15:09:25.134 UTC [2912] DETAIL:  parameters: $1 = '2025-05-15'
2025-05-15 15:09:25.146 UTC [2912] LOG:  statement: SELECT balance FROM CurrentBalance WHERE id = 1
2025-05-15 15:09:25.147 UTC [2912] LOG:  statement: SELECT * FROM Transactions ORDER BY id DESC LIMIT 1
2025-05-15 15:09:39.955 UTC [2921] LOG:  execute <unnamed>: INSERT INTO Transactions (date, time, type, amount, name, ref, fee, remarks, created_at, updated_at)
	       VALUES ($1, $2, $3, $4, $5, $6, $7, $8, CURRENT_TIMESTAMP, CURRENT_TIMESTAMP)
	       RETURNING id
2025-05-15 15:09:39.955 UTC [2921] DETAIL:  parameters: $1 = '2025-05-15', $2 = '16:42', $3 = 'Load', $4 = '50', $5 = 'DATA50', $6 = '94325', $7 = '5', $8 = 'LOAD'
2025-05-15 15:09:39.957 UTC [2921] LOG:  execute <unnamed>: UPDATE CurrentBalance SET balance = balance + $1 WHERE id = 1
2025-05-15 15:09:39.957 UTC [2921] DETAIL:  parameters: $1 = '-50'
2025-05-15 15:09:40.158 UTC [2921] LOG:  execute <unnamed>: SELECT * FROM Transactions WHERE date = $1 ORDER BY id DESC
2025-05-15 15:09:40.158 UTC [2921] DETAIL:  parameters: $1 = '2025-05-15'
2025-05-15 15:09:40.160 UTC [2921] LOG:  statement: SELECT balance FROM CurrentBalance WHERE id = 1
2025-05-15 15:09:40.165 UTC [2921] LOG:  statement: SELECT * FROM Transactions ORDER BY id DESC LIMIT 1
2025-05-15 15:09:59.563 UTC [2939] LOG:  execute <unnamed>: INSERT INTO Transactions (date, time, type, amount, name, ref, fee, remarks, created_at, updated_at)
	       VALUES ($1, $2, $3, $4, $5, $6, $7, $8, CURRENT_TIMESTAMP, CURRENT_TIMESTAMP)
	       RETURNING id
2025-05-15 15:09:59.563 UTC [2939] DETAIL:  parameters: $1 = '2025-05-15', $2 = '17:05', $3 = 'Cash In', $4 = '200', $5 = 'RO R D.', $6 = '68209', $7 = '10', $8 = 'CUANA'
2025-05-15 15:09:59.566 UTC [2939] LOG:  execute <unnamed>: UPDATE CurrentBalance SET balance = balance + $1 WHERE id = 1
2025-05-15 15:09:59.566 UTC [2939] DETAIL:  parameters: $1 = '-200'
2025-05-15 15:09:59.752 UTC [2939] LOG:  execute <unnamed>: SELECT * FROM Transactions WHERE date = $1 ORDER BY id DESC
2025-05-15 15:09:59.752 UTC [2939] DETAIL:  parameters: $1 = '2025-05-15'
2025-05-15 15:09:59.754 UTC [2939] LOG:  statement: SELECT balance FROM CurrentBalance WHERE id = 1
2025-05-15 15:09:59.759 UTC [2939] LOG:  statement: SELECT * FROM Transactions ORDER BY id DESC LIMIT 1
2025-05-15 15:10:17.184 UTC [2956] LOG:  execute <unnamed>: INSERT INTO Transactions (date, time, type, amount, name, ref, fee, remarks, created_at, updated_at)
	       VALUES ($1, $2, $3, $4, $5, $6, $7, $8, CURRENT_TIMESTAMP, CURRENT_TIMESTAMP)
	       RETURNING id
2025-05-15 15:10:17.184 UTC [2956] DETAIL:  parameters: $1 = '2025-05-15', $2 = '17:06', $3 = 'Cash In', $4 = '115', $5 = 'JO N KH T N.', $6 = '103306', $7 = '10', $8 = 'SENT'
2025-05-15 15:10:17.186 UTC [2956] LOG:  execute <unnamed>: UPDATE CurrentBalance SET balance = balance + $1 WHERE id = 1
2025-05-15 15:10:17.186 UTC [2956] DETAIL:  parameters: $1 = '-115'
2025-05-15 15:10:17.390 UTC [2956] LOG:  execute <unnamed>: SELECT * FROM Transactions WHERE date = $1 ORDER BY id DESC
2025-05-15 15:10:17.390 UTC [2956] DETAIL:  parameters: $1 = '2025-05-15'
2025-05-15 15:10:17.392 UTC [2956] LOG:  statement: SELECT balance FROM CurrentBalance WHERE id = 1
2025-05-15 15:10:17.398 UTC [2956] LOG:  statement: SELECT * FROM Transactions ORDER BY id DESC LIMIT 1
2025-05-15 15:10:42.004 UTC [2981] LOG:  execute <unnamed>: INSERT INTO Transactions (date, time, type, amount, name, ref, fee, remarks, created_at, updated_at)
	       VALUES ($1, $2, $3, $4, $5, $6, $7, $8, CURRENT_TIMESTAMP, CURRENT_TIMESTAMP)
	       RETURNING id
2025-05-15 15:10:42.004 UTC [2981] DETAIL:  parameters: $1 = '2025-05-15', $2 = '17:27', $3 = 'Cash Out', $4 = '2700', $5 = 'SEABANK', $6 = '29747', $7 = '60', $8 = 'CLAIMED'
2025-05-15 15:10:42.007 UTC [2981] LOG:  execute <unnamed>: UPDATE CurrentBalance SET balance = balance + $1 WHERE id = 1
2025-05-15 15:10:42.007 UTC [2981] DETAIL:  parameters: $1 = '2700'
2025-05-15 15:10:42.163 UTC [2981] LOG:  execute <unnamed>: SELECT * FROM Transactions WHERE date = $1 ORDER BY id DESC
2025-05-15 15:10:42.163 UTC [2981] DETAIL:  parameters: $1 = '2025-05-15'
2025-05-15 15:10:42.169 UTC [2981] LOG:  statement: SELECT * FROM Transactions ORDER BY id DESC LIMIT 1
2025-05-15 15:10:42.176 UTC [2981] LOG:  statement: SELECT balance FROM CurrentBalance WHERE id = 1
2025-05-15 15:11:05.937 UTC [3000] LOG:  execute <unnamed>: INSERT INTO Transactions (date, time, type, amount, name, ref, fee, remarks, created_at, updated_at)
	       VALUES ($1, $2, $3, $4, $5, $6, $7, $8, CURRENT_TIMESTAMP, CURRENT_TIMESTAMP)
	       RETURNING id
2025-05-15 15:11:05.937 UTC [3000] DETAIL:  parameters: $1 = '2025-05-15', $2 = '18:23', $3 = 'Cash In', $4 = '1121', $5 = 'HOME CREDIT', $6 = '604541', $7 = '30', $8 = 'BILLS PAYMENT'
2025-05-15 15:11:05.940 UTC [3000] LOG:  execute <unnamed>: UPDATE CurrentBalance SET balance = balance + $1 WHERE id = 1
2025-05-15 15:11:05.940 UTC [3000] DETAIL:  parameters: $1 = '-1121'
2025-05-15 15:11:06.177 UTC [3000] LOG:  execute <unnamed>: SELECT * FROM Transactions WHERE date = $1 ORDER BY id DESC
2025-05-15 15:11:06.177 UTC [3000] DETAIL:  parameters: $1 = '2025-05-15'
2025-05-15 15:11:06.179 UTC [3000] LOG:  statement: SELECT balance FROM CurrentBalance WHERE id = 1
2025-05-15 15:11:06.183 UTC [3000] LOG:  statement: SELECT * FROM Transactions ORDER BY id DESC LIMIT 1
2025-05-15 15:11:22.394 UTC [3017] LOG:  execute <unnamed>: INSERT INTO Transactions (date, time, type, amount, name, ref, fee, remarks, created_at, updated_at)
	       VALUES ($1, $2, $3, $4, $5, $6, $7, $8, CURRENT_TIMESTAMP, CURRENT_TIMESTAMP)
	       RETURNING id
2025-05-15 15:11:22.394 UTC [3017] DETAIL:  parameters: $1 = '2025-05-15', $2 = '18:30', $3 = 'Cash In', $4 = '1250', $5 = 'VI Y D.', $6 = '50836', $7 = '30', $8 = 'SENT'
2025-05-15 15:11:22.397 UTC [3017] LOG:  execute <unnamed>: UPDATE CurrentBalance SET balance = balance + $1 WHERE id = 1
2025-05-15 15:11:22.397 UTC [3017] DETAIL:  parameters: $1 = '-1250'
2025-05-15 15:12:26.263 UTC [3017] LOG:  execute <unnamed>: SELECT * FROM Transactions WHERE date = $1 ORDER BY id DESC
2025-05-15 15:12:26.263 UTC [3017] DETAIL:  parameters: $1 = '2025-05-15'
2025-05-15 15:12:26.265 UTC [3017] LOG:  statement: SELECT balance FROM CurrentBalance WHERE id = 1
2025-05-15 15:12:26.270 UTC [3017] LOG:  statement: SELECT * FROM Transactions ORDER BY id DESC LIMIT 1
2025-05-15 15:11:44.913 UTC [3034] LOG:  execute <unnamed>: INSERT INTO Transactions (date, time, type, amount, name, ref, fee, remarks, created_at, updated_at)
	       VALUES ($1, $2, $3, $4, $5, $6, $7, $8, CURRENT_TIMESTAMP, CURRENT_TIMESTAMP)
	       RETURNING id
2025-05-15 15:11:44.913 UTC [3034] DETAIL:  parameters: $1 = '2025-05-15', $2 = '18:35', $3 = 'Load', $4 = '50', $5 = 'REG LOAD', $6 = '69474', $7 = '5', $8 = 'CUANA - LOAD'
2025-05-15 15:11:44.917 UTC [3034] LOG:  execute <unnamed>: UPDATE CurrentBalance SET balance = balance + $1 WHERE id = 1
2025-05-15 15:11:44.917 UTC [3034] DETAIL:  parameters: $1 = '-50'
2025-05-15 15:11:45.120 UTC [3034] LOG:  execute <unnamed>: SELECT * FROM Transactions WHERE date = $1 ORDER BY id DESC
2025-05-15 15:11:45.120 UTC [3034] DETAIL:  parameters: $1 = '2025-05-15'
2025-05-15 15:11:45.122 UTC [3034] LOG:  statement: SELECT balance FROM CurrentBalance WHERE id = 1
2025-05-15 15:11:45.127 UTC [3034] LOG:  statement: SELECT * FROM Transactions ORDER BY id DESC LIMIT 1
2025-05-15 15:11:58.408 UTC [28] LOG:  checkpoint starting: time
2025-05-15 15:11:58.846 UTC [28] LOG:  checkpoint complete: wrote 5 buffers (0.0%); 0 WAL file(s) added, 0 removed, 0 recycled; write=0.419 s, sync=0.004 s, total=0.439 s; sync files=5, longest=0.003 s, average=0.001 s; distance=12 kB, estimate=12 kB; lsn=0/1A91200, redo lsn=0/1A911C8
2025-05-15 15:13:36.953 UTC [3125] LOG:  execute <unnamed>: INSERT INTO Transactions (date, time, type, amount, name, ref, fee, remarks, created_at, updated_at)
	       VALUES ($1, $2, $3, $4, $5, $6, $7, $8, CURRENT_TIMESTAMP, CURRENT_TIMESTAMP)
	       RETURNING id
2025-05-15 15:13:36.953 UTC [3125] DETAIL:  parameters: $1 = '2025-05-15', $2 = '19:04', $3 = 'Load', $4 = '50', $5 = 'DATA50', $6 = '86953', $7 = '5', $8 = 'LOAD'
2025-05-15 15:13:36.956 UTC [3125] LOG:  execute <unnamed>: UPDATE CurrentBalance SET balance = balance + $1 WHERE id = 1
2025-05-15 15:13:36.956 UTC [3125] DETAIL:  parameters: $1 = '-50'
2025-05-15 15:13:37.165 UTC [3125] LOG:  execute <unnamed>: SELECT * FROM Transactions WHERE date = $1 ORDER BY id DESC
2025-05-15 15:13:37.165 UTC [3125] DETAIL:  parameters: $1 = '2025-05-15'
2025-05-15 15:13:37.168 UTC [3125] LOG:  statement: SELECT balance FROM CurrentBalance WHERE id = 1
2025-05-15 15:13:37.173 UTC [3125] LOG:  statement: SELECT * FROM Transactions ORDER BY id DESC LIMIT 1
2025-05-15 15:14:05.257 UTC [3151] LOG:  execute <unnamed>: INSERT INTO Transactions (date, time, type, amount, name, ref, fee, remarks, created_at, updated_at)
	       VALUES ($1, $2, $3, $4, $5, $6, $7, $8, CURRENT_TIMESTAMP, CURRENT_TIMESTAMP)
	       RETURNING id
2025-05-15 15:14:05.257 UTC [3151] DETAIL:  parameters: $1 = '2025-05-15', $2 = '19:25', $3 = 'Cash Out', $4 = '700', $5 = 'RENATO F.', $6 = '96943', $7 = '20', $8 = 'CLAIMED'
2025-05-15 15:14:05.259 UTC [3151] LOG:  execute <unnamed>: UPDATE CurrentBalance SET balance = balance + $1 WHERE id = 1
2025-05-15 15:14:05.259 UTC [3151] DETAIL:  parameters: $1 = '700'
2025-05-15 15:14:05.455 UTC [3151] LOG:  execute <unnamed>: SELECT * FROM Transactions WHERE date = $1 ORDER BY id DESC
2025-05-15 15:14:05.455 UTC [3151] DETAIL:  parameters: $1 = '2025-05-15'
2025-05-15 15:14:05.460 UTC [3151] LOG:  statement: SELECT balance FROM CurrentBalance WHERE id = 1
2025-05-15 15:14:05.465 UTC [3151] LOG:  statement: SELECT * FROM Transactions ORDER BY id DESC LIMIT 1
2025-05-15 15:14:19.368 UTC [3160] LOG:  execute <unnamed>: INSERT INTO Transactions (date, time, type, amount, name, ref, fee, remarks, created_at, updated_at)
	       VALUES ($1, $2, $3, $4, $5, $6, $7, $8, CURRENT_TIMESTAMP, CURRENT_TIMESTAMP)
	       RETURNING id
2025-05-15 15:14:19.368 UTC [3160] DETAIL:  parameters: $1 = '2025-05-15', $2 = '19:26', $3 = 'Cash Out', $4 = '75', $5 = 'VI O F.', $6 = '37561', $7 = '5', $8 = 'CLAIMED'
2025-05-15 15:14:19.370 UTC [3160] LOG:  execute <unnamed>: UPDATE CurrentBalance SET balance = balance + $1 WHERE id = 1
2025-05-15 15:14:19.370 UTC [3160] DETAIL:  parameters: $1 = '75'
2025-05-15 15:14:19.569 UTC [3160] LOG:  execute <unnamed>: SELECT * FROM Transactions WHERE date = $1 ORDER BY id DESC
2025-05-15 15:14:19.569 UTC [3160] DETAIL:  parameters: $1 = '2025-05-15'
2025-05-15 15:14:19.571 UTC [3160] LOG:  statement: SELECT balance FROM CurrentBalance WHERE id = 1
2025-05-15 15:14:19.578 UTC [3160] LOG:  statement: SELECT * FROM Transactions ORDER BY id DESC LIMIT 1
2025-05-15 15:14:41.985 UTC [3177] LOG:  execute <unnamed>: INSERT INTO Transactions (date, time, type, amount, name, ref, fee, remarks, created_at, updated_at)
	       VALUES ($1, $2, $3, $4, $5, $6, $7, $8, CURRENT_TIMESTAMP, CURRENT_TIMESTAMP)
	       RETURNING id
2025-05-15 15:14:41.985 UTC [3177] DETAIL:  parameters: $1 = '2025-05-15', $2 = '20:12', $3 = 'Cash In', $4 = '500', $5 = 'JO E A.', $6 = '76190', $7 = '10', $8 = 'CUANA'
2025-05-15 15:14:41.987 UTC [3177] LOG:  execute <unnamed>: UPDATE CurrentBalance SET balance = balance + $1 WHERE id = 1
2025-05-15 15:14:41.987 UTC [3177] DETAIL:  parameters: $1 = '-500'
2025-05-15 15:14:42.177 UTC [3177] LOG:  execute <unnamed>: SELECT * FROM Transactions WHERE date = $1 ORDER BY id DESC
2025-05-15 15:14:42.177 UTC [3177] DETAIL:  parameters: $1 = '2025-05-15'
2025-05-15 15:14:42.179 UTC [3177] LOG:  statement: SELECT balance FROM CurrentBalance WHERE id = 1
2025-05-15 15:14:42.185 UTC [3177] LOG:  statement: SELECT * FROM Transactions ORDER BY id DESC LIMIT 1
2025-05-15 15:14:58.777 UTC [3194] LOG:  execute <unnamed>: INSERT INTO Transactions (date, time, type, amount, name, ref, fee, remarks, created_at, updated_at)
	       VALUES ($1, $2, $3, $4, $5, $6, $7, $8, CURRENT_TIMESTAMP, CURRENT_TIMESTAMP)
	       RETURNING id
2025-05-15 15:14:58.777 UTC [3194] DETAIL:  parameters: $1 = '2025-05-15', $2 = '20:13', $3 = 'Cash In', $4 = '1000', $5 = 'ED A F.', $6 = '99428', $7 = '20', $8 = 'SENT'
2025-05-15 15:14:58.780 UTC [3194] LOG:  execute <unnamed>: UPDATE CurrentBalance SET balance = balance + $1 WHERE id = 1
2025-05-15 15:14:58.780 UTC [3194] DETAIL:  parameters: $1 = '-1000'
2025-05-15 15:14:58.953 UTC [3194] LOG:  execute <unnamed>: SELECT * FROM Transactions WHERE date = $1 ORDER BY id DESC
2025-05-15 15:14:58.953 UTC [3194] DETAIL:  parameters: $1 = '2025-05-15'
2025-05-15 15:14:58.955 UTC [3194] LOG:  statement: SELECT balance FROM CurrentBalance WHERE id = 1
2025-05-15 15:14:58.963 UTC [3194] LOG:  statement: SELECT * FROM Transactions ORDER BY id DESC LIMIT 1
2025-05-15 15:15:20.095 UTC [3212] LOG:  execute <unnamed>: INSERT INTO Transactions (date, time, type, amount, name, ref, fee, remarks, created_at, updated_at)
	       VALUES ($1, $2, $3, $4, $5, $6, $7, $8, CURRENT_TIMESTAMP, CURRENT_TIMESTAMP)
	       RETURNING id
2025-05-15 15:15:20.095 UTC [3212] DETAIL:  parameters: $1 = '2025-05-15', $2 = '20:36', $3 = 'Cash In', $4 = '985', $5 = 'AU A P.', $6 = '32009', $7 = '15', $8 = 'CUANA'
2025-05-15 15:15:20.097 UTC [3212] LOG:  execute <unnamed>: UPDATE CurrentBalance SET balance = balance + $1 WHERE id = 1
2025-05-15 15:15:20.097 UTC [3212] DETAIL:  parameters: $1 = '-985'
2025-05-15 15:15:20.305 UTC [3212] LOG:  execute <unnamed>: SELECT * FROM Transactions WHERE date = $1 ORDER BY id DESC
2025-05-15 15:15:20.305 UTC [3212] DETAIL:  parameters: $1 = '2025-05-15'
2025-05-15 15:15:20.306 UTC [3212] LOG:  statement: SELECT balance FROM CurrentBalance WHERE id = 1
2025-05-15 15:15:20.311 UTC [3212] LOG:  statement: SELECT * FROM Transactions ORDER BY id DESC LIMIT 1
2025-05-15 15:16:58.941 UTC [28] LOG:  checkpoint starting: time
2025-05-15 15:16:59.365 UTC [28] LOG:  checkpoint complete: wrote 5 buffers (0.0%); 0 WAL file(s) added, 0 removed, 0 recycled; write=0.408 s, sync=0.005 s, total=0.425 s; sync files=5, longest=0.004 s, average=0.001 s; distance=13 kB, estimate=13 kB; lsn=0/1A94610, redo lsn=0/1A945D8
2025-05-15 15:17:30.085 UTC [3319] LOG:  execute <unnamed>: INSERT INTO Transactions (date, time, type, amount, name, ref, fee, remarks, created_at, updated_at)
	       VALUES ($1, $2, $3, $4, $5, $6, $7, $8, CURRENT_TIMESTAMP, CURRENT_TIMESTAMP)
	       RETURNING id
2025-05-15 15:17:30.085 UTC [3319] DETAIL:  parameters: $1 = '2025-05-15', $2 = '20:46', $3 = 'Load', $4 = '31', $5 = 'AN30', $6 = '80502', $7 = '4', $8 = 'LOAD'
2025-05-15 15:17:30.092 UTC [3319] LOG:  execute <unnamed>: UPDATE CurrentBalance SET balance = balance + $1 WHERE id = 1
2025-05-15 15:17:30.092 UTC [3319] DETAIL:  parameters: $1 = '-31'
2025-05-15 15:17:30.276 UTC [3319] LOG:  execute <unnamed>: SELECT * FROM Transactions WHERE date = $1 ORDER BY id DESC
2025-05-15 15:17:30.276 UTC [3319] DETAIL:  parameters: $1 = '2025-05-15'
2025-05-15 15:17:30.282 UTC [3319] LOG:  statement: SELECT * FROM Transactions ORDER BY id DESC LIMIT 1
2025-05-15 15:17:30.282 UTC [3320] LOG:  statement: SELECT balance FROM CurrentBalance WHERE id = 1
2025-05-15 15:18:51.940 UTC [3338] LOG:  execute <unnamed>: INSERT INTO Transactions (date, time, type, amount, name, ref, fee, remarks, created_at, updated_at)
	       VALUES ($1, $2, $3, $4, $5, $6, $7, $8, CURRENT_TIMESTAMP, CURRENT_TIMESTAMP)
	       RETURNING id
2025-05-15 15:18:51.940 UTC [3338] DETAIL:  parameters: $1 = '2025-05-15', $2 = '21:05', $3 = 'Cash In', $4 = '1500', $5 = 'MA K JA N V.', $6 = '95191', $7 = '30', $8 = 'CUANA'
2025-05-15 15:18:51.943 UTC [3338] LOG:  execute <unnamed>: UPDATE CurrentBalance SET balance = balance + $1 WHERE id = 1
2025-05-15 15:18:51.943 UTC [3338] DETAIL:  parameters: $1 = '-1500'
2025-05-15 15:17:48.464 UTC [3338] LOG:  execute <unnamed>: SELECT * FROM Transactions WHERE date = $1 ORDER BY id DESC
2025-05-15 15:17:48.464 UTC [3338] DETAIL:  parameters: $1 = '2025-05-15'
2025-05-15 15:17:48.468 UTC [3338] LOG:  statement: SELECT balance FROM CurrentBalance WHERE id = 1
2025-05-15 15:17:48.476 UTC [3338] LOG:  statement: SELECT * FROM Transactions ORDER BY id DESC LIMIT 1
2025-05-15 15:17:53.813 UTC [3338] LOG:  execute <unnamed>: SELECT * FROM Transactions WHERE date = $1 ORDER BY id DESC
2025-05-15 15:17:53.813 UTC [3338] DETAIL:  parameters: $1 = '2025-05-15'
2025-05-15 15:17:53.819 UTC [3338] LOG:  statement: SELECT * FROM Transactions ORDER BY id DESC LIMIT 1
2025-05-15 15:17:55.200 UTC [3338] LOG:  execute <unnamed>: SELECT * FROM Transactions WHERE CAST(id AS TEXT) ILIKE $1 ORDER BY id DESC
2025-05-15 15:17:55.200 UTC [3338] DETAIL:  parameters: $1 = '%592%'
2025-05-15 15:17:55.262 UTC [3338] LOG:  statement: SELECT balance FROM CurrentBalance WHERE id = 1
2025-05-15 15:17:55.264 UTC [3338] LOG:  statement: 
	      SELECT type, COUNT(*) as count
	      FROM Transactions
	      GROUP BY type
	    
2025-05-15 15:17:55.272 UTC [3347] LOG:  execute <unnamed>: SELECT * FROM Transactions WHERE date = $1 ORDER BY id DESC
2025-05-15 15:17:55.272 UTC [3347] DETAIL:  parameters: $1 = '2025-05-15'
2025-05-15 15:17:55.273 UTC [3348] LOG:  execute <unnamed>: 
	      SELECT date, SUM(CAST(amount AS DECIMAL)) as total_amount
	      FROM Transactions
	      WHERE date >= $1 AND date <= $2
	      GROUP BY date
	      ORDER BY date ASC
	    
2025-05-15 15:17:55.273 UTC [3348] DETAIL:  parameters: $1 = '2025-05-01', $2 = '2025-05-15'
2025-05-15 15:17:55.278 UTC [3348] LOG:  statement: SELECT * FROM Transactions ORDER BY id DESC LIMIT 1
2025-05-15 15:17:57.335 UTC [3348] LOG:  execute <unnamed>: SELECT * FROM Transactions WHERE id = $1
2025-05-15 15:17:57.335 UTC [3348] DETAIL:  parameters: $1 = '592'
2025-05-15 15:17:57.336 UTC [3348] LOG:  execute <unnamed>: UPDATE CurrentBalance SET balance = balance + $1 WHERE id = 1
2025-05-15 15:17:57.336 UTC [3348] DETAIL:  parameters: $1 = '1500'
2025-05-15 15:17:57.338 UTC [3348] LOG:  execute <unnamed>: UPDATE Transactions 
	       SET date = $1, time = $2, type = $3, amount = $4, name = $5, ref = $6, fee = $7, remarks = $8, updated_at = CURRENT_TIMESTAMP
	       WHERE id = $9
2025-05-15 15:17:57.338 UTC [3348] DETAIL:  parameters: $1 = '2025-05-15', $2 = '21:05', $3 = 'Cash In', $4 = '1500', $5 = 'MA K JA N V.', $6 = '95191', $7 = '30', $8 = '20', $9 = '592'
2025-05-15 15:17:57.339 UTC [3348] LOG:  execute <unnamed>: UPDATE CurrentBalance SET balance = balance + $1 WHERE id = 1
2025-05-15 15:17:57.339 UTC [3348] DETAIL:  parameters: $1 = '-1500'
2025-05-15 15:17:57.546 UTC [3348] LOG:  execute <unnamed>: SELECT * FROM Transactions WHERE date = $1 ORDER BY id DESC
2025-05-15 15:17:57.546 UTC [3348] DETAIL:  parameters: $1 = '2025-05-15'
2025-05-15 15:17:57.546 UTC [3347] LOG:  statement: SELECT balance FROM CurrentBalance WHERE id = 1
2025-05-15 15:17:57.554 UTC [3347] LOG:  statement: SELECT * FROM Transactions ORDER BY id DESC LIMIT 1
2025-05-15 15:18:15.647 UTC [3366] LOG:  execute <unnamed>: INSERT INTO Transactions (date, time, type, amount, name, ref, fee, remarks, created_at, updated_at)
	       VALUES ($1, $2, $3, $4, $5, $6, $7, $8, CURRENT_TIMESTAMP, CURRENT_TIMESTAMP)
	       RETURNING id
2025-05-15 15:18:15.647 UTC [3366] DETAIL:  parameters: $1 = '2025-05-15', $2 = '21:07', $3 = 'Cash In', $4 = '400', $5 = 'RA L D.', $6 = '60375', $7 = '10', $8 = 'CUANA'
2025-05-15 15:18:15.650 UTC [3366] LOG:  execute <unnamed>: UPDATE CurrentBalance SET balance = balance + $1 WHERE id = 1
2025-05-15 15:18:15.650 UTC [3366] DETAIL:  parameters: $1 = '-400'
2025-05-15 15:18:15.927 UTC [3366] LOG:  execute <unnamed>: SELECT * FROM Transactions WHERE date = $1 ORDER BY id DESC
2025-05-15 15:18:15.927 UTC [3366] DETAIL:  parameters: $1 = '2025-05-15'
2025-05-15 15:18:15.928 UTC [3366] LOG:  statement: SELECT balance FROM CurrentBalance WHERE id = 1
2025-05-15 15:18:15.932 UTC [3366] LOG:  statement: SELECT * FROM Transactions ORDER BY id DESC LIMIT 1
2025-05-15 15:18:45.019 UTC [3391] LOG:  execute <unnamed>: INSERT INTO Transactions (date, time, type, amount, name, ref, fee, remarks, created_at, updated_at)
	       VALUES ($1, $2, $3, $4, $5, $6, $7, $8, CURRENT_TIMESTAMP, CURRENT_TIMESTAMP)
	       RETURNING id
2025-05-15 15:18:45.019 UTC [3391] DETAIL:  parameters: $1 = '2025-05-15', $2 = '21:19', $3 = 'Cash In', $4 = '2000', $5 = 'AL O O.', $6 = '81189', $7 = '30', $8 = 'CUANA'
2025-05-15 15:18:45.021 UTC [3391] LOG:  execute <unnamed>: UPDATE CurrentBalance SET balance = balance + $1 WHERE id = 1
2025-05-15 15:18:45.021 UTC [3391] DETAIL:  parameters: $1 = '-2000'
2025-05-15 15:18:45.285 UTC [3391] LOG:  execute <unnamed>: SELECT * FROM Transactions WHERE date = $1 ORDER BY id DESC
2025-05-15 15:18:45.285 UTC [3391] DETAIL:  parameters: $1 = '2025-05-15'
2025-05-15 15:18:45.288 UTC [3391] LOG:  statement: SELECT balance FROM CurrentBalance WHERE id = 1
2025-05-15 15:18:45.291 UTC [3391] LOG:  statement: SELECT * FROM Transactions ORDER BY id DESC LIMIT 1
2025-05-15 15:20:07.004 UTC [3401] LOG:  execute <unnamed>: SELECT * FROM Transactions WHERE date = $1 ORDER BY id DESC
2025-05-15 15:20:07.004 UTC [3401] DETAIL:  parameters: $1 = '2025-05-15'
2025-05-15 15:20:07.022 UTC [3401] LOG:  statement: SELECT * FROM Transactions ORDER BY id DESC LIMIT 1
2025-05-15 15:19:07.188 UTC [3401] LOG:  execute <unnamed>: SELECT * FROM Transactions WHERE CAST(id AS TEXT) ILIKE $1 ORDER BY id DESC
2025-05-15 15:19:07.188 UTC [3401] DETAIL:  parameters: $1 = '%568%'
2025-05-15 15:19:07.274 UTC [3401] LOG:  statement: SELECT balance FROM CurrentBalance WHERE id = 1
2025-05-15 15:19:07.276 UTC [3401] LOG:  execute <unnamed>: SELECT * FROM Transactions WHERE date = $1 ORDER BY id DESC
2025-05-15 15:19:07.276 UTC [3401] DETAIL:  parameters: $1 = '2025-05-15'
2025-05-15 15:19:07.278 UTC [3401] LOG:  statement: 
	      SELECT type, COUNT(*) as count
	      FROM Transactions
	      GROUP BY type
	    
2025-05-15 15:19:07.283 UTC [3401] LOG:  statement: SELECT * FROM Transactions ORDER BY id DESC LIMIT 1
2025-05-15 15:19:07.285 UTC [3410] LOG:  execute <unnamed>: 
	      SELECT date, SUM(CAST(amount AS DECIMAL)) as total_amount
	      FROM Transactions
	      WHERE date >= $1 AND date <= $2
	      GROUP BY date
	      ORDER BY date ASC
	    
2025-05-15 15:19:07.285 UTC [3410] DETAIL:  parameters: $1 = '2025-05-01', $2 = '2025-05-15'
2025-05-15 15:19:09.468 UTC [3410] LOG:  execute <unnamed>: SELECT * FROM Transactions WHERE id = $1
2025-05-15 15:19:09.468 UTC [3410] DETAIL:  parameters: $1 = '568'
2025-05-15 15:19:09.469 UTC [3410] LOG:  execute <unnamed>: UPDATE CurrentBalance SET balance = balance + $1 WHERE id = 1
2025-05-15 15:19:09.469 UTC [3410] DETAIL:  parameters: $1 = '-620'
2025-05-15 15:19:09.470 UTC [3410] LOG:  execute <unnamed>: UPDATE Transactions 
	       SET date = $1, time = $2, type = $3, amount = $4, name = $5, ref = $6, fee = $7, remarks = $8, updated_at = CURRENT_TIMESTAMP
	       WHERE id = $9
2025-05-15 15:19:09.470 UTC [3410] DETAIL:  parameters: $1 = '2025-05-15', $2 = '08:47', $3 = 'Cash Out', $4 = '620', $5 = 'RO N C.', $6 = '28925', $7 = '20', $8 = 'CUANA', $9 = '568'
2025-05-15 15:19:09.472 UTC [3410] LOG:  execute <unnamed>: UPDATE CurrentBalance SET balance = balance + $1 WHERE id = 1
2025-05-15 15:19:09.472 UTC [3410] DETAIL:  parameters: $1 = '620'
2025-05-15 15:19:11.570 UTC [3410] LOG:  execute <unnamed>: SELECT * FROM Transactions WHERE date = $1 ORDER BY id DESC
2025-05-15 15:19:11.570 UTC [3410] DETAIL:  parameters: $1 = '2025-05-15'
2025-05-15 15:19:11.571 UTC [3401] LOG:  statement: SELECT balance FROM CurrentBalance WHERE id = 1
2025-05-15 15:19:11.577 UTC [3401] LOG:  statement: SELECT * FROM Transactions ORDER BY id DESC LIMIT 1
2025-05-15 15:19:13.906 UTC [3401] LOG:  execute <unnamed>: SELECT * FROM Transactions WHERE date = $1 ORDER BY id DESC
2025-05-15 15:19:13.906 UTC [3401] DETAIL:  parameters: $1 = '2025-05-15'
2025-05-15 15:19:13.914 UTC [3401] LOG:  statement: SELECT * FROM Transactions ORDER BY id DESC LIMIT 1
2025-05-15 15:19:16.867 UTC [3401] LOG:  execute <unnamed>: SELECT * FROM Transactions WHERE CAST(id AS TEXT) ILIKE $1 ORDER BY id DESC
2025-05-15 15:19:16.867 UTC [3401] DETAIL:  parameters: $1 = '%568%'
2025-05-15 15:19:16.874 UTC [3401] LOG:  statement: SELECT balance FROM CurrentBalance WHERE id = 1
2025-05-15 15:19:16.877 UTC [3401] LOG:  execute <unnamed>: SELECT * FROM Transactions WHERE date = $1 ORDER BY id DESC
2025-05-15 15:19:16.877 UTC [3401] DETAIL:  parameters: $1 = '2025-05-15'
2025-05-15 15:19:16.879 UTC [3410] LOG:  statement: 
	      SELECT type, COUNT(*) as count
	      FROM Transactions
	      GROUP BY type
	    
2025-05-15 15:19:16.879 UTC [3401] LOG:  execute <unnamed>: 
	      SELECT date, SUM(CAST(amount AS DECIMAL)) as total_amount
	      FROM Transactions
	      WHERE date >= $1 AND date <= $2
	      GROUP BY date
	      ORDER BY date ASC
	    
2025-05-15 15:19:16.879 UTC [3401] DETAIL:  parameters: $1 = '2025-05-01', $2 = '2025-05-15'
2025-05-15 15:19:16.891 UTC [3401] LOG:  statement: SELECT * FROM Transactions ORDER BY id DESC LIMIT 1
2025-05-15 15:19:20.162 UTC [3401] LOG:  execute <unnamed>: SELECT * FROM Transactions WHERE id = $1
2025-05-15 15:19:20.162 UTC [3401] DETAIL:  parameters: $1 = '568'
2025-05-15 15:19:20.162 UTC [3401] LOG:  execute <unnamed>: UPDATE CurrentBalance SET balance = balance + $1 WHERE id = 1
2025-05-15 15:19:20.162 UTC [3401] DETAIL:  parameters: $1 = '-620'
2025-05-15 15:19:20.165 UTC [3401] LOG:  execute <unnamed>: UPDATE Transactions 
	       SET date = $1, time = $2, type = $3, amount = $4, name = $5, ref = $6, fee = $7, remarks = $8, updated_at = CURRENT_TIMESTAMP
	       WHERE id = $9
2025-05-15 15:19:20.165 UTC [3401] DETAIL:  parameters: $1 = '2025-05-15', $2 = '08:47', $3 = 'Cash Out', $4 = '620', $5 = 'RO N C.', $6 = '28925', $7 = '15', $8 = 'CUANA', $9 = '568'
2025-05-15 15:19:20.166 UTC [3401] LOG:  execute <unnamed>: UPDATE CurrentBalance SET balance = balance + $1 WHERE id = 1
2025-05-15 15:19:20.166 UTC [3401] DETAIL:  parameters: $1 = '620'
2025-05-15 15:19:21.284 UTC [3401] LOG:  execute <unnamed>: SELECT * FROM Transactions WHERE date = $1 ORDER BY id DESC
2025-05-15 15:19:21.284 UTC [3401] DETAIL:  parameters: $1 = '2025-05-15'
2025-05-15 15:19:21.284 UTC [3410] LOG:  statement: SELECT balance FROM CurrentBalance WHERE id = 1
2025-05-15 15:19:21.294 UTC [3410] LOG:  statement: SELECT * FROM Transactions ORDER BY id DESC LIMIT 1
2025-05-15 15:20:52.150 UTC [3443] LOG:  execute <unnamed>: INSERT INTO Transactions (date, time, type, amount, name, ref, fee, remarks, created_at, updated_at)
	       VALUES ($1, $2, $3, $4, $5, $6, $7, $8, CURRENT_TIMESTAMP, CURRENT_TIMESTAMP)
	       RETURNING id
2025-05-15 15:20:52.150 UTC [3443] DETAIL:  parameters: $1 = '2025-05-15', $2 = '11:49', $3 = 'Load', $4 = '101', $5 = 'GO+99', $6 = '77024', $7 = '4', $8 = 'CUANA - LOAD'
2025-05-15 15:20:52.156 UTC [3443] LOG:  execute <unnamed>: UPDATE CurrentBalance SET balance = balance + $1 WHERE id = 1
2025-05-15 15:20:52.156 UTC [3443] DETAIL:  parameters: $1 = '-101'
2025-05-15 15:19:48.757 UTC [3443] LOG:  execute <unnamed>: SELECT * FROM Transactions WHERE date = $1 ORDER BY id DESC
2025-05-15 15:19:48.757 UTC [3443] DETAIL:  parameters: $1 = '2025-05-15'
2025-05-15 15:19:48.767 UTC [3443] LOG:  statement: SELECT * FROM Transactions ORDER BY id DESC LIMIT 1
2025-05-15 15:19:48.773 UTC [3444] LOG:  statement: SELECT balance FROM CurrentBalance WHERE id = 1
2025-05-15 15:20:28.932 UTC [3478] LOG:  execute <unnamed>: INSERT INTO Transactions (date, time, type, amount, name, ref, fee, remarks, created_at, updated_at)
	       VALUES ($1, $2, $3, $4, $5, $6, $7, $8, CURRENT_TIMESTAMP, CURRENT_TIMESTAMP)
	       RETURNING id
2025-05-15 15:20:28.932 UTC [3478] DETAIL:  parameters: $1 = '2025-05-15', $2 = '14:05', $3 = 'Cash In', $4 = '200', $5 = 'ME Y A P.', $6 = '73590', $7 = '10', $8 = 'CUANA'
2025-05-15 15:20:28.936 UTC [3478] LOG:  execute <unnamed>: UPDATE CurrentBalance SET balance = balance + $1 WHERE id = 1
2025-05-15 15:20:28.936 UTC [3478] DETAIL:  parameters: $1 = '-200'
2025-05-15 15:20:29.189 UTC [3478] LOG:  execute <unnamed>: SELECT * FROM Transactions WHERE date = $1 ORDER BY id DESC
2025-05-15 15:20:29.189 UTC [3478] DETAIL:  parameters: $1 = '2025-05-15'
2025-05-15 15:20:29.191 UTC [3478] LOG:  statement: SELECT balance FROM CurrentBalance WHERE id = 1
2025-05-15 15:20:29.195 UTC [3478] LOG:  statement: SELECT * FROM Transactions ORDER BY id DESC LIMIT 1
2025-05-15 15:22:22.273 UTC [3520] LOG:  execute <unnamed>: INSERT INTO Transactions (date, time, type, amount, name, ref, fee, remarks, created_at, updated_at)
	       VALUES ($1, $2, $3, $4, $5, $6, $7, $8, CURRENT_TIMESTAMP, CURRENT_TIMESTAMP)
	       RETURNING id
2025-05-15 15:22:22.273 UTC [3520] DETAIL:  parameters: $1 = '2025-05-15', $2 = '16:51', $3 = 'Cash In', $4 = '20', $5 = 'CARISSE V.', $6 = 'B980E', $7 = '5', $8 = 'MAYA - SENT'
2025-05-15 15:22:22.276 UTC [3520] LOG:  execute <unnamed>: UPDATE CurrentBalance SET balance = balance + $1 WHERE id = 1
2025-05-15 15:22:22.276 UTC [3520] DETAIL:  parameters: $1 = '-20'
2025-05-15 15:21:18.962 UTC [3520] LOG:  execute <unnamed>: SELECT * FROM Transactions WHERE date = $1 ORDER BY id DESC
2025-05-15 15:21:18.962 UTC [3520] DETAIL:  parameters: $1 = '2025-05-15'
2025-05-15 15:21:18.964 UTC [3520] LOG:  statement: SELECT balance FROM CurrentBalance WHERE id = 1
2025-05-15 15:21:18.972 UTC [3520] LOG:  statement: SELECT * FROM Transactions ORDER BY id DESC LIMIT 1
2025-05-15 15:21:34.974 UTC [3529] LOG:  execute <unnamed>: INSERT INTO Transactions (date, time, type, amount, name, ref, fee, remarks, created_at, updated_at)
	       VALUES ($1, $2, $3, $4, $5, $6, $7, $8, CURRENT_TIMESTAMP, CURRENT_TIMESTAMP)
	       RETURNING id
2025-05-15 15:21:34.974 UTC [3529] DETAIL:  parameters: $1 = '2025-05-15', $2 = '20:46', $3 = 'Cash Out', $4 = '5000', $5 = 'MARK FRANCIS', $6 = 'F2B39', $7 = '100', $8 = 'MAYA - CLAIMED'
2025-05-15 15:21:34.976 UTC [3529] LOG:  execute <unnamed>: UPDATE CurrentBalance SET balance = balance + $1 WHERE id = 1
2025-05-15 15:21:34.976 UTC [3529] DETAIL:  parameters: $1 = '5000'
2025-05-15 15:21:35.136 UTC [3529] LOG:  execute <unnamed>: SELECT * FROM Transactions WHERE date = $1 ORDER BY id DESC
2025-05-15 15:21:35.136 UTC [3529] DETAIL:  parameters: $1 = '2025-05-15'
2025-05-15 15:21:35.140 UTC [3529] LOG:  statement: SELECT balance FROM CurrentBalance WHERE id = 1
2025-05-15 15:21:35.143 UTC [3529] LOG:  statement: SELECT * FROM Transactions ORDER BY id DESC LIMIT 1
2025-05-15 15:21:58.483 UTC [28] LOG:  checkpoint starting: time
2025-05-15 15:21:58.901 UTC [28] LOG:  checkpoint complete: wrote 5 buffers (0.0%); 0 WAL file(s) added, 0 removed, 0 recycled; write=0.397 s, sync=0.006 s, total=0.419 s; sync files=5, longest=0.003 s, average=0.002 s; distance=15 kB, estimate=15 kB; lsn=0/1A985B8, redo lsn=0/1A98580
2025-05-15 15:27:51.020 UTC [3841] LOG:  statement: SELECT pg_catalog.set_config('search_path', '', false);
2025-05-15 15:27:51.021 UTC [3841] LOG:  statement: SELECT pg_catalog.pg_is_in_recovery()
2025-05-15 15:27:51.022 UTC [3841] LOG:  statement: SELECT pg_catalog.set_config('search_path', '', false);
2025-05-15 15:27:51.022 UTC [3841] LOG:  statement: SET DATESTYLE = ISO
2025-05-15 15:27:51.022 UTC [3841] LOG:  statement: SET INTERVALSTYLE = POSTGRES
2025-05-15 15:27:51.022 UTC [3841] LOG:  statement: SET extra_float_digits TO 3
2025-05-15 15:27:51.022 UTC [3841] LOG:  statement: SET synchronize_seqscans TO off
2025-05-15 15:27:51.022 UTC [3841] LOG:  statement: SET statement_timeout = 0
2025-05-15 15:27:51.023 UTC [3841] LOG:  statement: SET lock_timeout = 0
2025-05-15 15:27:51.023 UTC [3841] LOG:  statement: SET idle_in_transaction_session_timeout = 0
2025-05-15 15:27:51.023 UTC [3841] LOG:  statement: SET row_security = off
2025-05-15 15:27:51.023 UTC [3841] LOG:  statement: SELECT set_config(name, 'view, foreign-table', false) FROM pg_settings WHERE name = 'restrict_nonsystem_relation_kind'
2025-05-15 15:27:51.027 UTC [3841] LOG:  statement: BEGIN
2025-05-15 15:27:51.027 UTC [3841] LOG:  statement: SET TRANSACTION ISOLATION LEVEL REPEATABLE READ, READ ONLY
2025-05-15 15:27:51.027 UTC [3841] LOG:  statement: SELECT oid, rolname FROM pg_catalog.pg_roles ORDER BY 1
2025-05-15 15:27:51.029 UTC [3841] LOG:  statement: SELECT x.tableoid, x.oid, x.extname, n.nspname, x.extrelocatable, x.extversion, x.extconfig, x.extcondition FROM pg_extension x JOIN pg_namespace n ON n.oid = x.extnamespace
2025-05-15 15:27:51.031 UTC [3841] LOG:  statement: SELECT classid, objid, refobjid FROM pg_depend WHERE refclassid = 'pg_extension'::regclass AND deptype = 'e' ORDER BY 3
2025-05-15 15:27:51.035 UTC [3841] LOG:  statement: SELECT n.tableoid, n.oid, n.nspname, n.nspowner, n.nspacl, acldefault('n', n.nspowner) AS acldefault FROM pg_namespace n
2025-05-15 15:27:51.036 UTC [3841] LOG:  statement: SELECT c.tableoid, c.oid, c.relname, c.relnamespace, c.relkind, c.reltype, c.relowner, c.relchecks, c.relhasindex, c.relhasrules, c.relpages, c.relhastriggers, c.relpersistence, c.reloftype, c.relacl, acldefault(CASE WHEN c.relkind = 'S' THEN 's'::"char" ELSE 'r'::"char" END, c.relowner) AS acldefault, CASE WHEN c.relkind = 'f' THEN (SELECT ftserver FROM pg_catalog.pg_foreign_table WHERE ftrelid = c.oid) ELSE 0 END AS foreignserver, c.relfrozenxid, tc.relfrozenxid AS tfrozenxid, tc.oid AS toid, tc.relpages AS toastpages, tc.reloptions AS toast_reloptions, d.refobjid AS owning_tab, d.refobjsubid AS owning_col, tsp.spcname AS reltablespace, false AS relhasoids, c.relispopulated, c.relreplident, c.relrowsecurity, c.relforcerowsecurity, c.relminmxid, tc.relminmxid AS tminmxid, array_remove(array_remove(c.reloptions,'check_option=local'),'check_option=cascaded') AS reloptions, CASE WHEN 'check_option=local' = ANY (c.reloptions) THEN 'LOCAL'::text WHEN 'check_option=cascaded' = ANY (c.reloptions) THEN 'CASCADED'::text ELSE NULL END AS checkoption, am.amname, (d.deptype = 'i') IS TRUE AS is_identity_sequence, c.relispartition AS ispartition 
	FROM pg_class c
	LEFT JOIN pg_depend d ON (c.relkind = 'S' AND d.classid = 'pg_class'::regclass AND d.objid = c.oid AND d.objsubid = 0 AND d.refclassid = 'pg_class'::regclass AND d.deptype IN ('a', 'i'))
	LEFT JOIN pg_tablespace tsp ON (tsp.oid = c.reltablespace)
	LEFT JOIN pg_am am ON (c.relam = am.oid)
	LEFT JOIN pg_class tc ON (c.reltoastrelid = tc.oid AND tc.relkind = 't' AND c.relkind <> 'p')
	WHERE c.relkind IN ('r', 'S', 'v', 'c', 'm', 'f', 'p')
	ORDER BY c.oid
2025-05-15 15:27:51.050 UTC [3841] LOG:  statement: LOCK TABLE public.transactions, public.currentbalance IN ACCESS SHARE MODE
2025-05-15 15:27:51.050 UTC [3841] LOG:  statement: SELECT p.tableoid, p.oid, p.proname, p.prolang, p.pronargs, p.proargtypes, p.prorettype, p.proacl, acldefault('f', p.proowner) AS acldefault, p.pronamespace, p.proowner FROM pg_proc p LEFT JOIN pg_init_privs pip ON (p.oid = pip.objoid AND pip.classoid = 'pg_proc'::regclass AND pip.objsubid = 0) WHERE p.prokind <> 'a'
	  AND NOT EXISTS (SELECT 1 FROM pg_depend WHERE classid = 'pg_proc'::regclass AND objid = p.oid AND deptype = 'i')
	  AND (
	  pronamespace != (SELECT oid FROM pg_namespace WHERE nspname = 'pg_catalog')
	  OR EXISTS (SELECT 1 FROM pg_cast
	  WHERE pg_cast.oid > 16383 
	  AND p.oid = pg_cast.castfunc)
	  OR EXISTS (SELECT 1 FROM pg_transform
	  WHERE pg_transform.oid > 16383 AND 
	  (p.oid = pg_transform.trffromsql
	  OR p.oid = pg_transform.trftosql))
	  OR p.proacl IS DISTINCT FROM pip.initprivs)
2025-05-15 15:27:51.063 UTC [3841] LOG:  statement: SELECT tableoid, oid, typname, typnamespace, typacl, acldefault('T', typowner) AS acldefault, typowner, typelem, typrelid, CASE WHEN typrelid = 0 THEN ' '::"char" ELSE (SELECT relkind FROM pg_class WHERE oid = typrelid) END AS typrelkind, typtype, typisdefined, typname[0] = '_' AND typelem != 0 AND (SELECT typarray FROM pg_type te WHERE oid = pg_type.typelem) = oid AS isarray FROM pg_type
2025-05-15 15:27:51.066 UTC [3841] LOG:  statement: SELECT tableoid, oid, lanname, lanpltrusted, lanplcallfoid, laninline, lanvalidator, lanacl, acldefault('l', lanowner) AS acldefault, lanowner FROM pg_language WHERE lanispl ORDER BY oid
2025-05-15 15:27:51.067 UTC [3841] LOG:  statement: SELECT p.tableoid, p.oid, p.proname AS aggname, p.pronamespace AS aggnamespace, p.pronargs, p.proargtypes, p.proowner, p.proacl AS aggacl, acldefault('f', p.proowner) AS acldefault FROM pg_proc p LEFT JOIN pg_init_privs pip ON (p.oid = pip.objoid AND pip.classoid = 'pg_proc'::regclass AND pip.objsubid = 0) WHERE p.prokind = 'a' AND (p.pronamespace != (SELECT oid FROM pg_namespace WHERE nspname = 'pg_catalog') OR p.proacl IS DISTINCT FROM pip.initprivs)
2025-05-15 15:27:51.068 UTC [3841] LOG:  statement: SELECT tableoid, oid, oprname, oprnamespace, oprowner, oprkind, oprcode::oid AS oprcode FROM pg_operator
2025-05-15 15:27:51.069 UTC [3841] LOG:  statement: SELECT tableoid, oid, amname, amtype, amhandler::pg_catalog.regproc AS amhandler FROM pg_am
2025-05-15 15:27:51.070 UTC [3841] LOG:  statement: SELECT tableoid, oid, opcname, opcnamespace, opcowner FROM pg_opclass
2025-05-15 15:27:51.070 UTC [3841] LOG:  statement: SELECT tableoid, oid, opfname, opfnamespace, opfowner FROM pg_opfamily
2025-05-15 15:27:51.072 UTC [3841] LOG:  statement: SELECT tableoid, oid, prsname, prsnamespace, prsstart::oid, prstoken::oid, prsend::oid, prsheadline::oid, prslextype::oid FROM pg_ts_parser
2025-05-15 15:27:51.073 UTC [3841] LOG:  statement: SELECT tableoid, oid, tmplname, tmplnamespace, tmplinit::oid, tmpllexize::oid FROM pg_ts_template
2025-05-15 15:27:51.074 UTC [3841] LOG:  statement: SELECT tableoid, oid, dictname, dictnamespace, dictowner, dicttemplate, dictinitoption FROM pg_ts_dict
2025-05-15 15:27:51.075 UTC [3841] LOG:  statement: SELECT tableoid, oid, cfgname, cfgnamespace, cfgowner, cfgparser FROM pg_ts_config
2025-05-15 15:27:51.077 UTC [3841] LOG:  statement: SELECT tableoid, oid, fdwname, fdwowner, fdwhandler::pg_catalog.regproc, fdwvalidator::pg_catalog.regproc, fdwacl, acldefault('F', fdwowner) AS acldefault, array_to_string(ARRAY(SELECT quote_ident(option_name) || ' ' || quote_literal(option_value) FROM pg_options_to_table(fdwoptions) ORDER BY option_name), E',
	    ') AS fdwoptions FROM pg_foreign_data_wrapper
2025-05-15 15:27:51.078 UTC [3841] LOG:  statement: SELECT tableoid, oid, srvname, srvowner, srvfdw, srvtype, srvversion, srvacl, acldefault('S', srvowner) AS acldefault, array_to_string(ARRAY(SELECT quote_ident(option_name) || ' ' || quote_literal(option_value) FROM pg_options_to_table(srvoptions) ORDER BY option_name), E',
	    ') AS srvoptions FROM pg_foreign_server
2025-05-15 15:27:51.079 UTC [3841] LOG:  statement: SELECT oid, tableoid, defaclrole, defaclnamespace, defaclobjtype, defaclacl, CASE WHEN defaclnamespace = 0 THEN acldefault(CASE WHEN defaclobjtype = 'S' THEN 's'::"char" ELSE defaclobjtype END, defaclrole) ELSE '{}' END AS acldefault FROM pg_default_acl
2025-05-15 15:27:51.079 UTC [3841] LOG:  statement: SELECT tableoid, oid, collname, collnamespace, collowner FROM pg_collation
2025-05-15 15:27:51.081 UTC [3841] LOG:  statement: SELECT tableoid, oid, conname, connamespace, conowner FROM pg_conversion
2025-05-15 15:27:51.083 UTC [3841] LOG:  statement: SELECT tableoid, oid, castsource, casttarget, castfunc, castcontext, castmethod FROM pg_cast c WHERE NOT EXISTS ( SELECT 1 FROM pg_range r WHERE c.castsource = r.rngtypid AND c.casttarget = r.rngmultitypid ) ORDER BY 3,4
2025-05-15 15:27:51.084 UTC [3841] LOG:  statement: SELECT tableoid, oid, trftype, trflang, trffromsql::oid, trftosql::oid FROM pg_transform ORDER BY 3,4
2025-05-15 15:27:51.084 UTC [3841] LOG:  statement: SELECT inhrelid, inhparent FROM pg_inherits
2025-05-15 15:27:51.085 UTC [3841] LOG:  statement: SELECT e.tableoid, e.oid, evtname, evtenabled, evtevent, evtowner, array_to_string(array(select quote_literal(x)  from unnest(evttags) as t(x)), ', ') as evttags, e.evtfoid::regproc as evtfname FROM pg_event_trigger e ORDER BY e.oid
2025-05-15 15:27:51.086 UTC [3841] LOG:  statement: SELECT conrelid, confrelid FROM pg_constraint JOIN pg_depend ON (objid = confrelid) WHERE contype = 'f' AND refclassid = 'pg_extension'::regclass AND classid = 'pg_class'::regclass;
2025-05-15 15:27:51.088 UTC [3841] LOG:  statement: SELECT
	a.attrelid,
	a.attnum,
	a.attname,
	a.attstattarget,
	a.attstorage,
	t.typstorage,
	a.attnotnull,
	a.atthasdef,
	a.attisdropped,
	a.attlen,
	a.attalign,
	a.attislocal,
	pg_catalog.format_type(t.oid, a.atttypmod) AS atttypname,
	array_to_string(a.attoptions, ', ') AS attoptions,
	CASE WHEN a.attcollation <> t.typcollation THEN a.attcollation ELSE 0 END AS attcollation,
	pg_catalog.array_to_string(ARRAY(SELECT pg_catalog.quote_ident(option_name) || ' ' || pg_catalog.quote_literal(option_value) FROM pg_catalog.pg_options_to_table(attfdwoptions) ORDER BY option_name), E',
	    ') AS attfdwoptions,
	a.attcompression AS attcompression,
	a.attidentity,
	CASE WHEN a.atthasmissing AND NOT a.attisdropped THEN a.attmissingval ELSE null END AS attmissingval,
	a.attgenerated
	FROM unnest('{16394,16405}'::pg_catalog.oid[]) AS src(tbloid)
	JOIN pg_catalog.pg_attribute a ON (src.tbloid = a.attrelid) LEFT JOIN pg_catalog.pg_type t ON (a.atttypid = t.oid)
	WHERE a.attnum > 0::pg_catalog.int2
	ORDER BY a.attrelid, a.attnum
2025-05-15 15:27:51.089 UTC [3841] LOG:  statement: SELECT a.tableoid, a.oid, adrelid, adnum, pg_catalog.pg_get_expr(adbin, adrelid) AS adsrc
	FROM unnest('{16394,16405}'::pg_catalog.oid[]) AS src(tbloid)
	JOIN pg_catalog.pg_attrdef a ON (src.tbloid = a.adrelid)
	ORDER BY a.adrelid, a.adnum
2025-05-15 15:27:51.090 UTC [3841] LOG:  statement: SELECT partrelid FROM pg_partitioned_table WHERE
	(SELECT c.oid FROM pg_opclass c JOIN pg_am a ON c.opcmethod = a.oid
	WHERE opcname = 'enum_ops' AND opcnamespace = 'pg_catalog'::regnamespace AND amname = 'hash') = ANY(partclass)
2025-05-15 15:27:51.091 UTC [3841] LOG:  statement: SELECT t.tableoid, t.oid, i.indrelid, t.relname AS indexname, pg_catalog.pg_get_indexdef(i.indexrelid) AS indexdef, i.indkey, i.indisclustered, c.contype, c.conname, c.condeferrable, c.condeferred, c.tableoid AS contableoid, c.oid AS conoid, pg_catalog.pg_get_constraintdef(c.oid, false) AS condef, (SELECT spcname FROM pg_catalog.pg_tablespace s WHERE s.oid = t.reltablespace) AS tablespace, t.reloptions AS indreloptions, i.indisreplident, inh.inhparent AS parentidx, i.indnkeyatts AS indnkeyatts, i.indnatts AS indnatts, (SELECT pg_catalog.array_agg(attnum ORDER BY attnum)   FROM pg_catalog.pg_attribute   WHERE attrelid = i.indexrelid AND     attstattarget >= 0) AS indstatcols, (SELECT pg_catalog.array_agg(attstattarget ORDER BY attnum)   FROM pg_catalog.pg_attribute   WHERE attrelid = i.indexrelid AND     attstattarget >= 0) AS indstatvals, i.indnullsnotdistinct FROM unnest('{16394,16405}'::pg_catalog.oid[]) AS src(tbloid)
	JOIN pg_catalog.pg_index i ON (src.tbloid = i.indrelid) JOIN pg_catalog.pg_class t ON (t.oid = i.indexrelid) JOIN pg_catalog.pg_class t2 ON (t2.oid = i.indrelid) LEFT JOIN pg_catalog.pg_constraint c ON (i.indrelid = c.conrelid AND i.indexrelid = c.conindid AND c.contype IN ('p','u','x')) LEFT JOIN pg_catalog.pg_inherits inh ON (inh.inhrelid = indexrelid) WHERE (i.indisvalid OR t2.relkind = 'p') AND i.indisready ORDER BY i.indrelid, indexname
2025-05-15 15:27:51.094 UTC [3841] LOG:  statement: SELECT tableoid, oid, stxname, stxnamespace, stxowner, stxrelid, stxstattarget FROM pg_catalog.pg_statistic_ext
2025-05-15 15:27:51.094 UTC [3841] LOG:  statement: SELECT c.tableoid, c.oid, conrelid, conname, confrelid, conindid, pg_catalog.pg_get_constraintdef(c.oid) AS condef
	FROM unnest('{}'::pg_catalog.oid[]) AS src(tbloid)
	JOIN pg_catalog.pg_constraint c ON (src.tbloid = c.conrelid)
	WHERE contype = 'f' AND conparentid = 0 ORDER BY conrelid, conname
2025-05-15 15:27:51.095 UTC [3841] LOG:  statement: SELECT t.tgrelid, t.tgname, t.tgfoid::pg_catalog.regproc AS tgfname, pg_catalog.pg_get_triggerdef(t.oid, false) AS tgdef, t.tgenabled, t.tableoid, t.oid, t.tgparentid <> 0 AS tgispartition
	FROM unnest('{}'::pg_catalog.oid[]) AS src(tbloid)
	JOIN pg_catalog.pg_trigger t ON (src.tbloid = t.tgrelid) LEFT JOIN pg_catalog.pg_trigger u ON (u.oid = t.tgparentid) WHERE ((NOT t.tgisinternal AND t.tgparentid = 0) OR t.tgenabled != u.tgenabled) ORDER BY t.tgrelid, t.tgname
2025-05-15 15:27:51.096 UTC [3841] LOG:  statement: SELECT tableoid, oid, rulename, ev_class AS ruletable, ev_type, is_instead, ev_enabled FROM pg_rewrite ORDER BY oid
2025-05-15 15:27:51.097 UTC [3841] LOG:  statement: SELECT pol.oid, pol.tableoid, pol.polrelid, pol.polname, pol.polcmd, pol.polpermissive, CASE WHEN pol.polroles = '{0}' THEN NULL ELSE    pg_catalog.array_to_string(ARRAY(SELECT pg_catalog.quote_ident(rolname) from pg_catalog.pg_roles WHERE oid = ANY(pol.polroles)), ', ') END AS polroles, pg_catalog.pg_get_expr(pol.polqual, pol.polrelid) AS polqual, pg_catalog.pg_get_expr(pol.polwithcheck, pol.polrelid) AS polwithcheck FROM unnest('{16394,16405}'::pg_catalog.oid[]) AS src(tbloid)
	JOIN pg_catalog.pg_policy pol ON (src.tbloid = pol.polrelid)
2025-05-15 15:27:51.098 UTC [3841] LOG:  statement: SELECT p.tableoid, p.oid, p.pubname, p.pubowner, p.puballtables, p.pubinsert, p.pubupdate, p.pubdelete, p.pubtruncate, p.pubviaroot FROM pg_publication p
2025-05-15 15:27:51.098 UTC [3841] LOG:  statement: SELECT tableoid, oid, prpubid, prrelid, pg_catalog.pg_get_expr(prqual, prrelid) AS prrelqual, (CASE
	  WHEN pr.prattrs IS NOT NULL THEN
	    (SELECT array_agg(attname)
	       FROM
	         pg_catalog.generate_series(0, pg_catalog.array_upper(pr.prattrs::pg_catalog.int2[], 1)) s,
	         pg_catalog.pg_attribute
	      WHERE attrelid = pr.prrelid AND attnum = prattrs[s])
	  ELSE NULL END) prattrs FROM pg_catalog.pg_publication_rel pr
2025-05-15 15:27:51.099 UTC [3841] LOG:  statement: SELECT tableoid, oid, pnpubid, pnnspid FROM pg_catalog.pg_publication_namespace
2025-05-15 15:27:51.100 UTC [3841] LOG:  statement: SELECT s.tableoid, s.oid, s.subname,
	 s.subowner,
	 s.subconninfo, s.subslotname, s.subsynccommit,
	 s.subpublications,
	 s.subbinary,
	 s.substream,
	 s.subtwophasestate,
	 s.subdisableonerr,
	 s.subpasswordrequired,
	 s.subrunasowner,
	 s.suborigin
	FROM pg_subscription s
	WHERE s.subdbid = (SELECT oid FROM pg_database
	                   WHERE datname = current_database())
2025-05-15 15:27:51.101 UTC [3841] LOG:  statement: WITH RECURSIVE w AS ( SELECT d1.objid, d2.refobjid, c2.relkind AS refrelkind FROM pg_depend d1 JOIN pg_class c1 ON c1.oid = d1.objid AND c1.relkind = 'm' JOIN pg_rewrite r1 ON r1.ev_class = d1.objid JOIN pg_depend d2 ON d2.classid = 'pg_rewrite'::regclass AND d2.objid = r1.oid AND d2.refobjid <> d1.objid JOIN pg_class c2 ON c2.oid = d2.refobjid AND c2.relkind IN ('m','v') WHERE d1.classid = 'pg_class'::regclass UNION SELECT w.objid, d3.refobjid, c3.relkind FROM w JOIN pg_rewrite r3 ON r3.ev_class = w.refobjid JOIN pg_depend d3 ON d3.classid = 'pg_rewrite'::regclass AND d3.objid = r3.oid AND d3.refobjid <> w.refobjid JOIN pg_class c3 ON c3.oid = d3.refobjid AND c3.relkind IN ('m','v') ) SELECT 'pg_class'::regclass::oid AS classid, objid, refobjid FROM w WHERE refrelkind = 'm'
2025-05-15 15:27:51.102 UTC [3841] LOG:  statement: SELECT oid, lomowner, lomacl, acldefault('L', lomowner) AS acldefault FROM pg_largeobject_metadata
2025-05-15 15:27:51.102 UTC [3841] LOG:  statement: SELECT classid, objid, refclassid, refobjid, deptype FROM pg_depend WHERE deptype != 'p' AND deptype != 'e'
	UNION ALL
	SELECT 'pg_opfamily'::regclass AS classid, amopfamily AS objid, refclassid, refobjid, deptype FROM pg_depend d, pg_amop o WHERE deptype NOT IN ('p', 'e', 'i') AND classid = 'pg_amop'::regclass AND objid = o.oid AND NOT (refclassid = 'pg_opfamily'::regclass AND amopfamily = refobjid)
	UNION ALL
	SELECT 'pg_opfamily'::regclass AS classid, amprocfamily AS objid, refclassid, refobjid, deptype FROM pg_depend d, pg_amproc p WHERE deptype NOT IN ('p', 'e', 'i') AND classid = 'pg_amproc'::regclass AND objid = p.oid AND NOT (refclassid = 'pg_opfamily'::regclass AND amprocfamily = refobjid)
	ORDER BY 1,2
2025-05-15 15:27:51.106 UTC [3841] LOG:  statement: SELECT DISTINCT attrelid FROM pg_attribute WHERE attacl IS NOT NULL
2025-05-15 15:27:51.109 UTC [3841] LOG:  statement: SELECT objoid, classoid, objsubid, privtype, initprivs FROM pg_init_privs
2025-05-15 15:27:51.109 UTC [3841] LOG:  statement: SELECT description, classoid, objoid, objsubid FROM pg_catalog.pg_description ORDER BY classoid, objoid, objsubid
2025-05-15 15:27:51.116 UTC [3841] LOG:  statement: SELECT label, provider, classoid, objoid, objsubid FROM pg_catalog.pg_seclabel ORDER BY classoid, objoid, objsubid
2025-05-15 15:27:51.118 UTC [3841] LOG:  statement: SELECT pg_catalog.current_schemas(false)
2025-05-15 15:27:51.118 UTC [3841] LOG:  statement: PREPARE dumpEnumType(pg_catalog.oid) AS
	SELECT oid, enumlabel FROM pg_catalog.pg_enum WHERE enumtypid = $1 ORDER BY enumsortorder
2025-05-15 15:27:51.118 UTC [3841] LOG:  statement: EXECUTE dumpEnumType('16386')
2025-05-15 15:27:51.118 UTC [3841] DETAIL:  prepare: PREPARE dumpEnumType(pg_catalog.oid) AS
	SELECT oid, enumlabel FROM pg_catalog.pg_enum WHERE enumtypid = $1 ORDER BY enumsortorder
2025-05-15 15:27:51.119 UTC [3841] LOG:  statement: PREPARE getColumnACLs(pg_catalog.oid) AS
	SELECT at.attname, at.attacl, '{}' AS acldefault, pip.privtype, pip.initprivs FROM pg_catalog.pg_attribute at LEFT JOIN pg_catalog.pg_init_privs pip ON (at.attrelid = pip.objoid AND pip.classoid = 'pg_catalog.pg_class'::pg_catalog.regclass AND at.attnum = pip.objsubid) WHERE at.attrelid = $1 AND NOT at.attisdropped AND (at.attacl IS NOT NULL OR pip.initprivs IS NOT NULL) ORDER BY at.attnum
2025-05-15 15:27:51.119 UTC [3841] LOG:  statement: EXECUTE getColumnACLs('6100')
2025-05-15 15:27:51.119 UTC [3841] DETAIL:  prepare: PREPARE getColumnACLs(pg_catalog.oid) AS
	SELECT at.attname, at.attacl, '{}' AS acldefault, pip.privtype, pip.initprivs FROM pg_catalog.pg_attribute at LEFT JOIN pg_catalog.pg_init_privs pip ON (at.attrelid = pip.objoid AND pip.classoid = 'pg_catalog.pg_class'::pg_catalog.regclass AND at.attnum = pip.objsubid) WHERE at.attrelid = $1 AND NOT at.attisdropped AND (at.attacl IS NOT NULL OR pip.initprivs IS NOT NULL) ORDER BY at.attnum
2025-05-15 15:27:51.119 UTC [3841] LOG:  statement: SELECT format_type(seqtypid, NULL), seqstart, seqincrement, seqmax, seqmin, seqcache, seqcycle FROM pg_catalog.pg_sequence WHERE seqrelid = '16404'::oid
2025-05-15 15:27:51.120 UTC [3841] LOG:  statement: SELECT format_type(seqtypid, NULL), seqstart, seqincrement, seqmax, seqmin, seqcache, seqcycle FROM pg_catalog.pg_sequence WHERE seqrelid = '16393'::oid
2025-05-15 15:27:51.120 UTC [3841] LOG:  statement: SELECT last_value, is_called FROM public.currentbalance_id_seq
2025-05-15 15:27:51.120 UTC [3841] LOG:  statement: SELECT last_value, is_called FROM public.transactions_id_seq
2025-05-15 15:27:51.121 UTC [3841] LOG:  statement: COPY public.currentbalance (id, balance) TO stdout;
2025-05-15 15:27:51.132 UTC [3841] LOG:  statement: COPY public.transactions (id, date, "time", type, amount, name, ref, fee, remarks, created_at, updated_at) TO stdout;
2025-05-15 15:27:54.784 UTC [3842] LOG:  execute <unnamed>: SELECT * FROM Transactions WHERE date = $1 ORDER BY id DESC
2025-05-15 15:27:54.784 UTC [3842] DETAIL:  parameters: $1 = '2025-05-15'
2025-05-15 15:27:54.790 UTC [3842] LOG:  statement: SELECT * FROM Transactions ORDER BY id DESC LIMIT 1
2025-05-15 15:27:55.719 UTC [3842] LOG:  execute <unnamed>: SELECT * FROM Transactions WHERE date = $1 ORDER BY id ASC
2025-05-15 15:27:55.719 UTC [3842] DETAIL:  parameters: $1 = '2025-05-15'
2025-05-15 15:35:16.410 UTC [4204] LOG:  statement: 
	      SELECT 
	        TO_CHAR(TO_DATE(date, 'YYYY-MM-DD'), 'YYYY-MM') AS month,
	        COUNT(*) AS total_transactions,
	        SUM(CAST(amount AS DECIMAL)) AS total_amount,
	        SUM(CAST(fee AS DECIMAL)) AS total_fee
	      FROM Transactions
	      GROUP BY TO_CHAR(TO_DATE(date, 'YYYY-MM-DD'), 'YYYY-MM')
	      ORDER BY month DESC
	    
2025-05-15 15:35:16.410 UTC [4206] LOG:  statement: 
	      SELECT COUNT(DISTINCT name) AS total_users
	      FROM Transactions
	    
2025-05-15 15:35:16.413 UTC [4205] LOG:  execute <unnamed>: 
	      SELECT 
	        name,
	        SUM(CASE WHEN type = 'Cash In' THEN 1 ELSE 0 END) AS cash_in_count,
	        SUM(CASE WHEN type = 'Cash Out' THEN 1 ELSE 0 END) AS cash_out_count,
	        SUM(CASE WHEN type = 'Load' THEN 1 ELSE 0 END) AS load_count,
	        MAX(date) AS last_transaction
	      FROM Transactions
	    
	      GROUP BY name
	      ORDER BY name ASC
	      LIMIT $1 OFFSET $2
	    
2025-05-15 15:35:16.413 UTC [4205] DETAIL:  parameters: $1 = '10', $2 = '0'
2025-05-15 15:35:16.478 UTC [4206] LOG:  execute <unnamed>: 
	      SELECT SUM(CAST(fee AS DECIMAL)) AS total_fee
	      FROM Transactions
	      WHERE TO_CHAR(TO_DATE(date, 'YYYY-MM-DD'), 'YYYY-MM') = $1
	    
2025-05-15 15:35:16.478 UTC [4206] DETAIL:  parameters: $1 = '2025-04'
2025-05-15 15:35:16.484 UTC [4206] LOG:  execute <unnamed>: 
	      SELECT SUM(CAST(fee AS DECIMAL)) AS total_fee
	      FROM Transactions
	      WHERE TO_CHAR(TO_DATE(date, 'YYYY-MM-DD'), 'YYYY-MM') = $1
	    
2025-05-15 15:35:16.484 UTC [4206] DETAIL:  parameters: $1 = '2025-03'
2025-05-15 15:35:40.984 UTC [4223] LOG:  statement: SELECT balance FROM CurrentBalance WHERE id = 1
2025-05-15 15:35:40.984 UTC [4224] LOG:  statement: SELECT * FROM Transactions ORDER BY id DESC LIMIT 1
2025-05-15 15:35:40.984 UTC [4225] LOG:  execute <unnamed>: SELECT * FROM Transactions WHERE date = $1 ORDER BY id DESC
2025-05-15 15:35:40.984 UTC [4225] DETAIL:  parameters: $1 = '2025-05-15'
2025-05-15 15:35:40.998 UTC [4225] LOG:  statement: SELECT * FROM Transactions ORDER BY id DESC LIMIT 1
2025-05-15 15:35:41.002 UTC [4226] LOG:  statement: 
	      SELECT type, COUNT(*) as count
	      FROM Transactions
	      GROUP BY type
	    
2025-05-15 15:35:41.038 UTC [4226] LOG:  execute <unnamed>: 
	      SELECT date, SUM(CAST(amount AS DECIMAL)) as total_amount
	      FROM Transactions
	      WHERE date >= $1 AND date <= $2
	      GROUP BY date
	      ORDER BY date ASC
	    
2025-05-15 15:35:41.038 UTC [4226] DETAIL:  parameters: $1 = '2025-05-09', $2 = '2025-05-15'
2025-05-15 15:49:32.854 UTC [4908] LOG:  execute <unnamed>: SELECT * FROM Transactions WHERE date = $1 ORDER BY id DESC
2025-05-15 15:49:32.854 UTC [4908] DETAIL:  parameters: $1 = '2025-05-15'
2025-05-15 15:49:32.864 UTC [4908] LOG:  statement: SELECT * FROM Transactions ORDER BY id DESC LIMIT 1
2025-05-15 15:49:33.525 UTC [4908] LOG:  execute <unnamed>: 
	      SELECT 
	        name,
	        SUM(CASE WHEN type = 'Cash In' THEN 1 ELSE 0 END) AS cash_in_count,
	        SUM(CASE WHEN type = 'Cash Out' THEN 1 ELSE 0 END) AS cash_out_count,
	        SUM(CASE WHEN type = 'Load' THEN 1 ELSE 0 END) AS load_count,
	        MAX(date) AS last_transaction
	      FROM Transactions
	    
	      GROUP BY name
	      ORDER BY name ASC
	      LIMIT $1 OFFSET $2
	    
2025-05-15 15:49:33.525 UTC [4908] DETAIL:  parameters: $1 = '10', $2 = '0'
2025-05-15 15:49:33.529 UTC [4909] LOG:  statement: 
	      SELECT COUNT(DISTINCT name) AS total_users
	      FROM Transactions
	    
2025-05-15 15:49:33.531 UTC [4910] LOG:  execute <unnamed>: 
	      SELECT SUM(CAST(fee AS DECIMAL)) AS total_fee
	      FROM Transactions
	      WHERE TO_CHAR(TO_DATE(date, 'YYYY-MM-DD'), 'YYYY-MM') = $1
	    
2025-05-15 15:49:33.531 UTC [4910] DETAIL:  parameters: $1 = '2025-04'
2025-05-15 15:49:33.532 UTC [4910] LOG:  execute <unnamed>: 
	      SELECT SUM(CAST(fee AS DECIMAL)) AS total_fee
	      FROM Transactions
	      WHERE TO_CHAR(TO_DATE(date, 'YYYY-MM-DD'), 'YYYY-MM') = $1
	    
2025-05-15 15:49:33.532 UTC [4910] DETAIL:  parameters: $1 = '2025-03'
2025-05-15 15:49:33.550 UTC [4911] LOG:  statement: 
	      SELECT 
	        TO_CHAR(TO_DATE(date, 'YYYY-MM-DD'), 'YYYY-MM') AS month,
	        COUNT(*) AS total_transactions,
	        SUM(CAST(amount AS DECIMAL)) AS total_amount,
	        SUM(CAST(fee AS DECIMAL)) AS total_fee
	      FROM Transactions
	      GROUP BY TO_CHAR(TO_DATE(date, 'YYYY-MM-DD'), 'YYYY-MM')
	      ORDER BY month DESC
	    
2025-05-15 16:16:21.213 UTC [6221] LOG:  execute <unnamed>: 
	      SELECT date, SUM(CAST(amount AS DECIMAL)) as total_amount
	      FROM Transactions
	      WHERE date >= $1 AND date <= $2
	      GROUP BY date
	      ORDER BY date ASC
	    
2025-05-15 16:16:21.213 UTC [6221] DETAIL:  parameters: $1 = '2025-05-09', $2 = '2025-05-16'
2025-05-15 16:16:21.218 UTC [6222] LOG:  statement: SELECT * FROM Transactions ORDER BY id DESC LIMIT 1
2025-05-15 16:16:21.222 UTC [6222] LOG:  statement: SELECT balance FROM CurrentBalance WHERE id = 1
2025-05-15 16:16:21.238 UTC [6223] LOG:  execute <unnamed>: SELECT * FROM Transactions WHERE date = $1 ORDER BY id DESC
2025-05-15 16:16:21.238 UTC [6223] DETAIL:  parameters: $1 = '2025-05-16'
2025-05-15 16:16:21.242 UTC [6223] LOG:  statement: SELECT * FROM Transactions ORDER BY id DESC LIMIT 1
2025-05-15 16:16:21.251 UTC [6224] LOG:  statement: 
	      SELECT type, COUNT(*) as count
	      FROM Transactions
	      GROUP BY type
	    
2025-05-15 16:16:37.191 UTC [6234] LOG:  statement: 
	      SELECT COUNT(DISTINCT name) AS total_users
	      FROM Transactions
	    
2025-05-15 16:16:37.193 UTC [6235] LOG:  execute <unnamed>: 
	      SELECT SUM(CAST(fee AS DECIMAL)) AS total_fee
	      FROM Transactions
	      WHERE TO_CHAR(TO_DATE(date, 'YYYY-MM-DD'), 'YYYY-MM') = $1
	    
2025-05-15 16:16:37.193 UTC [6235] DETAIL:  parameters: $1 = '2025-04'
2025-05-15 16:16:37.193 UTC [6233] LOG:  execute <unnamed>: 
	      SELECT 
	        name,
	        SUM(CASE WHEN type = 'Cash In' THEN 1 ELSE 0 END) AS cash_in_count,
	        SUM(CASE WHEN type = 'Cash Out' THEN 1 ELSE 0 END) AS cash_out_count,
	        SUM(CASE WHEN type = 'Load' THEN 1 ELSE 0 END) AS load_count,
	        MAX(date) AS last_transaction
	      FROM Transactions
	    
	      GROUP BY name
	      ORDER BY name ASC
	      LIMIT $1 OFFSET $2
	    
2025-05-15 16:16:37.193 UTC [6233] DETAIL:  parameters: $1 = '10', $2 = '0'
2025-05-15 16:16:37.193 UTC [6236] LOG:  statement: 
	      SELECT 
	        TO_CHAR(TO_DATE(date, 'YYYY-MM-DD'), 'YYYY-MM') AS month,
	        COUNT(*) AS total_transactions,
	        SUM(CAST(amount AS DECIMAL)) AS total_amount,
	        SUM(CAST(fee AS DECIMAL)) AS total_fee
	      FROM Transactions
	      GROUP BY TO_CHAR(TO_DATE(date, 'YYYY-MM-DD'), 'YYYY-MM')
	      ORDER BY month DESC
	    
2025-05-15 16:16:37.195 UTC [6235] LOG:  execute <unnamed>: 
	      SELECT SUM(CAST(fee AS DECIMAL)) AS total_fee
	      FROM Transactions
	      WHERE TO_CHAR(TO_DATE(date, 'YYYY-MM-DD'), 'YYYY-MM') = $1
	    
2025-05-15 16:16:37.195 UTC [6235] DETAIL:  parameters: $1 = '2025-03'
2025-05-15 16:17:36.791 UTC [1] LOG:  received fast shutdown request
2025-05-15 16:17:36.813 UTC [1] LOG:  aborting any active transactions
2025-05-15 16:17:36.928 UTC [1] LOG:  background worker "logical replication launcher" (PID 33) exited with exit code 1
2025-05-15 16:17:37.005 UTC [28] LOG:  shutting down
2025-05-15 16:17:37.011 UTC [28] LOG:  checkpoint starting: shutdown immediate
2025-05-15 16:17:37.033 UTC [28] LOG:  checkpoint complete: wrote 0 buffers (0.0%); 0 WAL file(s) added, 0 removed, 0 recycled; write=0.009 s, sync=0.001 s, total=0.028 s; sync files=0, longest=0.000 s, average=0.000 s; distance=0 kB, estimate=14 kB; lsn=0/1A98668, redo lsn=0/1A98668
2025-05-15 16:17:37.063 UTC [1] LOG:  database system is shut down
