2025-05-02 12:43:17.049 UTC [1] LOG:  starting PostgreSQL 16.8 (Debian 16.8-1.pgdg120+1) on x86_64-pc-linux-gnu, compiled by gcc (Debian 12.2.0-14) 12.2.0, 64-bit
2025-05-02 12:43:17.050 UTC [1] LOG:  listening on IPv4 address "0.0.0.0", port 5432
2025-05-02 12:43:17.050 UTC [1] LOG:  listening on IPv6 address "::", port 5432
2025-05-02 12:43:17.056 UTC [1] LOG:  listening on Unix socket "/var/run/postgresql/.s.PGSQL.5432"
2025-05-02 12:43:17.069 UTC [30] LOG:  database system was interrupted; last known up at 2025-05-01 16:00:41 UTC
2025-05-02 12:43:17.270 UTC [30] LOG:  database system was not properly shut down; automatic recovery in progress
2025-05-02 12:43:17.275 UTC [30] LOG:  redo starts at 0/19A2988
2025-05-02 12:43:17.275 UTC [30] LOG:  invalid record length at 0/19A2A70: expected at least 24, got 0
2025-05-02 12:43:17.275 UTC [30] LOG:  redo done at 0/19A2A38 system usage: CPU: user: 0.00 s, system: 0.00 s, elapsed: 0.00 s
2025-05-02 12:43:17.281 UTC [28] LOG:  checkpoint starting: end-of-recovery immediate wait
2025-05-02 12:43:17.301 UTC [28] LOG:  checkpoint complete: wrote 3 buffers (0.0%); 0 WAL file(s) added, 0 removed, 0 recycled; write=0.007 s, sync=0.002 s, total=0.023 s; sync files=2, longest=0.002 s, average=0.001 s; distance=0 kB, estimate=0 kB; lsn=0/19A2A70, redo lsn=0/19A2A70
2025-05-02 12:43:17.316 UTC [1] LOG:  database system is ready to accept connections
2025-05-02 12:43:22.828 UTC [42] LOG:  statement: 
	      DO $$ 
	      BEGIN
	        IF EXISTS (SELECT 1 FROM pg_type WHERE typname = 'transaction_type') THEN
	          DROP TYPE transaction_type CASCADE;
	        END IF;
	        CREATE TYPE transaction_type AS ENUM ('Cash In', 'Cash Out', 'Load');
	      END $$;
	    
2025-05-02 12:43:22.863 UTC [42] LOG:  statement: 
	      CREATE TABLE IF NOT EXISTS Transactions (
	        id SERIAL PRIMARY KEY,
	        date TEXT NOT NULL,
	        time TEXT NOT NULL,
	        type transaction_type NOT NULL,
	        amount TEXT NOT NULL,
	        name TEXT NOT NULL,
	        ref TEXT NOT NULL,
	        fee TEXT NOT NULL,
	        remarks TEXT NOT NULL,
	        created_at TIMESTAMP DEFAULT CURRENT_TIMESTAMP,
	        updated_at TIMESTAMP DEFAULT CURRENT_TIMESTAMP
	      );
	    
2025-05-02 12:43:22.864 UTC [42] LOG:  statement: 
	      DO $$ 
	      BEGIN
	        IF NOT EXISTS (SELECT 1 FROM information_schema.columns 
	                       WHERE table_name = 'transactions' AND column_name = 'created_at') THEN
	          ALTER TABLE Transactions ADD COLUMN created_at TIMESTAMP DEFAULT CURRENT_TIMESTAMP;
	        END IF;
	        IF NOT EXISTS (SELECT 1 FROM information_schema.columns 
	                       WHERE table_name = 'transactions' AND column_name = 'updated_at') THEN
	          ALTER TABLE Transactions ADD COLUMN updated_at TIMESTAMP DEFAULT CURRENT_TIMESTAMP;
	        END IF;
	      END $$;
	    
2025-05-02 12:43:22.884 UTC [42] LOG:  statement: 
	      CREATE TABLE IF NOT EXISTS CurrentBalance (
	        id SERIAL PRIMARY KEY,
	        balance DECIMAL NOT NULL DEFAULT 0.00
	      );
	    
2025-05-02 12:43:22.885 UTC [42] LOG:  statement: SELECT * FROM CurrentBalance
2025-05-02 12:44:03.466 UTC [78] LOG:  statement: SELECT * FROM Transactions ORDER BY id DESC LIMIT 1
2025-05-02 12:44:03.467 UTC [77] LOG:  statement: SELECT balance FROM CurrentBalance WHERE id = 1
2025-05-02 12:44:03.468 UTC [76] LOG:  execute <unnamed>: SELECT * FROM Transactions WHERE date = $1 ORDER BY id DESC
2025-05-02 12:44:03.468 UTC [76] DETAIL:  parameters: $1 = '2025-05-02'
2025-05-02 12:44:03.468 UTC [80] LOG:  statement: 
	      SELECT type, COUNT(*) as count
	      FROM Transactions
	      GROUP BY type
	    
2025-05-02 12:44:03.468 UTC [80] ERROR:  column "type" does not exist at character 15
2025-05-02 12:44:03.468 UTC [80] HINT:  Perhaps you meant to reference the column "transactions.time".
2025-05-02 12:44:03.468 UTC [80] STATEMENT:  
	      SELECT type, COUNT(*) as count
	      FROM Transactions
	      GROUP BY type
	    
2025-05-02 12:44:03.471 UTC [79] LOG:  execute <unnamed>: 
	      SELECT date, SUM(CAST(amount AS DECIMAL)) as total_amount
	      FROM Transactions
	      WHERE date >= $1
	      GROUP BY date
	      ORDER BY date ASC
	    
2025-05-02 12:44:03.471 UTC [79] DETAIL:  parameters: $1 = '2025-04-26'
2025-05-02 12:44:03.497 UTC [79] LOG:  statement: SELECT * FROM Transactions ORDER BY id DESC LIMIT 1
2025-05-02 12:44:29.081 UTC [99] LOG:  execute <unnamed>: UPDATE CurrentBalance SET balance = $1 WHERE id = 1
2025-05-02 12:44:29.081 UTC [99] DETAIL:  parameters: $1 = '4225.76'
2025-05-02 12:44:29.542 UTC [99] LOG:  statement: SELECT balance FROM CurrentBalance WHERE id = 1
2025-05-02 12:44:51.788 UTC [116] ERROR:  column "type" of relation "transactions" does not exist at character 39
2025-05-02 12:44:51.788 UTC [116] STATEMENT:  INSERT INTO Transactions (date, time, type, amount, name, ref, fee, remarks, created_at, updated_at)
	       VALUES ($1, $2, $3, $4, $5, $6, $7, $8, CURRENT_TIMESTAMP, CURRENT_TIMESTAMP)
	       RETURNING id
2025-05-02 12:44:52.101 UTC [117] ERROR:  column "type" of relation "transactions" does not exist at character 39
2025-05-02 12:44:52.101 UTC [117] STATEMENT:  INSERT INTO Transactions (date, time, type, amount, name, ref, fee, remarks, created_at, updated_at)
	       VALUES ($1, $2, $3, $4, $5, $6, $7, $8, CURRENT_TIMESTAMP, CURRENT_TIMESTAMP)
	       RETURNING id
2025-05-02 12:44:52.756 UTC [126] ERROR:  column "type" of relation "transactions" does not exist at character 39
2025-05-02 12:44:52.756 UTC [126] STATEMENT:  INSERT INTO Transactions (date, time, type, amount, name, ref, fee, remarks, created_at, updated_at)
	       VALUES ($1, $2, $3, $4, $5, $6, $7, $8, CURRENT_TIMESTAMP, CURRENT_TIMESTAMP)
	       RETURNING id
2025-05-02 12:44:53.157 UTC [127] ERROR:  column "type" of relation "transactions" does not exist at character 39
2025-05-02 12:44:53.157 UTC [127] STATEMENT:  INSERT INTO Transactions (date, time, type, amount, name, ref, fee, remarks, created_at, updated_at)
	       VALUES ($1, $2, $3, $4, $5, $6, $7, $8, CURRENT_TIMESTAMP, CURRENT_TIMESTAMP)
	       RETURNING id
2025-05-02 12:44:53.493 UTC [128] ERROR:  column "type" of relation "transactions" does not exist at character 39
2025-05-02 12:44:53.493 UTC [128] STATEMENT:  INSERT INTO Transactions (date, time, type, amount, name, ref, fee, remarks, created_at, updated_at)
	       VALUES ($1, $2, $3, $4, $5, $6, $7, $8, CURRENT_TIMESTAMP, CURRENT_TIMESTAMP)
	       RETURNING id
2025-05-02 12:44:54.149 UTC [129] ERROR:  column "type" of relation "transactions" does not exist at character 39
2025-05-02 12:44:54.149 UTC [129] STATEMENT:  INSERT INTO Transactions (date, time, type, amount, name, ref, fee, remarks, created_at, updated_at)
	       VALUES ($1, $2, $3, $4, $5, $6, $7, $8, CURRENT_TIMESTAMP, CURRENT_TIMESTAMP)
	       RETURNING id
2025-05-02 12:44:54.548 UTC [130] ERROR:  column "type" of relation "transactions" does not exist at character 39
2025-05-02 12:44:54.548 UTC [130] STATEMENT:  INSERT INTO Transactions (date, time, type, amount, name, ref, fee, remarks, created_at, updated_at)
	       VALUES ($1, $2, $3, $4, $5, $6, $7, $8, CURRENT_TIMESTAMP, CURRENT_TIMESTAMP)
	       RETURNING id
2025-05-02 12:44:54.916 UTC [131] ERROR:  column "type" of relation "transactions" does not exist at character 39
2025-05-02 12:44:54.916 UTC [131] STATEMENT:  INSERT INTO Transactions (date, time, type, amount, name, ref, fee, remarks, created_at, updated_at)
	       VALUES ($1, $2, $3, $4, $5, $6, $7, $8, CURRENT_TIMESTAMP, CURRENT_TIMESTAMP)
	       RETURNING id
2025-05-02 12:44:58.538 UTC [132] ERROR:  column "type" of relation "transactions" does not exist at character 39
2025-05-02 12:44:58.538 UTC [132] STATEMENT:  INSERT INTO Transactions (date, time, type, amount, name, ref, fee, remarks, created_at, updated_at)
	       VALUES ($1, $2, $3, $4, $5, $6, $7, $8, CURRENT_TIMESTAMP, CURRENT_TIMESTAMP)
	       RETURNING id
2025-05-02 12:48:17.432 UTC [28] LOG:  checkpoint starting: time
2025-05-02 12:48:19.363 UTC [28] LOG:  checkpoint complete: wrote 20 buffers (0.1%); 0 WAL file(s) added, 0 removed, 0 recycled; write=1.909 s, sync=0.007 s, total=1.932 s; sync files=17, longest=0.004 s, average=0.001 s; distance=76 kB, estimate=76 kB; lsn=0/19B5C38, redo lsn=0/19B5C00
2025-05-02 12:48:53.445 UTC [322] LOG:  statement: SELECT c.relname, NULL::pg_catalog.text FROM pg_catalog.pg_class c WHERE c.relkind IN ('r', 'S', 'v', 'm', 'f', 'p') AND (c.relname) LIKE 'tra%' AND pg_catalog.pg_table_is_visible(c.oid) AND c.relnamespace <> (SELECT oid FROM pg_catalog.pg_namespace WHERE nspname = 'pg_catalog')
	UNION ALL
	SELECT NULL::pg_catalog.text, n.nspname FROM pg_catalog.pg_namespace n WHERE n.nspname LIKE 'tra%' AND n.nspname NOT LIKE E'pg\\_%'
	LIMIT 1000
2025-05-02 12:48:54.567 UTC [322] LOG:  statement: select * from transactions;
2025-05-02 12:49:07.040 UTC [322] LOG:  statement: drop schema public cascade;
2025-05-02 12:49:11.727 UTC [322] LOG:  statement: create schema public;
2025-05-02 12:49:20.876 UTC [350] LOG:  statement: SELECT balance FROM CurrentBalance WHERE id = 1
2025-05-02 12:49:20.876 UTC [350] ERROR:  relation "currentbalance" does not exist at character 21
2025-05-02 12:49:20.876 UTC [350] STATEMENT:  SELECT balance FROM CurrentBalance WHERE id = 1
2025-05-02 12:49:20.877 UTC [351] ERROR:  relation "transactions" does not exist at character 15
2025-05-02 12:49:20.877 UTC [351] STATEMENT:  SELECT * FROM Transactions WHERE date = $1 ORDER BY id DESC
2025-05-02 12:49:20.877 UTC [352] LOG:  statement: SELECT * FROM Transactions ORDER BY id DESC LIMIT 1
2025-05-02 12:49:20.878 UTC [352] ERROR:  relation "transactions" does not exist at character 15
2025-05-02 12:49:20.878 UTC [352] STATEMENT:  SELECT * FROM Transactions ORDER BY id DESC LIMIT 1
2025-05-02 12:49:20.878 UTC [354] LOG:  statement: 
	      SELECT type, COUNT(*) as count
	      FROM Transactions
	      GROUP BY type
	    
2025-05-02 12:49:20.878 UTC [354] ERROR:  relation "transactions" does not exist at character 50
2025-05-02 12:49:20.878 UTC [354] STATEMENT:  
	      SELECT type, COUNT(*) as count
	      FROM Transactions
	      GROUP BY type
	    
2025-05-02 12:49:20.878 UTC [353] ERROR:  relation "transactions" does not exist at character 77
2025-05-02 12:49:20.878 UTC [353] STATEMENT:  
	      SELECT date, SUM(CAST(amount AS DECIMAL)) as total_amount
	      FROM Transactions
	      WHERE date >= $1
	      GROUP BY date
	      ORDER BY date ASC
	    
2025-05-02 12:49:20.899 UTC [355] LOG:  statement: SELECT * FROM Transactions ORDER BY id DESC LIMIT 1
2025-05-02 12:49:20.899 UTC [355] ERROR:  relation "transactions" does not exist at character 15
2025-05-02 12:49:20.899 UTC [355] STATEMENT:  SELECT * FROM Transactions ORDER BY id DESC LIMIT 1
2025-05-02 12:49:23.144 UTC [356] ERROR:  relation "transactions" does not exist at character 15
2025-05-02 12:49:23.144 UTC [356] STATEMENT:  SELECT * FROM Transactions WHERE date = $1 ORDER BY id DESC
2025-05-02 12:49:23.153 UTC [357] LOG:  statement: SELECT * FROM Transactions ORDER BY id DESC LIMIT 1
2025-05-02 12:49:23.153 UTC [357] ERROR:  relation "transactions" does not exist at character 15
2025-05-02 12:49:23.153 UTC [357] STATEMENT:  SELECT * FROM Transactions ORDER BY id DESC LIMIT 1
2025-05-02 12:49:28.402 UTC [366] LOG:  statement: DROP SCHEMA public CASCADE
2025-05-02 12:49:28.404 UTC [366] LOG:  statement: CREATE SCHEMA public
2025-05-02 12:49:28.560 UTC [367] LOG:  statement: SET statement_timeout = 0;
2025-05-02 12:49:28.560 UTC [367] LOG:  statement: SET lock_timeout = 0;
2025-05-02 12:49:28.560 UTC [367] LOG:  statement: SET idle_in_transaction_session_timeout = 0;
2025-05-02 12:49:28.560 UTC [367] LOG:  statement: SET client_encoding = 'UTF8';
2025-05-02 12:49:28.561 UTC [367] LOG:  statement: SET standard_conforming_strings = on;
2025-05-02 12:49:28.561 UTC [367] LOG:  statement: SELECT pg_catalog.set_config('search_path', '', false);
2025-05-02 12:49:28.562 UTC [367] LOG:  statement: SET check_function_bodies = false;
2025-05-02 12:49:28.562 UTC [367] LOG:  statement: SET xmloption = content;
2025-05-02 12:49:28.562 UTC [367] LOG:  statement: SET client_min_messages = warning;
2025-05-02 12:49:28.562 UTC [367] LOG:  statement: SET row_security = off;
2025-05-02 12:49:28.562 UTC [367] LOG:  statement: CREATE TYPE public.transaction_type AS ENUM (
	    'Cash In',
	    'Cash Out',
	    'Load'
	);
2025-05-02 12:49:28.564 UTC [367] LOG:  statement: ALTER TYPE public.transaction_type OWNER TO kfa;
2025-05-02 12:49:28.564 UTC [367] LOG:  statement: SET default_tablespace = '';
2025-05-02 12:49:28.565 UTC [367] LOG:  statement: SET default_table_access_method = heap;
2025-05-02 12:49:28.565 UTC [367] LOG:  statement: CREATE TABLE public.currentbalance (
	    id integer NOT NULL,
	    balance numeric DEFAULT 0.00 NOT NULL
	);
2025-05-02 12:49:28.571 UTC [367] LOG:  statement: ALTER TABLE public.currentbalance OWNER TO kfa;
2025-05-02 12:49:28.572 UTC [367] LOG:  statement: CREATE SEQUENCE public.currentbalance_id_seq
	    AS integer
	    START WITH 1
	    INCREMENT BY 1
	    NO MINVALUE
	    NO MAXVALUE
	    CACHE 1;
2025-05-02 12:49:28.574 UTC [367] LOG:  statement: ALTER SEQUENCE public.currentbalance_id_seq OWNER TO kfa;
2025-05-02 12:49:28.575 UTC [367] LOG:  statement: ALTER SEQUENCE public.currentbalance_id_seq OWNED BY public.currentbalance.id;
2025-05-02 12:49:28.576 UTC [367] LOG:  statement: CREATE TABLE public.transactions (
	    id integer NOT NULL,
	    date text NOT NULL,
	    "time" text NOT NULL,
	    type public.transaction_type NOT NULL,
	    amount text NOT NULL,
	    name text NOT NULL,
	    ref text NOT NULL,
	    fee text NOT NULL,
	    remarks text NOT NULL,
	    created_at timestamp without time zone DEFAULT CURRENT_TIMESTAMP,
	    updated_at timestamp without time zone DEFAULT CURRENT_TIMESTAMP
	);
2025-05-02 12:49:28.581 UTC [367] LOG:  statement: ALTER TABLE public.transactions OWNER TO kfa;
2025-05-02 12:49:28.583 UTC [367] LOG:  statement: CREATE SEQUENCE public.transactions_id_seq
	    AS integer
	    START WITH 1
	    INCREMENT BY 1
	    NO MINVALUE
	    NO MAXVALUE
	    CACHE 1;
2025-05-02 12:49:28.584 UTC [367] LOG:  statement: ALTER SEQUENCE public.transactions_id_seq OWNER TO kfa;
2025-05-02 12:49:28.586 UTC [367] LOG:  statement: ALTER SEQUENCE public.transactions_id_seq OWNED BY public.transactions.id;
2025-05-02 12:49:28.588 UTC [367] LOG:  statement: ALTER TABLE ONLY public.currentbalance ALTER COLUMN id SET DEFAULT nextval('public.currentbalance_id_seq'::regclass);
2025-05-02 12:49:28.589 UTC [367] LOG:  statement: ALTER TABLE ONLY public.transactions ALTER COLUMN id SET DEFAULT nextval('public.transactions_id_seq'::regclass);
2025-05-02 12:49:28.590 UTC [367] LOG:  statement: COPY public.currentbalance (id, balance) FROM stdin;
2025-05-02 12:49:28.592 UTC [367] LOG:  statement: COPY public.transactions (id, date, "time", type, amount, name, ref, fee, remarks, created_at, updated_at) FROM stdin;
2025-05-02 12:49:28.593 UTC [367] LOG:  statement: SELECT pg_catalog.setval('public.currentbalance_id_seq', 1, true);
2025-05-02 12:49:28.594 UTC [367] LOG:  statement: SELECT pg_catalog.setval('public.transactions_id_seq', 43, true);
2025-05-02 12:49:28.596 UTC [367] LOG:  statement: ALTER TABLE ONLY public.currentbalance
	    ADD CONSTRAINT currentbalance_pkey PRIMARY KEY (id);
2025-05-02 12:49:28.602 UTC [367] LOG:  statement: ALTER TABLE ONLY public.transactions
	    ADD CONSTRAINT transactions_pkey PRIMARY KEY (id);
2025-05-02 12:49:28.611 UTC [366] LOG:  statement: 
	      DO $$ 
	      BEGIN
	        IF EXISTS (SELECT 1 FROM pg_type WHERE typname = 'transaction_type') THEN
	          DROP TYPE transaction_type CASCADE;
	        END IF;
	        CREATE TYPE transaction_type AS ENUM ('Cash In', 'Cash Out', 'Load');
	      END $$;
	    
2025-05-02 12:49:28.615 UTC [366] LOG:  statement: 
	      CREATE TABLE IF NOT EXISTS Transactions (
	        id SERIAL PRIMARY KEY,
	        date TEXT NOT NULL,
	        time TEXT NOT NULL,
	        type transaction_type NOT NULL,
	        amount TEXT NOT NULL,
	        name TEXT NOT NULL,
	        ref TEXT NOT NULL,
	        fee TEXT NOT NULL,
	        remarks TEXT NOT NULL,
	        created_at TIMESTAMP DEFAULT CURRENT_TIMESTAMP,
	        updated_at TIMESTAMP DEFAULT CURRENT_TIMESTAMP
	      );
	    
2025-05-02 12:49:28.615 UTC [366] LOG:  statement: 
	      DO $$ 
	      BEGIN
	        IF NOT EXISTS (SELECT 1 FROM information_schema.columns 
	                       WHERE table_name = 'transactions' AND column_name = 'created_at') THEN
	          ALTER TABLE Transactions ADD COLUMN created_at TIMESTAMP DEFAULT CURRENT_TIMESTAMP;
	        END IF;
	        IF NOT EXISTS (SELECT 1 FROM information_schema.columns 
	                       WHERE table_name = 'transactions' AND column_name = 'updated_at') THEN
	          ALTER TABLE Transactions ADD COLUMN updated_at TIMESTAMP DEFAULT CURRENT_TIMESTAMP;
	        END IF;
	      END $$;
	    
2025-05-02 12:49:28.621 UTC [366] LOG:  statement: 
	      CREATE TABLE IF NOT EXISTS CurrentBalance (
	        id SERIAL PRIMARY KEY,
	        balance DECIMAL NOT NULL DEFAULT 0.00
	      );
	    
2025-05-02 12:49:28.621 UTC [366] LOG:  statement: SELECT * FROM CurrentBalance
2025-05-02 12:49:29.550 UTC [366] LOG:  statement: SELECT balance FROM CurrentBalance WHERE id = 1
2025-05-02 12:49:29.552 UTC [366] LOG:  execute <unnamed>: SELECT * FROM Transactions WHERE date = $1 ORDER BY id DESC
2025-05-02 12:49:29.552 UTC [366] DETAIL:  parameters: $1 = '2025-05-02'
2025-05-02 12:49:29.556 UTC [366] LOG:  execute <unnamed>: 
	      SELECT date, SUM(CAST(amount AS DECIMAL)) as total_amount
	      FROM Transactions
	      WHERE date >= $1
	      GROUP BY date
	      ORDER BY date ASC
	    
2025-05-02 12:49:29.556 UTC [366] DETAIL:  parameters: $1 = '2025-04-26'
2025-05-02 12:49:29.559 UTC [366] LOG:  statement: SELECT * FROM Transactions ORDER BY id DESC LIMIT 1
2025-05-02 12:49:29.565 UTC [370] LOG:  statement: 
	      SELECT type, COUNT(*) as count
	      FROM Transactions
	      GROUP BY type
	    
2025-05-02 12:49:29.565 UTC [370] ERROR:  column "type" does not exist at character 15
2025-05-02 12:49:29.565 UTC [370] HINT:  Perhaps you meant to reference the column "transactions.time".
2025-05-02 12:49:29.565 UTC [370] STATEMENT:  
	      SELECT type, COUNT(*) as count
	      FROM Transactions
	      GROUP BY type
	    
2025-05-02 12:49:29.565 UTC [368] LOG:  statement: 
	      SELECT COUNT(DISTINCT name) AS total_users
	      FROM Transactions
	    
2025-05-02 12:49:29.566 UTC [369] ERROR:  column "type" does not exist at character 52
2025-05-02 12:49:29.566 UTC [369] HINT:  Perhaps you meant to reference the column "transactions.time".
2025-05-02 12:49:29.566 UTC [369] STATEMENT:  
	      SELECT 
	        name,
	        SUM(CASE WHEN type = 'Cash In' THEN 1 ELSE 0 END) AS cash_in_count,
	        SUM(CASE WHEN type = 'Cash Out' THEN 1 ELSE 0 END) AS cash_out_count,
	        SUM(CASE WHEN type = 'Load' THEN 1 ELSE 0 END) AS load_count,
	        MAX(date) AS last_transaction
	      FROM Transactions
	    
	      GROUP BY name
	      ORDER BY name ASC
	      LIMIT $1 OFFSET $2
	    
2025-05-02 12:49:29.566 UTC [371] LOG:  statement: 
	      SELECT 
	        TO_CHAR(TO_DATE(date, 'YYYY-MM-DD'), 'YYYY-MM') AS month,
	        COUNT(*) AS total_transactions,
	        SUM(CAST(amount AS DECIMAL)) AS total_amount,
	        SUM(CAST(fee AS DECIMAL)) AS total_fee
	      FROM Transactions
	      GROUP BY TO_CHAR(TO_DATE(date, 'YYYY-MM-DD'), 'YYYY-MM')
	      ORDER BY month DESC
	    
2025-05-02 12:49:29.574 UTC [372] LOG:  execute <unnamed>: 
	      SELECT SUM(CAST(fee AS DECIMAL)) AS total_fee
	      FROM Transactions
	      WHERE TO_CHAR(TO_DATE(date, 'YYYY-MM-DD'), 'YYYY-MM') = $1
	    
2025-05-02 12:49:29.574 UTC [372] DETAIL:  parameters: $1 = '2025-04'
2025-05-02 12:49:29.575 UTC [372] LOG:  execute <unnamed>: 
	      SELECT SUM(CAST(fee AS DECIMAL)) AS total_fee
	      FROM Transactions
	      WHERE TO_CHAR(TO_DATE(date, 'YYYY-MM-DD'), 'YYYY-MM') = $1
	    
2025-05-02 12:49:29.575 UTC [372] DETAIL:  parameters: $1 = '2025-03'
2025-05-02 12:49:30.669 UTC [372] LOG:  execute <unnamed>: SELECT * FROM Transactions WHERE date = $1 ORDER BY id DESC
2025-05-02 12:49:30.669 UTC [372] DETAIL:  parameters: $1 = '2025-05-02'
2025-05-02 12:49:30.674 UTC [372] LOG:  statement: SELECT * FROM Transactions ORDER BY id DESC LIMIT 1
2025-05-02 12:49:32.431 UTC [372] LOG:  execute <unnamed>: SELECT * FROM Transactions WHERE date = $1 ORDER BY id DESC
2025-05-02 12:49:32.431 UTC [372] DETAIL:  parameters: $1 = '2025-05-02'
2025-05-02 12:49:32.436 UTC [372] LOG:  statement: SELECT * FROM Transactions ORDER BY id DESC LIMIT 1
2025-05-02 12:49:32.807 UTC [372] LOG:  statement: SELECT balance FROM CurrentBalance WHERE id = 1
2025-05-02 12:49:32.807 UTC [371] LOG:  execute <unnamed>: SELECT * FROM Transactions WHERE date = $1 ORDER BY id DESC
2025-05-02 12:49:32.807 UTC [371] DETAIL:  parameters: $1 = '2025-05-02'
2025-05-02 12:49:32.808 UTC [366] LOG:  statement: 
	      SELECT type, COUNT(*) as count
	      FROM Transactions
	      GROUP BY type
	    
2025-05-02 12:49:32.808 UTC [368] LOG:  execute <unnamed>: 
	      SELECT date, SUM(CAST(amount AS DECIMAL)) as total_amount
	      FROM Transactions
	      WHERE date >= $1
	      GROUP BY date
	      ORDER BY date ASC
	    
2025-05-02 12:49:32.808 UTC [368] DETAIL:  parameters: $1 = '2025-04-26'
2025-05-02 12:49:32.808 UTC [366] ERROR:  column "type" does not exist at character 15
2025-05-02 12:49:32.808 UTC [366] HINT:  Perhaps you meant to reference the column "transactions.time".
2025-05-02 12:49:32.808 UTC [366] STATEMENT:  
	      SELECT type, COUNT(*) as count
	      FROM Transactions
	      GROUP BY type
	    
2025-05-02 12:49:32.829 UTC [368] LOG:  statement: SELECT * FROM Transactions ORDER BY id DESC LIMIT 1
2025-05-02 12:53:17.383 UTC [28] LOG:  checkpoint starting: time
2025-05-02 12:53:22.535 UTC [28] LOG:  checkpoint complete: wrote 52 buffers (0.3%); 0 WAL file(s) added, 0 removed, 0 recycled; write=5.132 s, sync=0.012 s, total=5.153 s; sync files=46, longest=0.003 s, average=0.001 s; distance=241 kB, estimate=241 kB; lsn=0/19F2308, redo lsn=0/19F22D0
2025-05-02 12:57:31.701 UTC [717] LOG:  statement: select * from transactions;
2025-05-02 12:56:42.041 UTC [717] LOG:  statement: drop schema public cascade;
2025-05-02 12:56:43.751 UTC [717] LOG:  statement: create schema public;
2025-05-02 12:56:48.303 UTC [735] LOG:  statement: SET statement_timeout = 0;
2025-05-02 12:56:48.304 UTC [735] LOG:  statement: SET lock_timeout = 0;
2025-05-02 12:56:48.304 UTC [735] LOG:  statement: SET idle_in_transaction_session_timeout = 0;
2025-05-02 12:56:48.304 UTC [735] LOG:  statement: SET client_encoding = 'UTF8';
2025-05-02 12:56:48.304 UTC [735] LOG:  statement: SET standard_conforming_strings = on;
2025-05-02 12:56:48.304 UTC [735] LOG:  statement: SELECT pg_catalog.set_config('search_path', '', false);
2025-05-02 12:56:48.305 UTC [735] LOG:  statement: SET check_function_bodies = false;
2025-05-02 12:56:48.306 UTC [735] LOG:  statement: SET xmloption = content;
2025-05-02 12:56:48.306 UTC [735] LOG:  statement: SET client_min_messages = warning;
2025-05-02 12:56:48.306 UTC [735] LOG:  statement: SET row_security = off;
2025-05-02 12:56:48.306 UTC [735] LOG:  statement: CREATE TYPE public.transaction_type AS ENUM (
	    'Cash In',
	    'Cash Out',
	    'Load'
	);
2025-05-02 12:56:48.308 UTC [735] LOG:  statement: ALTER TYPE public.transaction_type OWNER TO kfa;
2025-05-02 12:56:48.308 UTC [735] LOG:  statement: SET default_tablespace = '';
2025-05-02 12:56:48.308 UTC [735] LOG:  statement: SET default_table_access_method = heap;
2025-05-02 12:56:48.309 UTC [735] LOG:  statement: CREATE TABLE public.currentbalance (
	    id integer NOT NULL,
	    balance numeric DEFAULT 0.00 NOT NULL
	);
2025-05-02 12:56:48.316 UTC [735] LOG:  statement: ALTER TABLE public.currentbalance OWNER TO kfa;
2025-05-02 12:56:48.317 UTC [735] LOG:  statement: CREATE SEQUENCE public.currentbalance_id_seq
	    AS integer
	    START WITH 1
	    INCREMENT BY 1
	    NO MINVALUE
	    NO MAXVALUE
	    CACHE 1;
2025-05-02 12:56:48.319 UTC [735] LOG:  statement: ALTER SEQUENCE public.currentbalance_id_seq OWNER TO kfa;
2025-05-02 12:56:48.320 UTC [735] LOG:  statement: ALTER SEQUENCE public.currentbalance_id_seq OWNED BY public.currentbalance.id;
2025-05-02 12:56:48.322 UTC [735] LOG:  statement: CREATE TABLE public.transactions (
	    id integer NOT NULL,
	    date text NOT NULL,
	    "time" text NOT NULL,
	    type public.transaction_type NOT NULL,
	    amount text NOT NULL,
	    name text NOT NULL,
	    ref text NOT NULL,
	    fee text NOT NULL,
	    remarks text NOT NULL,
	    created_at timestamp without time zone DEFAULT CURRENT_TIMESTAMP,
	    updated_at timestamp without time zone DEFAULT CURRENT_TIMESTAMP
	);
2025-05-02 12:56:48.327 UTC [735] LOG:  statement: ALTER TABLE public.transactions OWNER TO kfa;
2025-05-02 12:56:48.329 UTC [735] LOG:  statement: CREATE SEQUENCE public.transactions_id_seq
	    AS integer
	    START WITH 1
	    INCREMENT BY 1
	    NO MINVALUE
	    NO MAXVALUE
	    CACHE 1;
2025-05-02 12:56:48.330 UTC [735] LOG:  statement: ALTER SEQUENCE public.transactions_id_seq OWNER TO kfa;
2025-05-02 12:56:48.349 UTC [735] LOG:  statement: ALTER SEQUENCE public.transactions_id_seq OWNED BY public.transactions.id;
2025-05-02 12:56:48.351 UTC [735] LOG:  statement: ALTER TABLE ONLY public.currentbalance ALTER COLUMN id SET DEFAULT nextval('public.currentbalance_id_seq'::regclass);
2025-05-02 12:56:48.353 UTC [735] LOG:  statement: ALTER TABLE ONLY public.transactions ALTER COLUMN id SET DEFAULT nextval('public.transactions_id_seq'::regclass);
2025-05-02 12:56:48.354 UTC [735] LOG:  statement: COPY public.currentbalance (id, balance) FROM stdin;
2025-05-02 12:56:48.356 UTC [735] LOG:  statement: COPY public.transactions (id, date, "time", type, amount, name, ref, fee, remarks, created_at, updated_at) FROM stdin;
2025-05-02 12:56:48.357 UTC [735] LOG:  statement: SELECT pg_catalog.setval('public.currentbalance_id_seq', 1, true);
2025-05-02 12:56:48.358 UTC [735] LOG:  statement: SELECT pg_catalog.setval('public.transactions_id_seq', 43, true);
2025-05-02 12:56:48.360 UTC [735] LOG:  statement: ALTER TABLE ONLY public.currentbalance
	    ADD CONSTRAINT currentbalance_pkey PRIMARY KEY (id);
2025-05-02 12:56:48.364 UTC [735] LOG:  statement: ALTER TABLE ONLY public.transactions
	    ADD CONSTRAINT transactions_pkey PRIMARY KEY (id);
2025-05-02 12:56:54.424 UTC [737] LOG:  statement: select * from transactions;
2025-05-02 12:57:51.845 UTC [738] LOG:  statement: SELECT balance FROM CurrentBalance WHERE id = 1
2025-05-02 12:57:51.847 UTC [740] LOG:  statement: SELECT * FROM Transactions ORDER BY id DESC LIMIT 1
2025-05-02 12:57:51.847 UTC [742] LOG:  statement: 
	      SELECT type, COUNT(*) as count
	      FROM Transactions
	      GROUP BY type
	    
2025-05-02 12:57:51.848 UTC [739] LOG:  execute <unnamed>: SELECT * FROM Transactions WHERE date = $1 ORDER BY id DESC
2025-05-02 12:57:51.848 UTC [739] DETAIL:  parameters: $1 = '2025-05-02'
2025-05-02 12:57:51.849 UTC [741] LOG:  execute <unnamed>: 
	      SELECT date, SUM(CAST(amount AS DECIMAL)) as total_amount
	      FROM Transactions
	      WHERE date >= $1
	      GROUP BY date
	      ORDER BY date ASC
	    
2025-05-02 12:57:51.849 UTC [741] DETAIL:  parameters: $1 = '2025-04-26'
2025-05-02 12:57:51.855 UTC [742] LOG:  statement: SELECT * FROM Transactions ORDER BY id DESC LIMIT 1
2025-05-02 12:58:17.560 UTC [28] LOG:  checkpoint starting: time
2025-05-02 12:58:22.720 UTC [28] LOG:  checkpoint complete: wrote 52 buffers (0.3%); 0 WAL file(s) added, 0 removed, 0 recycled; write=5.138 s, sync=0.012 s, total=5.161 s; sync files=46, longest=0.003 s, average=0.001 s; distance=245 kB, estimate=245 kB; lsn=0/1A2F7B8, redo lsn=0/1A2F780
2025-05-02 13:18:57.032 UTC [1] LOG:  received fast shutdown request
2025-05-02 13:18:57.039 UTC [1] LOG:  aborting any active transactions
2025-05-02 13:18:57.041 UTC [43] FATAL:  terminating connection due to administrator command
2025-05-02 13:18:57.041 UTC [1] LOG:  background worker "logical replication launcher" (PID 33) exited with exit code 1
2025-05-02 13:18:57.043 UTC [28] LOG:  shutting down
2025-05-02 13:18:57.046 UTC [28] LOG:  checkpoint starting: shutdown immediate
2025-05-02 13:18:57.058 UTC [28] LOG:  checkpoint complete: wrote 0 buffers (0.0%); 0 WAL file(s) added, 0 removed, 0 recycled; write=0.001 s, sync=0.001 s, total=0.015 s; sync files=0, longest=0.000 s, average=0.000 s; distance=0 kB, estimate=220 kB; lsn=0/1A2F868, redo lsn=0/1A2F868
2025-05-02 13:18:57.063 UTC [1] LOG:  database system is shut down
