2025-05-15 16:29:35.713 UTC [1] LOG:  starting PostgreSQL 16.8 (Debian 16.8-1.pgdg120+1) on x86_64-pc-linux-gnu, compiled by gcc (Debian 12.2.0-14) 12.2.0, 64-bit
2025-05-15 16:29:35.714 UTC [1] LOG:  listening on IPv4 address "0.0.0.0", port 5432
2025-05-15 16:29:35.714 UTC [1] LOG:  listening on IPv6 address "::", port 5432
2025-05-15 16:29:35.720 UTC [1] LOG:  listening on Unix socket "/var/run/postgresql/.s.PGSQL.5432"
2025-05-15 16:29:35.728 UTC [30] LOG:  database system was shut down at 2025-05-15 16:28:09 UTC
2025-05-15 16:29:35.746 UTC [1] LOG:  database system is ready to accept connections
2025-05-15 16:29:47.069 UTC [42] LOG:  statement: 
	      SELECT EXISTS (
	        SELECT 1 FROM pg_type WHERE typname = 'transaction_type'
	      ) AS type_exists;
	    
2025-05-15 16:29:47.086 UTC [42] LOG:  statement: 
	        SELECT e.enumlabel
	        FROM pg_enum e
	        JOIN pg_type t ON e.enumtypid = t.oid
	        WHERE t.typname = 'transaction_type'
	        ORDER BY e.enumsortorder;
	      
2025-05-15 16:29:47.092 UTC [42] LOG:  statement: 
	      CREATE TABLE IF NOT EXISTS Transactions (
	        id SERIAL PRIMARY KEY,
	        date TEXT NOT NULL,
	        time TEXT NOT NULL,
	        type transaction_type NOT NULL,
	        amount TEXT NOT NULL,
	        name TEXT NOT NULL,
	        ref TEXT NOT NULL,
	        fee TEXT NOT NULL,
	        remarks TEXT NOT NULL,
	        created_at TIMESTAMP DEFAULT CURRENT_TIMESTAMP,
	        updated_at TIMESTAMP DEFAULT CURRENT_TIMESTAMP
	      );
	    
2025-05-15 16:29:47.094 UTC [42] LOG:  statement: 
	      DO $$ 
	      BEGIN
	        IF NOT EXISTS (SELECT 1 FROM information_schema.columns 
	                       WHERE table_name = 'transactions' AND column_name = 'created_at') THEN
	          ALTER TABLE Transactions ADD COLUMN created_at TIMESTAMP DEFAULT CURRENT_TIMESTAMP;
	        END IF;
	        IF NOT EXISTS (SELECT 1 FROM information_schema.columns 
	                       WHERE table_name = 'transactions' AND column_name = 'updated_at') THEN
	          ALTER TABLE Transactions ADD COLUMN updated_at TIMESTAMP DEFAULT CURRENT_TIMESTAMP;
	        END IF;
	      END $$;
	    
2025-05-15 16:29:47.120 UTC [42] LOG:  statement: 
	      CREATE TABLE IF NOT EXISTS CurrentBalance (
	        id SERIAL PRIMARY KEY,
	        balance DECIMAL NOT NULL DEFAULT 0.00
	      );
	    
2025-05-15 16:29:47.120 UTC [42] LOG:  statement: SELECT * FROM CurrentBalance
2025-05-15 16:29:51.164 UTC [42] LOG:  statement: SELECT balance FROM CurrentBalance WHERE id = 1
2025-05-15 16:29:51.182 UTC [42] LOG:  statement: SELECT * FROM Transactions ORDER BY id DESC LIMIT 1
2025-05-15 16:29:51.193 UTC [44] LOG:  execute <unnamed>: SELECT * FROM Transactions WHERE date = $1 ORDER BY id DESC
2025-05-15 16:29:51.193 UTC [44] DETAIL:  parameters: $1 = '2025-05-16'
2025-05-15 16:29:51.193 UTC [46] LOG:  statement: 
	      SELECT 
	        type,
	        COUNT(*) AS count
	      FROM Transactions
	      GROUP BY type
	    
2025-05-15 16:29:51.196 UTC [45] LOG:  execute <unnamed>: 
	      SELECT 
	        date,
	        SUM(CAST(amount AS DECIMAL)) AS total_amount
	      FROM Transactions
	      WHERE date >= $1 AND date <= $2
	      GROUP BY date
	      ORDER BY date ASC
	    
2025-05-15 16:29:51.196 UTC [45] DETAIL:  parameters: $1 = '2025-05-09', $2 = '2025-05-16'
2025-05-15 16:29:51.203 UTC [45] LOG:  statement: SELECT * FROM Transactions ORDER BY id DESC LIMIT 1
2025-05-15 16:29:52.665 UTC [45] LOG:  execute <unnamed>: SELECT * FROM Transactions WHERE date = $1 ORDER BY id DESC
2025-05-15 16:29:52.665 UTC [45] DETAIL:  parameters: $1 = '2025-05-16'
2025-05-15 16:29:52.671 UTC [45] LOG:  statement: SELECT * FROM Transactions ORDER BY id DESC LIMIT 1
2025-05-15 16:29:54.792 UTC [46] LOG:  statement: 
	      SELECT 
	        TO_CHAR(TO_DATE(date, 'YYYY-MM-DD'), 'YYYY-MM') AS month,
	        COUNT(*) AS total_transactions,
	        SUM(CAST(amount AS DECIMAL)) AS total_amount,
	        SUM(CAST(fee AS DECIMAL)) AS total_fee
	      FROM Transactions
	      GROUP BY TO_CHAR(TO_DATE(date, 'YYYY-MM-DD'), 'YYYY-MM')
	      ORDER BY month DESC
	    
2025-05-15 16:29:54.793 UTC [44] LOG:  statement: 
	      SELECT 
	        COALESCE(SUM(CASE 
	          WHEN TO_CHAR(TO_DATE(date, 'YYYY-MM-DD'), 'YYYY-MM') = TO_CHAR(CURRENT_DATE, 'YYYY-MM') 
	          THEN CAST(fee AS DECIMAL) 
	          ELSE 0 
	        END), 0) AS this_month_fee,
	        COALESCE(SUM(CASE 
	          WHEN TO_CHAR(TO_DATE(date, 'YYYY-MM-DD'), 'YYYY-MM') = TO_CHAR(CURRENT_DATE - INTERVAL '1 month', 'YYYY-MM') 
	          THEN CAST(fee AS DECIMAL) 
	          ELSE 0 
	        END), 0) AS last_month_fee,
	        TO_CHAR(CURRENT_DATE, 'MMMM YYYY') AS this_month_name,
	        TO_CHAR(CURRENT_DATE - INTERVAL '1 month', 'MMMM YYYY') AS last_month_name
	      FROM Transactions
	      WHERE TO_CHAR(TO_DATE(date, 'YYYY-MM-DD'), 'YYYY-MM') IN (
	        TO_CHAR(CURRENT_DATE, 'YYYY-MM'),
	        TO_CHAR(CURRENT_DATE - INTERVAL '1 month', 'YYYY-MM')
	      );
	    
2025-05-15 16:29:54.794 UTC [45] LOG:  execute <unnamed>: 
	      SELECT 
	        name,
	        SUM(CASE WHEN type = 'Cash In' THEN 1 ELSE 0 END) AS cash_in,
	        SUM(CASE WHEN type = 'Cash Out' THEN 1 ELSE 0 END) AS cash_out,
	        SUM(CASE WHEN type = 'Load' THEN 1 ELSE 0 END) AS load,
	        SUM(CAST(fee AS DECIMAL)) AS total_fee,
	        MAX(updated_at) AS last_transaction
	      FROM Transactions
	    
	      GROUP BY name
	      ORDER BY name ASC
	      LIMIT $1 OFFSET $2
	    
2025-05-15 16:29:54.794 UTC [45] DETAIL:  parameters: $1 = '10', $2 = '0'
2025-05-15 16:29:54.795 UTC [45] LOG:  statement: SELECT COUNT(DISTINCT name) AS total FROM Transactions
2025-05-15 16:30:22.401 UTC [71] LOG:  statement: SELECT balance FROM CurrentBalance WHERE id = 1
2025-05-15 16:30:22.401 UTC [73] LOG:  statement: SELECT * FROM Transactions ORDER BY id DESC LIMIT 1
2025-05-15 16:30:22.401 UTC [72] LOG:  execute <unnamed>: SELECT * FROM Transactions WHERE date = $1 ORDER BY id DESC
2025-05-15 16:30:22.401 UTC [72] DETAIL:  parameters: $1 = '2025-05-16'
2025-05-15 16:30:22.402 UTC [74] LOG:  execute <unnamed>: 
	      SELECT 
	        date,
	        SUM(CAST(amount AS DECIMAL)) AS total_amount
	      FROM Transactions
	      WHERE date >= $1 AND date <= $2
	      GROUP BY date
	      ORDER BY date ASC
	    
2025-05-15 16:30:22.402 UTC [74] DETAIL:  parameters: $1 = '2025-05-09', $2 = '2025-05-16'
2025-05-15 16:30:22.403 UTC [75] LOG:  statement: 
	      SELECT 
	        type,
	        COUNT(*) AS count
	      FROM Transactions
	      GROUP BY type
	    
2025-05-15 16:30:22.411 UTC [75] LOG:  statement: SELECT * FROM Transactions ORDER BY id DESC LIMIT 1
2025-05-15 16:30:23.763 UTC [75] LOG:  execute <unnamed>: SELECT * FROM Transactions WHERE date = $1 ORDER BY id DESC
2025-05-15 16:30:23.763 UTC [75] DETAIL:  parameters: $1 = '2025-05-16'
2025-05-15 16:30:23.770 UTC [75] LOG:  statement: SELECT * FROM Transactions ORDER BY id DESC LIMIT 1
2025-05-15 16:31:28.987 UTC [74] LOG:  statement: 
	      SELECT 
	        TO_CHAR(TO_DATE(date, 'YYYY-MM-DD'), 'YYYY-MM') AS month,
	        COUNT(*) AS total_transactions,
	        SUM(CAST(amount AS DECIMAL)) AS total_amount,
	        SUM(CAST(fee AS DECIMAL)) AS total_fee
	      FROM Transactions
	      GROUP BY TO_CHAR(TO_DATE(date, 'YYYY-MM-DD'), 'YYYY-MM')
	      ORDER BY month DESC
	    
2025-05-15 16:31:28.987 UTC [72] LOG:  statement: 
	      SELECT 
	        COALESCE(SUM(CASE 
	          WHEN TO_CHAR(TO_DATE(date, 'YYYY-MM-DD'), 'YYYY-MM') = TO_CHAR(CURRENT_DATE, 'YYYY-MM') 
	          THEN CAST(fee AS DECIMAL) 
	          ELSE 0 
	        END), 0) AS this_month_fee,
	        COALESCE(SUM(CASE 
	          WHEN TO_CHAR(TO_DATE(date, 'YYYY-MM-DD'), 'YYYY-MM') = TO_CHAR(CURRENT_DATE - INTERVAL '1 month', 'YYYY-MM') 
	          THEN CAST(fee AS DECIMAL) 
	          ELSE 0 
	        END), 0) AS last_month_fee,
	        TO_CHAR(CURRENT_DATE, 'MMMM YYYY') AS this_month_name,
	        TO_CHAR(CURRENT_DATE - INTERVAL '1 month', 'MMMM YYYY') AS last_month_name
	      FROM Transactions
	      WHERE TO_CHAR(TO_DATE(date, 'YYYY-MM-DD'), 'YYYY-MM') IN (
	        TO_CHAR(CURRENT_DATE, 'YYYY-MM'),
	        TO_CHAR(CURRENT_DATE - INTERVAL '1 month', 'YYYY-MM')
	      );
	    
2025-05-15 16:31:28.988 UTC [75] LOG:  execute <unnamed>: 
	      SELECT 
	        name,
	        SUM(CASE WHEN type = 'Cash In' THEN 1 ELSE 0 END) AS cash_in,
	        SUM(CASE WHEN type = 'Cash Out' THEN 1 ELSE 0 END) AS cash_out,
	        SUM(CASE WHEN type = 'Load' THEN 1 ELSE 0 END) AS load,
	        SUM(CAST(fee AS DECIMAL)) AS total_fee,
	        MAX(updated_at) AS last_transaction
	      FROM Transactions
	    
	      GROUP BY name
	      ORDER BY name ASC
	      LIMIT $1 OFFSET $2
	    
2025-05-15 16:31:28.988 UTC [75] DETAIL:  parameters: $1 = '10', $2 = '0'
2025-05-15 16:31:28.989 UTC [75] LOG:  statement: SELECT COUNT(DISTINCT name) AS total FROM Transactions
2025-05-15 16:31:26.283 UTC [134] FATAL:  could not open file "global/pg_filenode.map": No such file or directory
2025-05-15 16:31:35.826 UTC [135] FATAL:  could not open file "global/pg_filenode.map": No such file or directory
2025-05-15 16:31:36.361 UTC [143] FATAL:  could not open file "global/pg_filenode.map": No such file or directory
2025-05-15 16:31:45.843 UTC [1] LOG:  received fast shutdown request
2025-05-15 16:31:45.843 UTC [1] LOG:  could not open file "postmaster.pid": No such file or directory
2025-05-15 16:31:45.843 UTC [1] LOG:  aborting any active transactions
2025-05-15 16:31:45.845 UTC [1] LOG:  background worker "logical replication launcher" (PID 33) exited with exit code 1
2025-05-15 16:31:45.847 UTC [28] LOG:  shutting down
2025-05-15 16:31:45.847 UTC [28] PANIC:  could not open file "/var/lib/postgresql/data/global/pg_control": No such file or directory
2025-05-15 16:31:46.404 UTC [151] FATAL:  the database system is shutting down
2025-05-15 16:31:46.647 UTC [1] LOG:  checkpointer process (PID 28) was terminated by signal 6: Aborted
2025-05-15 16:31:46.647 UTC [1] LOG:  terminating any other active server processes
2025-05-15 16:31:46.647 UTC [1] LOG:  abnormal database system shutdown
2025-05-15 16:31:46.664 UTC [1] LOG:  database system is shut down
