2025-05-02 13:19:02.731 UTC [1] LOG:  starting PostgreSQL 16.8 (Debian 16.8-1.pgdg120+1) on x86_64-pc-linux-gnu, compiled by gcc (Debian 12.2.0-14) 12.2.0, 64-bit
2025-05-02 13:19:02.732 UTC [1] LOG:  listening on IPv4 address "0.0.0.0", port 5432
2025-05-02 13:19:02.732 UTC [1] LOG:  listening on IPv6 address "::", port 5432
2025-05-02 13:19:02.737 UTC [1] LOG:  listening on Unix socket "/var/run/postgresql/.s.PGSQL.5432"
2025-05-02 13:19:02.745 UTC [31] LOG:  database system was shut down at 2025-05-02 13:18:57 UTC
2025-05-02 13:19:02.752 UTC [1] LOG:  database system is ready to accept connections
2025-05-02 13:19:02.877 UTC [36] LOG:  statement: 
	      DO $$ 
	      BEGIN
	        IF EXISTS (SELECT 1 FROM pg_type WHERE typname = 'transaction_type') THEN
	          DROP TYPE transaction_type CASCADE;
	        END IF;
	        CREATE TYPE transaction_type AS ENUM ('Cash In', 'Cash Out', 'Load');
	      END $$;
	    
2025-05-02 13:19:02.900 UTC [36] LOG:  statement: 
	      CREATE TABLE IF NOT EXISTS Transactions (
	        id SERIAL PRIMARY KEY,
	        date TEXT NOT NULL,
	        time TEXT NOT NULL,
	        type transaction_type NOT NULL,
	        amount TEXT NOT NULL,
	        name TEXT NOT NULL,
	        ref TEXT NOT NULL,
	        fee TEXT NOT NULL,
	        remarks TEXT NOT NULL,
	        created_at TIMESTAMP DEFAULT CURRENT_TIMESTAMP,
	        updated_at TIMESTAMP DEFAULT CURRENT_TIMESTAMP
	      );
	    
2025-05-02 13:19:02.900 UTC [36] LOG:  statement: 
	      DO $$ 
	      BEGIN
	        IF NOT EXISTS (SELECT 1 FROM information_schema.columns 
	                       WHERE table_name = 'transactions' AND column_name = 'created_at') THEN
	          ALTER TABLE Transactions ADD COLUMN created_at TIMESTAMP DEFAULT CURRENT_TIMESTAMP;
	        END IF;
	        IF NOT EXISTS (SELECT 1 FROM information_schema.columns 
	                       WHERE table_name = 'transactions' AND column_name = 'updated_at') THEN
	          ALTER TABLE Transactions ADD COLUMN updated_at TIMESTAMP DEFAULT CURRENT_TIMESTAMP;
	        END IF;
	      END $$;
	    
2025-05-02 13:19:02.920 UTC [36] LOG:  statement: 
	      CREATE TABLE IF NOT EXISTS CurrentBalance (
	        id SERIAL PRIMARY KEY,
	        balance DECIMAL NOT NULL DEFAULT 0.00
	      );
	    
2025-05-02 13:19:02.921 UTC [36] LOG:  statement: SELECT * FROM CurrentBalance
2025-05-02 13:19:44.633 UTC [70] LOG:  statement: select * from transactions;
2025-05-02 13:24:02.880 UTC [29] LOG:  checkpoint starting: time
2025-05-02 13:24:04.506 UTC [29] LOG:  checkpoint complete: wrote 19 buffers (0.1%); 0 WAL file(s) added, 0 removed, 0 recycled; write=1.609 s, sync=0.007 s, total=1.626 s; sync files=16, longest=0.003 s, average=0.001 s; distance=81 kB, estimate=81 kB; lsn=0/1A44068, redo lsn=0/1A44030
2025-05-02 13:41:39.442 UTC [1] LOG:  received fast shutdown request
2025-05-02 13:41:39.445 UTC [1] LOG:  aborting any active transactions
2025-05-02 13:41:39.448 UTC [1] LOG:  background worker "logical replication launcher" (PID 34) exited with exit code 1
2025-05-02 13:41:39.449 UTC [29] LOG:  shutting down
2025-05-02 13:41:39.451 UTC [29] LOG:  checkpoint starting: shutdown immediate
2025-05-02 13:41:39.462 UTC [29] LOG:  checkpoint complete: wrote 0 buffers (0.0%); 0 WAL file(s) added, 0 removed, 0 recycled; write=0.001 s, sync=0.001 s, total=0.014 s; sync files=0, longest=0.000 s, average=0.000 s; distance=0 kB, estimate=73 kB; lsn=0/1A44118, redo lsn=0/1A44118
2025-05-02 13:41:39.466 UTC [1] LOG:  database system is shut down
